<?xml version="1.0" encoding="UTF-8"?>
<testsuites name="Presentation" time="138" tests="6" failures="2" errors="0">
   <testsuite name="Presentation" tests="6" failures="2" errors="0" time="138" timestamp="2018-04-11 09:51:06" hostname="Dikshita - RSSPL43.Remote.local" id="Test Suites/Presentation">
      <properties>
         <property name="deviceName" value=""/>
         <property name="devicePlatform" value=""/>
         <property name="logFolder" value="C:\\Users\\Dikshita\\git\\imscanredev\\Reports\\Presentation\\20180411_095103"/>
         <property name="logFiles" value="C:\\Users\\Dikshita\\git\\imscanredev\\Reports\\Presentation\\20180411_095103\\execution0.log"/>
         <property name="attachments" value="C:\\Users\\Dikshita\\git\\imscanredev\\Reports\\Presentation\\20180411_095103\\1523420497593.png, C:\\Users\\Dikshita\\git\\imscanredev\\Reports\\Presentation\\20180411_095103\\1523420497998.png, C:\\Users\\Dikshita\\git\\imscanredev\\Reports\\Presentation\\20180411_095103\\1523420518755.png, C:\\Users\\Dikshita\\git\\imscanredev\\Reports\\Presentation\\20180411_095103\\1523420519076.png"/>
         <property name="hostName" value="Dikshita - RSSPL43.Remote.local"/>
         <property name="os" value="Windows 10 64bit"/>
         <property name="katalonVersion" value="5.3.1.1"/>
         <property name="browser" value="Chrome 65.0.3325.181"/>
         <property name="hostAddress" value="192.168.25.135"/>
         <property name="sessionId" value="fa1dee8a70ac0424072451dd52d84e44"/>
         <property name="seleniumVersion" value="3.7.1"/>
         <property name="proxyInformation" value="ProxyInformation{proxyOption=NO_PROXY, proxyServerType=HTTP, password=, proxyServerAddress=, proxyServerPort=0}"/>
         <property name="platform" value="Windows 10"/>
      </properties>
      <testcase name="Test Cases/Smoke/TC-09" classname="Test Cases/Smoke/TC-09" status="FAILED">
         <failure type="FAILED" message="Unable to verify object 'Object Repository/Create_a_New_Dept/VerfiyHomePageDisplayed' is present (Root cause: com.kms.katalon.core.webui.exception.WebElementNotFoundException: Web element with id: 'Object Repository/Create_a_New_Dept/VerfiyHomePageDisplayed' located by 'By.xpath: //div[text()='Home']' not found)"/>
         <system-out><![CDATA[2018-04-11 09:51:07 - [TEST_CASE][FAILED] - Test Cases/Smoke/TC-09: Test Cases/Smoke/TC-09 FAILED because (of) Unable to verify object 'Object Repository/Create_a_New_Dept/VerfiyHomePageDisplayed' is present (Root cause: com.kms.katalon.core.webui.exception.WebElementNotFoundException: Web element with id: 'Object Repository/Create_a_New_Dept/VerfiyHomePageDisplayed' located by 'By.xpath: //div[text()='Home']' not found)

2018-04-11 09:51:07 - [TEST_STEP][PASSED] - Start listener action : BeforeTestCaseOpenBrowser: Invoke 'com.kms.katalon.core.annotation.BeforeTestCase' method: 'ImScan.BeforeTestCaseOpenBrowser(...)' completed.

2018-04-11 09:51:07 - [TEST_STEP][PASSED] - openBrowser: Browser is opened with url: 'http://192.168.30.101/CSSIMSCANUI/Login/Index'

2018-04-11 09:51:32 - [MESSAGE][PASSED] - Browser is opened with url: 'http://192.168.30.101/CSSIMSCANUI/Login/Index'

2018-04-11 09:51:32 - [TEST_STEP][PASSED] - maximizeWindow: Current window maximized

2018-04-11 09:51:33 - [MESSAGE][PASSED] - Current window maximized

2018-04-11 09:51:33 - [TEST_STEP][PASSED] - Statement - TestID = testCaseContext.getTestCaseId(): null

2018-04-11 09:51:33 - [TEST_STEP][PASSED] - Statement - println(TestID): Invoke 'com.kms.katalon.core.annotation.BeforeTestCase' method: 'ImScan.BeforeTestCaseOpenBrowser(...)' completed.

2018-04-11 09:51:33 - [TEST_STEP][PASSED] - setText: Text 'Dixita' is set on object 'Object Repository/Login/Page_IMSCAN/input_UserName'

2018-04-11 09:51:33 - [MESSAGE][PASSED] - Text 'Dixita' is set on object 'Object Repository/Login/Page_IMSCAN/input_UserName'

2018-04-11 09:51:33 - [TEST_STEP][PASSED] - setText: Text 'Dixita456' is set on object 'Object Repository/Login/Page_IMSCAN/input_Password'

2018-04-11 09:51:34 - [MESSAGE][PASSED] - Text 'Dixita456' is set on object 'Object Repository/Login/Page_IMSCAN/input_Password'

2018-04-11 09:51:34 - [TEST_STEP][PASSED] - click: Object: 'Object Repository/Login/Page_IMSCAN/button_Login' is clicked on

2018-04-11 09:51:34 - [MESSAGE][PASSED] - Object: 'Object Repository/Login/Page_IMSCAN/button_Login' is clicked on

2018-04-11 09:51:34 - [TEST_STEP][FAILED] - verifyElementPresent: Unable to verify object 'Object Repository/Create_a_New_Dept/VerfiyHomePageDisplayed' is present (Root cause: com.kms.katalon.core.webui.exception.WebElementNotFoundException: Web element with id: 'Object Repository/Create_a_New_Dept/VerfiyHomePageDisplayed' located by 'By.xpath: //div[text()='Home']' not found)

2018-04-11 09:51:37 - [MESSAGE][FAILED] - com.kms.katalon.core.webui.exception.WebElementNotFoundException: Web element with id: 'Object Repository/Create_a_New_Dept/VerfiyHomePageDisplayed' located by 'By.xpath: //div[text()='Home']' not found
[[ATTACHMENT|C:\\Users\\Dikshita\\git\\imscanredev\\Reports\\Presentation\\20180411_095103\\1523420497593.png]]

2018-04-11 09:51:38 - [MESSAGE][FAILED] - Unable to verify object 'Object Repository/Create_a_New_Dept/VerfiyHomePageDisplayed' is present (Root cause: com.kms.katalon.core.webui.exception.WebElementNotFoundException: Web element with id: 'Object Repository/Create_a_New_Dept/VerfiyHomePageDisplayed' located by 'By.xpath: //div[text()='Home']' not found)
[[ATTACHMENT|C:\\Users\\Dikshita\\git\\imscanredev\\Reports\\Presentation\\20180411_095103\\1523420497998.png]]

2018-04-11 09:51:38 - [TEST_STEP][PASSED] - Start listener action : AfterTestCaseCloseBrowser: Invoke 'com.kms.katalon.core.annotation.AfterTestCase' method: 'ImScan.AfterTestCaseCloseBrowser(...)' completed.]]></system-out>
         <system-err><![CDATA[2018-04-11 09:51:07 - [TEST_CASE][FAILED] - Test Cases/Smoke/TC-09: Test Cases/Smoke/TC-09 FAILED because (of) Unable to verify object 'Object Repository/Create_a_New_Dept/VerfiyHomePageDisplayed' is present (Root cause: com.kms.katalon.core.webui.exception.WebElementNotFoundException: Web element with id: 'Object Repository/Create_a_New_Dept/VerfiyHomePageDisplayed' located by 'By.xpath: //div[text()='Home']' not found)]]></system-err>
      </testcase>
      <testcase name="Test Cases/Smoke/TC-1 Creating a new Department" classname="Test Cases/Smoke/TC-1 Creating a new Department" status="FAILED">
         <failure type="FAILED" message="Unable to verify object 'Object Repository/Create_a_New_Dept/verifyDisplayedOrNot/td_Law1' is present (Root cause: com.kms.katalon.core.webui.exception.WebElementNotFoundException: Web element with id: 'Object Repository/Create_a_New_Dept/verifyDisplayedOrNot/td_Law1' located by 'By.xpath: //td[(text() = 'Law1' or . = 'Law1')]' not found)"/>
         <system-out><![CDATA[2018-04-11 09:51:38 - [TEST_CASE][FAILED] - Test Cases/Smoke/TC-1 Creating a new Department: Test Cases/Smoke/TC-1 Creating a new Department FAILED because (of) Unable to verify object 'Object Repository/Create_a_New_Dept/verifyDisplayedOrNot/td_Law1' is present (Root cause: com.kms.katalon.core.webui.exception.WebElementNotFoundException: Web element with id: 'Object Repository/Create_a_New_Dept/verifyDisplayedOrNot/td_Law1' located by 'By.xpath: //td[(text() = 'Law1' or . = 'Law1')]' not found)

2018-04-11 09:51:38 - [TEST_STEP][PASSED] - Start listener action : BeforeTestCaseOpenBrowser: Invoke 'com.kms.katalon.core.annotation.BeforeTestCase' method: 'ImScan.BeforeTestCaseOpenBrowser(...)' completed.

2018-04-11 09:51:38 - [TEST_STEP][PASSED] - openBrowser: Browser is opened with url: 'http://192.168.30.101/CSSIMSCANUI/Login/Index'

2018-04-11 09:51:38 - [MESSAGE][WARNING] - A browser is already opened. Closing browser and opening a new one

2018-04-11 09:51:41 - [MESSAGE][PASSED] - Browser is opened with url: 'http://192.168.30.101/CSSIMSCANUI/Login/Index'

2018-04-11 09:51:41 - [TEST_STEP][PASSED] - maximizeWindow: Current window maximized

2018-04-11 09:51:43 - [MESSAGE][PASSED] - Current window maximized

2018-04-11 09:51:43 - [TEST_STEP][PASSED] - Statement - TestID = testCaseContext.getTestCaseId(): null

2018-04-11 09:51:43 - [TEST_STEP][PASSED] - Statement - println(TestID): Invoke 'com.kms.katalon.core.annotation.BeforeTestCase' method: 'ImScan.BeforeTestCaseOpenBrowser(...)' completed.

2018-04-11 09:51:43 - [TEST_STEP][PASSED] - setText: Text 'Dixita' is set on object 'Object Repository/Login/Page_IMSCAN/input_UserName'

2018-04-11 09:51:43 - [MESSAGE][PASSED] - Text 'Dixita' is set on object 'Object Repository/Login/Page_IMSCAN/input_UserName'

2018-04-11 09:51:43 - [TEST_STEP][PASSED] - setText: Text 'Dixita456' is set on object 'Object Repository/Login/Page_IMSCAN/input_Password'

2018-04-11 09:51:43 - [MESSAGE][PASSED] - Text 'Dixita456' is set on object 'Object Repository/Login/Page_IMSCAN/input_Password'

2018-04-11 09:51:43 - [TEST_STEP][PASSED] - click: Object: 'Object Repository/Login/Page_IMSCAN/button_Login' is clicked on

2018-04-11 09:51:43 - [MESSAGE][PASSED] - Object: 'Object Repository/Login/Page_IMSCAN/button_Login' is clicked on

2018-04-11 09:51:43 - [TEST_STEP][PASSED] - verifyElementPresent: Object 'Object Repository/Create_a_New_Dept/VerfiyHomePageDisplayed' is present

2018-04-11 09:51:44 - [MESSAGE][PASSED] - Object 'Object Repository/Create_a_New_Dept/VerfiyHomePageDisplayed' is present

2018-04-11 09:51:44 - [TEST_STEP][PASSED] - delay: Delayed 3 second(s)

2018-04-11 09:51:47 - [MESSAGE][PASSED] - Delayed 3 second(s)

2018-04-11 09:51:47 - [TEST_STEP][PASSED] - click: Object: 'Object Repository/Create_a_New_Dept/ClickOnDepartments' is clicked on

2018-04-11 09:51:48 - [MESSAGE][PASSED] - Object: 'Object Repository/Create_a_New_Dept/ClickOnDepartments' is clicked on

2018-04-11 09:51:48 - [TEST_STEP][PASSED] - delay: Delayed 2 second(s)

2018-04-11 09:51:50 - [MESSAGE][PASSED] - Delayed 2 second(s)

2018-04-11 09:51:50 - [TEST_STEP][PASSED] - click: Object: 'Object Repository/Create_a_New_Dept/ClickOnCreateDept' is clicked on

2018-04-11 09:51:50 - [MESSAGE][PASSED] - Object: 'Object Repository/Create_a_New_Dept/ClickOnCreateDept' is clicked on

2018-04-11 09:51:50 - [TEST_STEP][PASSED] - waitForAlert: No alert found after 2 second(s).

2018-04-11 09:51:52 - [MESSAGE][WARNING] - No alert found after 2 second(s).

2018-04-11 09:51:52 - [TEST_STEP][PASSED] - verifyElementVisible: Object 'Object Repository/Create_a_New_Dept/CreateDeptPopup/PopUpforDept/h4_Create Department' is visible

2018-04-11 09:51:52 - [MESSAGE][PASSED] - Object 'Object Repository/Create_a_New_Dept/CreateDeptPopup/PopUpforDept/h4_Create Department' is visible

2018-04-11 09:51:52 - [TEST_STEP][PASSED] - setText: Text '5587' is set on object 'Object Repository/Create_a_New_Dept/CreateDeptPopup/PopUpforDept/input_Code'

2018-04-11 09:51:52 - [MESSAGE][PASSED] - Text '5587' is set on object 'Object Repository/Create_a_New_Dept/CreateDeptPopup/PopUpforDept/input_Code'

2018-04-11 09:51:52 - [TEST_STEP][PASSED] - setText: Text 'Nial1265' is set on object 'Object Repository/Create_a_New_Dept/CreateDeptPopup/PopUpforDept/input_Name'

2018-04-11 09:51:52 - [MESSAGE][PASSED] - Text 'Nial1265' is set on object 'Object Repository/Create_a_New_Dept/CreateDeptPopup/PopUpforDept/input_Name'

2018-04-11 09:51:52 - [TEST_STEP][PASSED] - click: Object: 'Object Repository/Create_a_New_Dept/ClickOnSavePopup' is clicked on

2018-04-11 09:51:53 - [MESSAGE][PASSED] - Object: 'Object Repository/Create_a_New_Dept/ClickOnSavePopup' is clicked on

2018-04-11 09:51:53 - [TEST_STEP][PASSED] - Statement - var1 = com.kms.katalon.core.webui.keyword.WebUiBuiltInKeywords.setText(com.kms.katalon.core.testobject.ObjectRepository.findTestObject(Object Repository/Search/Search_Inspect), "Nial1265"): Text 'Nial1265' is set on object 'Object Repository/Search/Search_Inspect'

2018-04-11 09:51:53 - [MESSAGE][PASSED] - Text 'Nial1265' is set on object 'Object Repository/Search/Search_Inspect'

2018-04-11 09:51:53 - [TEST_STEP][FAILED] - verifyElementPresent: Unable to verify object 'Object Repository/Create_a_New_Dept/verifyDisplayedOrNot/td_Law1' is present (Root cause: com.kms.katalon.core.webui.exception.WebElementNotFoundException: Web element with id: 'Object Repository/Create_a_New_Dept/verifyDisplayedOrNot/td_Law1' located by 'By.xpath: //td[(text() = 'Law1' or . = 'Law1')]' not found)

2018-04-11 09:51:59 - [MESSAGE][FAILED] - com.kms.katalon.core.webui.exception.WebElementNotFoundException: Web element with id: 'Object Repository/Create_a_New_Dept/verifyDisplayedOrNot/td_Law1' located by 'By.xpath: //td[(text() = 'Law1' or . = 'Law1')]' not found
[[ATTACHMENT|C:\\Users\\Dikshita\\git\\imscanredev\\Reports\\Presentation\\20180411_095103\\1523420518755.png]]

2018-04-11 09:51:59 - [MESSAGE][FAILED] - Unable to verify object 'Object Repository/Create_a_New_Dept/verifyDisplayedOrNot/td_Law1' is present (Root cause: com.kms.katalon.core.webui.exception.WebElementNotFoundException: Web element with id: 'Object Repository/Create_a_New_Dept/verifyDisplayedOrNot/td_Law1' located by 'By.xpath: //td[(text() = 'Law1' or . = 'Law1')]' not found)
[[ATTACHMENT|C:\\Users\\Dikshita\\git\\imscanredev\\Reports\\Presentation\\20180411_095103\\1523420519076.png]]

2018-04-11 09:51:59 - [TEST_STEP][PASSED] - Start listener action : AfterTestCaseCloseBrowser: Invoke 'com.kms.katalon.core.annotation.AfterTestCase' method: 'ImScan.AfterTestCaseCloseBrowser(...)' completed.]]></system-out>
         <system-err><![CDATA[2018-04-11 09:51:38 - [TEST_CASE][FAILED] - Test Cases/Smoke/TC-1 Creating a new Department: Test Cases/Smoke/TC-1 Creating a new Department FAILED because (of) Unable to verify object 'Object Repository/Create_a_New_Dept/verifyDisplayedOrNot/td_Law1' is present (Root cause: com.kms.katalon.core.webui.exception.WebElementNotFoundException: Web element with id: 'Object Repository/Create_a_New_Dept/verifyDisplayedOrNot/td_Law1' located by 'By.xpath: //td[(text() = 'Law1' or . = 'Law1')]' not found)]]></system-err>
      </testcase>
      <testcase name="Test Cases/Smoke/TC-143_Login_ValidLogin" classname="Test Cases/Smoke/TC-143_Login_ValidLogin" status="PASSED">
         <system-out><![CDATA[2018-04-11 09:51:59 - [TEST_CASE][PASSED] - Test Cases/Smoke/TC-143_Login_ValidLogin: Invoke 'com.kms.katalon.core.annotation.AfterTestCase' method: 'ImScan.AfterTestCaseCloseBrowser(...)' completed.

2018-04-11 09:51:59 - [TEST_STEP][PASSED] - Start listener action : BeforeTestCaseOpenBrowser: Invoke 'com.kms.katalon.core.annotation.BeforeTestCase' method: 'ImScan.BeforeTestCaseOpenBrowser(...)' completed.

2018-04-11 09:51:59 - [TEST_STEP][PASSED] - openBrowser: Browser is opened with url: 'http://192.168.30.101/CSSIMSCANUI/Login/Index'

2018-04-11 09:51:59 - [MESSAGE][WARNING] - A browser is already opened. Closing browser and opening a new one

2018-04-11 09:52:02 - [MESSAGE][PASSED] - Browser is opened with url: 'http://192.168.30.101/CSSIMSCANUI/Login/Index'

2018-04-11 09:52:02 - [TEST_STEP][PASSED] - maximizeWindow: Current window maximized

2018-04-11 09:52:04 - [MESSAGE][PASSED] - Current window maximized

2018-04-11 09:52:04 - [TEST_STEP][PASSED] - Statement - TestID = testCaseContext.getTestCaseId(): null

2018-04-11 09:52:04 - [TEST_STEP][PASSED] - Statement - println(TestID): Invoke 'com.kms.katalon.core.annotation.BeforeTestCase' method: 'ImScan.BeforeTestCaseOpenBrowser(...)' completed.

2018-04-11 09:52:04 - [TEST_STEP][PASSED] - setText: Text 'Dixita' is set on object 'Object Repository/Login/Page_IMSCAN/input_UserName'

2018-04-11 09:52:04 - [MESSAGE][PASSED] - Text 'Dixita' is set on object 'Object Repository/Login/Page_IMSCAN/input_UserName'

2018-04-11 09:52:04 - [TEST_STEP][PASSED] - setText: Text 'Dixita456' is set on object 'Object Repository/Login/Page_IMSCAN/input_Password'

2018-04-11 09:52:04 - [MESSAGE][PASSED] - Text 'Dixita456' is set on object 'Object Repository/Login/Page_IMSCAN/input_Password'

2018-04-11 09:52:04 - [TEST_STEP][PASSED] - click: Object: 'Object Repository/Login/Page_IMSCAN/button_Login' is clicked on

2018-04-11 09:52:04 - [MESSAGE][PASSED] - Object: 'Object Repository/Login/Page_IMSCAN/button_Login' is clicked on

2018-04-11 09:52:04 - [TEST_STEP][PASSED] - click: Object: 'Object Repository/Login/Page_IMSCAN - EDoc System/div_Home' is clicked on

2018-04-11 09:52:05 - [MESSAGE][PASSED] - Object: 'Object Repository/Login/Page_IMSCAN - EDoc System/div_Home' is clicked on

2018-04-11 09:52:05 - [TEST_STEP][PASSED] - Start listener action : AfterTestCaseCloseBrowser: Invoke 'com.kms.katalon.core.annotation.AfterTestCase' method: 'ImScan.AfterTestCaseCloseBrowser(...)' completed.]]></system-out>
         <system-err><![CDATA[]]></system-err>
      </testcase>
      <testcase name="Test Cases/Smoke/TC-145_Login_InvalidLogin" classname="Test Cases/Smoke/TC-145_Login_InvalidLogin" status="PASSED">
         <system-out><![CDATA[2018-04-11 09:52:05 - [TEST_CASE][PASSED] - Test Cases/Smoke/TC-145_Login_InvalidLogin: Invoke 'com.kms.katalon.core.annotation.AfterTestCase' method: 'ImScan.AfterTestCaseCloseBrowser(...)' completed.

2018-04-11 09:52:05 - [TEST_STEP][PASSED] - Start listener action : BeforeTestCaseOpenBrowser: Invoke 'com.kms.katalon.core.annotation.BeforeTestCase' method: 'ImScan.BeforeTestCaseOpenBrowser(...)' completed.

2018-04-11 09:52:05 - [TEST_STEP][PASSED] - openBrowser: Browser is opened with url: 'http://192.168.30.101/CSSIMSCANUI/Login/Index'

2018-04-11 09:52:05 - [MESSAGE][WARNING] - A browser is already opened. Closing browser and opening a new one

2018-04-11 09:52:08 - [MESSAGE][PASSED] - Browser is opened with url: 'http://192.168.30.101/CSSIMSCANUI/Login/Index'

2018-04-11 09:52:08 - [TEST_STEP][PASSED] - maximizeWindow: Current window maximized

2018-04-11 09:52:10 - [MESSAGE][PASSED] - Current window maximized

2018-04-11 09:52:10 - [TEST_STEP][PASSED] - Statement - TestID = testCaseContext.getTestCaseId(): null

2018-04-11 09:52:10 - [TEST_STEP][PASSED] - Statement - println(TestID): Invoke 'com.kms.katalon.core.annotation.BeforeTestCase' method: 'ImScan.BeforeTestCaseOpenBrowser(...)' completed.

2018-04-11 09:52:10 - [TEST_STEP][PASSED] - setText: Text 'Dixita' is set on object 'Object Repository/Login/Page_IMSCAN/input_UserName'

2018-04-11 09:52:10 - [MESSAGE][PASSED] - Text 'Dixita' is set on object 'Object Repository/Login/Page_IMSCAN/input_UserName'

2018-04-11 09:52:10 - [TEST_STEP][PASSED] - setText: Text 'Dixita123' is set on object 'Object Repository/Login/Page_IMSCAN/input_Password'

2018-04-11 09:52:10 - [MESSAGE][PASSED] - Text 'Dixita123' is set on object 'Object Repository/Login/Page_IMSCAN/input_Password'

2018-04-11 09:52:10 - [TEST_STEP][PASSED] - click: Object: 'Object Repository/Login/Page_IMSCAN/button_Login' is clicked on

2018-04-11 09:52:10 - [MESSAGE][PASSED] - Object: 'Object Repository/Login/Page_IMSCAN/button_Login' is clicked on

2018-04-11 09:52:10 - [TEST_STEP][PASSED] - Start listener action : AfterTestCaseCloseBrowser: Invoke 'com.kms.katalon.core.annotation.AfterTestCase' method: 'ImScan.AfterTestCaseCloseBrowser(...)' completed.]]></system-out>
         <system-err><![CDATA[]]></system-err>
      </testcase>
      <testcase name="Test Cases/Smoke/TC-26" classname="Test Cases/Smoke/TC-26" status="PASSED">
         <system-out><![CDATA[2018-04-11 09:52:10 - [TEST_CASE][PASSED] - Test Cases/Smoke/TC-26: Invoke 'com.kms.katalon.core.annotation.AfterTestCase' method: 'ImScan.AfterTestCaseCloseBrowser(...)' completed.

2018-04-11 09:52:10 - [TEST_STEP][PASSED] - Start listener action : BeforeTestCaseOpenBrowser: Invoke 'com.kms.katalon.core.annotation.BeforeTestCase' method: 'ImScan.BeforeTestCaseOpenBrowser(...)' completed.

2018-04-11 09:52:10 - [TEST_STEP][PASSED] - openBrowser: Browser is opened with url: 'http://192.168.30.101/CSSIMSCANUI/Login/Index'

2018-04-11 09:52:10 - [MESSAGE][WARNING] - A browser is already opened. Closing browser and opening a new one

2018-04-11 09:52:14 - [MESSAGE][PASSED] - Browser is opened with url: 'http://192.168.30.101/CSSIMSCANUI/Login/Index'

2018-04-11 09:52:14 - [TEST_STEP][PASSED] - maximizeWindow: Current window maximized

2018-04-11 09:52:15 - [MESSAGE][PASSED] - Current window maximized

2018-04-11 09:52:15 - [TEST_STEP][PASSED] - Statement - TestID = testCaseContext.getTestCaseId(): null

2018-04-11 09:52:15 - [TEST_STEP][PASSED] - Statement - println(TestID): Invoke 'com.kms.katalon.core.annotation.BeforeTestCase' method: 'ImScan.BeforeTestCaseOpenBrowser(...)' completed.

2018-04-11 09:52:15 - [TEST_STEP][PASSED] - setText: Text 'Dixita' is set on object 'Object Repository/Login/Page_IMSCAN/input_UserName'

2018-04-11 09:52:15 - [MESSAGE][PASSED] - Text 'Dixita' is set on object 'Object Repository/Login/Page_IMSCAN/input_UserName'

2018-04-11 09:52:15 - [TEST_STEP][PASSED] - setText: Text 'Dixita456' is set on object 'Object Repository/Login/Page_IMSCAN/input_Password'

2018-04-11 09:52:16 - [MESSAGE][PASSED] - Text 'Dixita456' is set on object 'Object Repository/Login/Page_IMSCAN/input_Password'

2018-04-11 09:52:16 - [TEST_STEP][PASSED] - click: Object: 'Object Repository/Login/Page_IMSCAN/button_Login' is clicked on

2018-04-11 09:52:16 - [MESSAGE][PASSED] - Object: 'Object Repository/Login/Page_IMSCAN/button_Login' is clicked on

2018-04-11 09:52:16 - [TEST_STEP][PASSED] - verifyElementPresent: Object 'Object Repository/Create_a_New_Dept/VerfiyHomePageDisplayed' is present

2018-04-11 09:52:16 - [MESSAGE][PASSED] - Object 'Object Repository/Create_a_New_Dept/VerfiyHomePageDisplayed' is present

2018-04-11 09:52:16 - [TEST_STEP][PASSED] - delay: Delayed 3 second(s)

2018-04-11 09:52:19 - [MESSAGE][PASSED] - Delayed 3 second(s)

2018-04-11 09:52:19 - [TEST_STEP][PASSED] - click: Object: 'Object Repository/Users/Users' is clicked on

2018-04-11 09:52:19 - [MESSAGE][PASSED] - Object: 'Object Repository/Users/Users' is clicked on

2018-04-11 09:52:19 - [TEST_STEP][PASSED] - click: Object: 'Object Repository/Users/CreateUser' is clicked on

2018-04-11 09:52:20 - [MESSAGE][PASSED] - Object: 'Object Repository/Users/CreateUser' is clicked on

2018-04-11 09:52:20 - [TEST_STEP][PASSED] - waitForAlert: No alert found after 5 second(s).

2018-04-11 09:52:25 - [MESSAGE][WARNING] - No alert found after 5 second(s).

2018-04-11 09:52:25 - [TEST_STEP][PASSED] - focus: Object: 'Object Repository/Users/UsersPopUp/Popup' is focused

2018-04-11 09:52:25 - [MESSAGE][PASSED] - Object: 'Object Repository/Users/UsersPopUp/Popup' is focused

2018-04-11 09:52:25 - [TEST_STEP][PASSED] - delay: Delayed 5 second(s)

2018-04-11 09:52:30 - [MESSAGE][PASSED] - Delayed 5 second(s)

2018-04-11 09:52:30 - [TEST_STEP][PASSED] - waitForElementVisible: Object 'Object Repository/Users/Firstname' is visible

2018-04-11 09:52:30 - [MESSAGE][PASSED] - Object 'Object Repository/Users/Firstname' is visible

2018-04-11 09:52:30 - [TEST_STEP][PASSED] - focus: Object: 'Object Repository/Users/Firstname' is focused

2018-04-11 09:52:31 - [MESSAGE][PASSED] - Object: 'Object Repository/Users/Firstname' is focused

2018-04-11 09:52:31 - [TEST_STEP][PASSED] - setText: Text 'Stevenson' is set on object 'Object Repository/Users/Firstname'

2018-04-11 09:52:31 - [MESSAGE][PASSED] - Text 'Stevenson' is set on object 'Object Repository/Users/Firstname'

2018-04-11 09:52:31 - [TEST_STEP][PASSED] - delay: Delayed 3 second(s)

2018-04-11 09:52:34 - [MESSAGE][PASSED] - Delayed 3 second(s)

2018-04-11 09:52:34 - [TEST_STEP][PASSED] - focus: Object: 'Object Repository/Users/Lastname' is focused

2018-04-11 09:52:34 - [MESSAGE][PASSED] - Object: 'Object Repository/Users/Lastname' is focused

2018-04-11 09:52:34 - [TEST_STEP][PASSED] - setText: Text 'Stevenson' is set on object 'Object Repository/Users/Lastname'

2018-04-11 09:52:34 - [MESSAGE][PASSED] - Text 'Stevenson' is set on object 'Object Repository/Users/Lastname'

2018-04-11 09:52:34 - [TEST_STEP][PASSED] - focus: Object: 'Object Repository/Users/Username' is focused

2018-04-11 09:52:34 - [MESSAGE][PASSED] - Object: 'Object Repository/Users/Username' is focused

2018-04-11 09:52:34 - [TEST_STEP][PASSED] - setText: Text 'Stevenson' is set on object 'Object Repository/Users/Username'

2018-04-11 09:52:34 - [MESSAGE][PASSED] - Text 'Stevenson' is set on object 'Object Repository/Users/Username'

2018-04-11 09:52:34 - [TEST_STEP][PASSED] - focus: Object: 'Object Repository/Users/Password' is focused

2018-04-11 09:52:34 - [MESSAGE][PASSED] - Object: 'Object Repository/Users/Password' is focused

2018-04-11 09:52:34 - [TEST_STEP][PASSED] - setText: Text 'Stevenson' is set on object 'Object Repository/Users/Password'

2018-04-11 09:52:34 - [MESSAGE][PASSED] - Text 'Stevenson' is set on object 'Object Repository/Users/Password'

2018-04-11 09:52:34 - [TEST_STEP][PASSED] - focus: Object: 'Object Repository/Users/emailId' is focused

2018-04-11 09:52:34 - [MESSAGE][PASSED] - Object: 'Object Repository/Users/emailId' is focused

2018-04-11 09:52:34 - [TEST_STEP][PASSED] - setText: Text 'Stevenson@rsspl.com' is set on object 'Object Repository/Users/emailId'

2018-04-11 09:52:35 - [MESSAGE][PASSED] - Text 'Stevenson@rsspl.com' is set on object 'Object Repository/Users/emailId'

2018-04-11 09:52:35 - [TEST_STEP][PASSED] - click: Object: 'Object Repository/Users/RoleSelection' is clicked on

2018-04-11 09:52:35 - [MESSAGE][PASSED] - Object: 'Object Repository/Users/RoleSelection' is clicked on

2018-04-11 09:52:35 - [TEST_STEP][PASSED] - selectOptionByValue: All options with value '27' are selected in object 'Object Repository/Users/RoleSelection' 

2018-04-11 09:52:35 - [MESSAGE][PASSED] - All options with value '27' are selected in object 'Object Repository/Users/RoleSelection' 

2018-04-11 09:52:35 - [TEST_STEP][PASSED] - click: Object: 'Object Repository/Users/SelectAvailableDoctypes' is clicked on

2018-04-11 09:52:35 - [MESSAGE][PASSED] - Object: 'Object Repository/Users/SelectAvailableDoctypes' is clicked on

2018-04-11 09:52:35 - [TEST_STEP][PASSED] - click: Object: 'Object Repository/Users/ClickOnRightbutton' is clicked on

2018-04-11 09:52:35 - [MESSAGE][PASSED] - Object: 'Object Repository/Users/ClickOnRightbutton' is clicked on

2018-04-11 09:52:35 - [TEST_STEP][PASSED] - scrollToElement: Scroll to object 'Object Repository/Users/SelectAvailableDept' successfully

2018-04-11 09:52:35 - [MESSAGE][PASSED] - Scroll to object 'Object Repository/Users/SelectAvailableDept' successfully

2018-04-11 09:52:35 - [TEST_STEP][PASSED] - click: Object: 'Object Repository/Users/SelectAvailableDept' is clicked on

2018-04-11 09:52:35 - [MESSAGE][PASSED] - Object: 'Object Repository/Users/SelectAvailableDept' is clicked on

2018-04-11 09:52:35 - [TEST_STEP][PASSED] - delay: Delayed 2 second(s)

2018-04-11 09:52:37 - [MESSAGE][PASSED] - Delayed 2 second(s)

2018-04-11 09:52:37 - [TEST_STEP][PASSED] - click: Object: 'Object Repository/Users/arrow/span_glyphicon glyphicon-chevr' is clicked on

2018-04-11 09:52:38 - [MESSAGE][PASSED] - Object: 'Object Repository/Users/arrow/span_glyphicon glyphicon-chevr' is clicked on

2018-04-11 09:52:38 - [TEST_STEP][PASSED] - click: Object: 'Object Repository/Users/ClickonSaveOfPopup' is clicked on

2018-04-11 09:52:38 - [MESSAGE][PASSED] - Object: 'Object Repository/Users/ClickonSaveOfPopup' is clicked on

2018-04-11 09:52:38 - [TEST_STEP][PASSED] - Start listener action : AfterTestCaseCloseBrowser: Invoke 'com.kms.katalon.core.annotation.AfterTestCase' method: 'ImScan.AfterTestCaseCloseBrowser(...)' completed.]]></system-out>
         <system-err><![CDATA[]]></system-err>
      </testcase>
      <testcase name="Test Cases/Smoke/TC-46" classname="Test Cases/Smoke/TC-46" status="PASSED">
         <system-out><![CDATA[2018-04-11 09:52:38 - [TEST_CASE][PASSED] - Test Cases/Smoke/TC-46: Invoke 'com.kms.katalon.core.annotation.AfterTestCase' method: 'ImScan.AfterTestCaseCloseBrowser(...)' completed.

2018-04-11 09:52:38 - [TEST_STEP][PASSED] - Start listener action : BeforeTestCaseOpenBrowser: Invoke 'com.kms.katalon.core.annotation.BeforeTestCase' method: 'ImScan.BeforeTestCaseOpenBrowser(...)' completed.

2018-04-11 09:52:38 - [TEST_STEP][PASSED] - openBrowser: Browser is opened with url: 'http://192.168.30.101/CSSIMSCANUI/Login/Index'

2018-04-11 09:52:38 - [MESSAGE][WARNING] - A browser is already opened. Closing browser and opening a new one

2018-04-11 09:52:42 - [MESSAGE][PASSED] - Browser is opened with url: 'http://192.168.30.101/CSSIMSCANUI/Login/Index'

2018-04-11 09:52:42 - [TEST_STEP][PASSED] - maximizeWindow: Current window maximized

2018-04-11 09:52:43 - [MESSAGE][PASSED] - Current window maximized

2018-04-11 09:52:43 - [TEST_STEP][PASSED] - Statement - TestID = testCaseContext.getTestCaseId(): null

2018-04-11 09:52:43 - [TEST_STEP][PASSED] - Statement - println(TestID): Invoke 'com.kms.katalon.core.annotation.BeforeTestCase' method: 'ImScan.BeforeTestCaseOpenBrowser(...)' completed.

2018-04-11 09:52:43 - [TEST_STEP][PASSED] - setText: Text 'Dixita' is set on object 'Object Repository/Login/Page_IMSCAN/input_UserName'

2018-04-11 09:52:44 - [MESSAGE][PASSED] - Text 'Dixita' is set on object 'Object Repository/Login/Page_IMSCAN/input_UserName'

2018-04-11 09:52:44 - [TEST_STEP][PASSED] - setText: Text 'Dixita456' is set on object 'Object Repository/Login/Page_IMSCAN/input_Password'

2018-04-11 09:52:44 - [MESSAGE][PASSED] - Text 'Dixita456' is set on object 'Object Repository/Login/Page_IMSCAN/input_Password'

2018-04-11 09:52:44 - [TEST_STEP][PASSED] - click: Object: 'Object Repository/Login/Page_IMSCAN/button_Login' is clicked on

2018-04-11 09:52:44 - [MESSAGE][PASSED] - Object: 'Object Repository/Login/Page_IMSCAN/button_Login' is clicked on

2018-04-11 09:52:44 - [TEST_STEP][PASSED] - click: Object: 'Object Repository/Settings/ClickOnSettings' is clicked on

2018-04-11 09:52:45 - [MESSAGE][PASSED] - Object: 'Object Repository/Settings/ClickOnSettings' is clicked on

2018-04-11 09:52:45 - [TEST_STEP][PASSED] - click: Object: 'Object Repository/Settings/ClickOnEmailSettings' is clicked on

2018-04-11 09:52:46 - [MESSAGE][PASSED] - Object: 'Object Repository/Settings/ClickOnEmailSettings' is clicked on

2018-04-11 09:52:46 - [TEST_STEP][PASSED] - delay: Delayed 2 second(s)

2018-04-11 09:52:48 - [MESSAGE][PASSED] - Delayed 2 second(s)

2018-04-11 09:52:48 - [TEST_STEP][PASSED] - click: Object: 'Object Repository/Settings/ClickOnEmailSettings' is clicked on

2018-04-11 09:52:48 - [MESSAGE][PASSED] - Object: 'Object Repository/Settings/ClickOnEmailSettings' is clicked on

2018-04-11 09:52:48 - [TEST_STEP][PASSED] - click: Object: 'Object Repository/Settings/AddEmailSettings' is clicked on

2018-04-11 09:52:48 - [MESSAGE][PASSED] - Object: 'Object Repository/Settings/AddEmailSettings' is clicked on

2018-04-11 09:52:48 - [TEST_STEP][PASSED] - focus: Object: 'Object Repository/Settings/EmailSettingsPopUp' is focused

2018-04-11 09:52:48 - [MESSAGE][PASSED] - Object: 'Object Repository/Settings/EmailSettingsPopUp' is focused

2018-04-11 09:52:48 - [TEST_STEP][PASSED] - delay: Delayed 3 second(s)

2018-04-11 09:52:51 - [MESSAGE][PASSED] - Delayed 3 second(s)

2018-04-11 09:52:51 - [TEST_STEP][PASSED] - setText: Text 'Stevenson@gmail.com' is set on object 'Object Repository/Settings/Email'

2018-04-11 09:52:51 - [MESSAGE][PASSED] - Text 'Stevenson@gmail.com' is set on object 'Object Repository/Settings/Email'

2018-04-11 09:52:51 - [TEST_STEP][PASSED] - setText: Text '123456' is set on object 'Object Repository/Settings/Password'

2018-04-11 09:52:51 - [MESSAGE][PASSED] - Text '123456' is set on object 'Object Repository/Settings/Password'

2018-04-11 09:52:51 - [TEST_STEP][PASSED] - click: Object: 'Object Repository/Settings/SaveButton' is clicked on

2018-04-11 09:52:51 - [MESSAGE][PASSED] - Object: 'Object Repository/Settings/SaveButton' is clicked on

2018-04-11 09:52:51 - [TEST_STEP][PASSED] - Start listener action : AfterTestCaseCloseBrowser: Invoke 'com.kms.katalon.core.annotation.AfterTestCase' method: 'ImScan.AfterTestCaseCloseBrowser(...)' completed.]]></system-out>
         <system-err><![CDATA[]]></system-err>
      </testcase>
      <testcase name="Test Cases/Smoke/TC-86" classname="Test Cases/Smoke/TC-86" status="PASSED">
         <system-out><![CDATA[2018-04-11 09:52:51 - [TEST_CASE][PASSED] - Test Cases/Smoke/TC-86: Invoke 'com.kms.katalon.core.annotation.AfterTestCase' method: 'ImScan.AfterTestCaseCloseBrowser(...)' completed.

2018-04-11 09:52:51 - [TEST_STEP][PASSED] - Start listener action : BeforeTestCaseOpenBrowser: Invoke 'com.kms.katalon.core.annotation.BeforeTestCase' method: 'ImScan.BeforeTestCaseOpenBrowser(...)' completed.

2018-04-11 09:52:51 - [TEST_STEP][PASSED] - openBrowser: Browser is opened with url: 'http://192.168.30.101/CSSIMSCANUI/Login/Index'

2018-04-11 09:52:51 - [MESSAGE][WARNING] - A browser is already opened. Closing browser and opening a new one

2018-04-11 09:52:55 - [MESSAGE][PASSED] - Browser is opened with url: 'http://192.168.30.101/CSSIMSCANUI/Login/Index'

2018-04-11 09:52:55 - [TEST_STEP][PASSED] - maximizeWindow: Current window maximized

2018-04-11 09:52:56 - [MESSAGE][PASSED] - Current window maximized

2018-04-11 09:52:56 - [TEST_STEP][PASSED] - Statement - TestID = testCaseContext.getTestCaseId(): null

2018-04-11 09:52:56 - [TEST_STEP][PASSED] - Statement - println(TestID): Invoke 'com.kms.katalon.core.annotation.BeforeTestCase' method: 'ImScan.BeforeTestCaseOpenBrowser(...)' completed.

2018-04-11 09:52:56 - [TEST_STEP][PASSED] - setText: Text 'Dixita' is set on object 'Object Repository/Login/Page_IMSCAN/input_UserName'

2018-04-11 09:52:57 - [MESSAGE][PASSED] - Text 'Dixita' is set on object 'Object Repository/Login/Page_IMSCAN/input_UserName'

2018-04-11 09:52:57 - [TEST_STEP][PASSED] - setText: Text 'Dixita456' is set on object 'Object Repository/Login/Page_IMSCAN/input_Password'

2018-04-11 09:52:57 - [MESSAGE][PASSED] - Text 'Dixita456' is set on object 'Object Repository/Login/Page_IMSCAN/input_Password'

2018-04-11 09:52:57 - [TEST_STEP][PASSED] - click: Object: 'Object Repository/Login/Page_IMSCAN/button_Login' is clicked on

2018-04-11 09:52:57 - [MESSAGE][PASSED] - Object: 'Object Repository/Login/Page_IMSCAN/button_Login' is clicked on

2018-04-11 09:52:57 - [TEST_STEP][PASSED] - click: Object: 'Object Repository/Settings/ClickOnSettings' is clicked on

2018-04-11 09:52:57 - [MESSAGE][PASSED] - Object: 'Object Repository/Settings/ClickOnSettings' is clicked on

2018-04-11 09:52:57 - [TEST_STEP][PASSED] - click: Object: 'Object Repository/Settings/ClickOnSMTPsettings' is clicked on

2018-04-11 09:52:57 - [MESSAGE][PASSED] - Object: 'Object Repository/Settings/ClickOnSMTPsettings' is clicked on

2018-04-11 09:52:57 - [TEST_STEP][PASSED] - click: Object: 'Object Repository/Settings/AddSMTPsettings' is clicked on

2018-04-11 09:52:58 - [MESSAGE][PASSED] - Object: 'Object Repository/Settings/AddSMTPsettings' is clicked on

2018-04-11 09:52:58 - [TEST_STEP][PASSED] - focus: Object: 'Object Repository/Settings/AddSMTPPopup' is focused

2018-04-11 09:52:58 - [MESSAGE][PASSED] - Object: 'Object Repository/Settings/AddSMTPPopup' is focused

2018-04-11 09:52:58 - [TEST_STEP][PASSED] - delay: Delayed 3 second(s)

2018-04-11 09:53:01 - [MESSAGE][PASSED] - Delayed 3 second(s)

2018-04-11 09:53:01 - [TEST_STEP][PASSED] - setText: Text '19' is set on object 'Object Repository/Settings/IncomingServerName'

2018-04-11 09:53:01 - [MESSAGE][PASSED] - Text '19' is set on object 'Object Repository/Settings/IncomingServerName'

2018-04-11 09:53:01 - [TEST_STEP][PASSED] - setText: Text '19' is set on object 'Object Repository/Settings/OutgoingServerName'

2018-04-11 09:53:02 - [MESSAGE][PASSED] - Text '19' is set on object 'Object Repository/Settings/OutgoingServerName'

2018-04-11 09:53:02 - [TEST_STEP][PASSED] - setText: Text '19' is set on object 'Object Repository/Settings/IncomingIncrytionMethod'

2018-04-11 09:53:02 - [MESSAGE][PASSED] - Text '19' is set on object 'Object Repository/Settings/IncomingIncrytionMethod'

2018-04-11 09:53:02 - [TEST_STEP][PASSED] - setText: Text '19' is set on object 'Object Repository/Settings/OutgoingIncryptionMethod'

2018-04-11 09:53:02 - [MESSAGE][PASSED] - Text '19' is set on object 'Object Repository/Settings/OutgoingIncryptionMethod'

2018-04-11 09:53:02 - [TEST_STEP][PASSED] - setText: Text 'DummyName19' is set on object 'Object Repository/Settings/UserName'

2018-04-11 09:53:02 - [MESSAGE][PASSED] - Text 'DummyName19' is set on object 'Object Repository/Settings/UserName'

2018-04-11 09:53:02 - [TEST_STEP][PASSED] - setText: Text '123' is set on object 'Object Repository/Settings/Password'

2018-04-11 09:53:02 - [MESSAGE][PASSED] - Text '123' is set on object 'Object Repository/Settings/Password'

2018-04-11 09:53:02 - [TEST_STEP][PASSED] - click: Object: 'Object Repository/Settings/SaveButton' is clicked on

2018-04-11 09:53:02 - [MESSAGE][PASSED] - Object: 'Object Repository/Settings/SaveButton' is clicked on

2018-04-11 09:53:02 - [TEST_STEP][PASSED] - Start listener action : AfterTestCaseCloseBrowser: Invoke 'com.kms.katalon.core.annotation.AfterTestCase' method: 'ImScan.AfterTestCaseCloseBrowser(...)' completed.]]></system-out>
         <system-err><![CDATA[]]></system-err>
      </testcase>
      <testcase name="Test Cases/Smoke/TC-91" classname="Test Cases/Smoke/TC-91" status="PASSED">
         <system-out><![CDATA[2018-04-11 09:53:02 - [TEST_CASE][PASSED] - Test Cases/Smoke/TC-91: Invoke 'com.kms.katalon.core.annotation.AfterTestCase' method: 'ImScan.AfterTestCaseCloseBrowser(...)' completed.

2018-04-11 09:53:02 - [TEST_STEP][PASSED] - Start listener action : BeforeTestCaseOpenBrowser: Invoke 'com.kms.katalon.core.annotation.BeforeTestCase' method: 'ImScan.BeforeTestCaseOpenBrowser(...)' completed.

2018-04-11 09:53:02 - [TEST_STEP][PASSED] - openBrowser: Browser is opened with url: 'http://192.168.30.101/CSSIMSCANUI/Login/Index'

2018-04-11 09:53:02 - [MESSAGE][WARNING] - A browser is already opened. Closing browser and opening a new one

2018-04-11 09:53:06 - [MESSAGE][PASSED] - Browser is opened with url: 'http://192.168.30.101/CSSIMSCANUI/Login/Index'

2018-04-11 09:53:06 - [TEST_STEP][PASSED] - maximizeWindow: Current window maximized

2018-04-11 09:53:07 - [MESSAGE][PASSED] - Current window maximized

2018-04-11 09:53:07 - [TEST_STEP][PASSED] - Statement - TestID = testCaseContext.getTestCaseId(): null

2018-04-11 09:53:07 - [TEST_STEP][PASSED] - Statement - println(TestID): Invoke 'com.kms.katalon.core.annotation.BeforeTestCase' method: 'ImScan.BeforeTestCaseOpenBrowser(...)' completed.

2018-04-11 09:53:07 - [TEST_STEP][PASSED] - setText: Text 'Dixita' is set on object 'Object Repository/Login/Page_IMSCAN/input_UserName'

2018-04-11 09:53:07 - [MESSAGE][PASSED] - Text 'Dixita' is set on object 'Object Repository/Login/Page_IMSCAN/input_UserName'

2018-04-11 09:53:07 - [TEST_STEP][PASSED] - setText: Text 'Dixita456' is set on object 'Object Repository/Login/Page_IMSCAN/input_Password'

2018-04-11 09:53:08 - [MESSAGE][PASSED] - Text 'Dixita456' is set on object 'Object Repository/Login/Page_IMSCAN/input_Password'

2018-04-11 09:53:08 - [TEST_STEP][PASSED] - click: Object: 'Object Repository/Login/Page_IMSCAN/button_Login' is clicked on

2018-04-11 09:53:08 - [MESSAGE][PASSED] - Object: 'Object Repository/Login/Page_IMSCAN/button_Login' is clicked on

2018-04-11 09:53:08 - [TEST_STEP][PASSED] - click: Object: 'Object Repository/Settings/ClickOnSettings' is clicked on

2018-04-11 09:53:08 - [MESSAGE][PASSED] - Object: 'Object Repository/Settings/ClickOnSettings' is clicked on

2018-04-11 09:53:08 - [TEST_STEP][PASSED] - click: Object: 'Object Repository/Settings/ClickOnSMTPsettings' is clicked on

2018-04-11 09:53:08 - [MESSAGE][PASSED] - Object: 'Object Repository/Settings/ClickOnSMTPsettings' is clicked on

2018-04-11 09:53:08 - [TEST_STEP][PASSED] - click: Object: 'Object Repository/Settings/AddSMTPsettings' is clicked on

2018-04-11 09:53:08 - [MESSAGE][PASSED] - Object: 'Object Repository/Settings/AddSMTPsettings' is clicked on

2018-04-11 09:53:08 - [TEST_STEP][PASSED] - focus: Object: 'Object Repository/Settings/AddSMTPPopup' is focused

2018-04-11 09:53:09 - [MESSAGE][PASSED] - Object: 'Object Repository/Settings/AddSMTPPopup' is focused

2018-04-11 09:53:09 - [TEST_STEP][PASSED] - delay: Delayed 3 second(s)

2018-04-11 09:53:12 - [MESSAGE][PASSED] - Delayed 3 second(s)

2018-04-11 09:53:12 - [TEST_STEP][PASSED] - setText: Text '26' is set on object 'Object Repository/Settings/IncomingServerName'

2018-04-11 09:53:12 - [MESSAGE][PASSED] - Text '26' is set on object 'Object Repository/Settings/IncomingServerName'

2018-04-11 09:53:12 - [TEST_STEP][PASSED] - setText: Text '26' is set on object 'Object Repository/Settings/OutgoingServerName'

2018-04-11 09:53:12 - [MESSAGE][PASSED] - Text '26' is set on object 'Object Repository/Settings/OutgoingServerName'

2018-04-11 09:53:12 - [TEST_STEP][PASSED] - setText: Text '26' is set on object 'Object Repository/Settings/IncomingIncrytionMethod'

2018-04-11 09:53:12 - [MESSAGE][PASSED] - Text '26' is set on object 'Object Repository/Settings/IncomingIncrytionMethod'

2018-04-11 09:53:12 - [TEST_STEP][PASSED] - setText: Text '26' is set on object 'Object Repository/Settings/OutgoingIncryptionMethod'

2018-04-11 09:53:12 - [MESSAGE][PASSED] - Text '26' is set on object 'Object Repository/Settings/OutgoingIncryptionMethod'

2018-04-11 09:53:12 - [TEST_STEP][PASSED] - setText: Text 'DummyName26' is set on object 'Object Repository/Settings/UserName'

2018-04-11 09:53:12 - [MESSAGE][PASSED] - Text 'DummyName26' is set on object 'Object Repository/Settings/UserName'

2018-04-11 09:53:12 - [TEST_STEP][PASSED] - setText: Text '123' is set on object 'Object Repository/Settings/Password'

2018-04-11 09:53:12 - [MESSAGE][PASSED] - Text '123' is set on object 'Object Repository/Settings/Password'

2018-04-11 09:53:12 - [TEST_STEP][PASSED] - click: Object: 'Object Repository/Settings/SaveButton' is clicked on

2018-04-11 09:53:12 - [MESSAGE][PASSED] - Object: 'Object Repository/Settings/SaveButton' is clicked on

2018-04-11 09:53:12 - [TEST_STEP][PASSED] - delay: Delayed 5 second(s)

2018-04-11 09:53:17 - [MESSAGE][PASSED] - Delayed 5 second(s)

2018-04-11 09:53:17 - [TEST_STEP][PASSED] - click: Object: 'Object Repository/Settings/AddSMTPsettings' is clicked on

2018-04-11 09:53:18 - [MESSAGE][PASSED] - Object: 'Object Repository/Settings/AddSMTPsettings' is clicked on

2018-04-11 09:53:18 - [TEST_STEP][PASSED] - focus: Object: 'Object Repository/Settings/AddSMTPPopup' is focused

2018-04-11 09:53:18 - [MESSAGE][PASSED] - Object: 'Object Repository/Settings/AddSMTPPopup' is focused

2018-04-11 09:53:18 - [TEST_STEP][PASSED] - delay: Delayed 3 second(s)

2018-04-11 09:53:21 - [MESSAGE][PASSED] - Delayed 3 second(s)

2018-04-11 09:53:21 - [TEST_STEP][PASSED] - setText: Text '26' is set on object 'Object Repository/Settings/IncomingServerName'

2018-04-11 09:53:21 - [MESSAGE][PASSED] - Text '26' is set on object 'Object Repository/Settings/IncomingServerName'

2018-04-11 09:53:21 - [TEST_STEP][PASSED] - setText: Text '26' is set on object 'Object Repository/Settings/OutgoingServerName'

2018-04-11 09:53:21 - [MESSAGE][PASSED] - Text '26' is set on object 'Object Repository/Settings/OutgoingServerName'

2018-04-11 09:53:21 - [TEST_STEP][PASSED] - setText: Text '26' is set on object 'Object Repository/Settings/IncomingIncrytionMethod'

2018-04-11 09:53:21 - [MESSAGE][PASSED] - Text '26' is set on object 'Object Repository/Settings/IncomingIncrytionMethod'

2018-04-11 09:53:21 - [TEST_STEP][PASSED] - setText: Text '26' is set on object 'Object Repository/Settings/OutgoingIncryptionMethod'

2018-04-11 09:53:21 - [MESSAGE][PASSED] - Text '26' is set on object 'Object Repository/Settings/OutgoingIncryptionMethod'

2018-04-11 09:53:21 - [TEST_STEP][PASSED] - setText: Text 'DummyName26' is set on object 'Object Repository/Settings/UserName'

2018-04-11 09:53:21 - [MESSAGE][PASSED] - Text 'DummyName26' is set on object 'Object Repository/Settings/UserName'

2018-04-11 09:53:21 - [TEST_STEP][PASSED] - setText: Text '123' is set on object 'Object Repository/Settings/Password'

2018-04-11 09:53:21 - [MESSAGE][PASSED] - Text '123' is set on object 'Object Repository/Settings/Password'

2018-04-11 09:53:21 - [TEST_STEP][PASSED] - click: Object: 'Object Repository/Settings/SaveButton' is clicked on

2018-04-11 09:53:22 - [MESSAGE][PASSED] - Object: 'Object Repository/Settings/SaveButton' is clicked on

2018-04-11 09:53:22 - [TEST_STEP][PASSED] - delay: Delayed 2 second(s)

2018-04-11 09:53:24 - [MESSAGE][PASSED] - Delayed 2 second(s)

2018-04-11 09:53:24 - [TEST_STEP][PASSED] - focus: Object: 'Object Repository/Settings/DuplicateSMTPError' is focused

2018-04-11 09:53:24 - [MESSAGE][PASSED] - Object: 'Object Repository/Settings/DuplicateSMTPError' is focused

2018-04-11 09:53:24 - [TEST_STEP][PASSED] - Statement - Try: null

2018-04-11 09:53:24 - [TEST_STEP][PASSED] - Statement - ErrMsg = com.kms.katalon.core.webui.keyword.WebUiBuiltInKeywords.getText(com.kms.katalon.core.testobject.ObjectRepository.findTestObject(Object Repository/Settings/DuplicateSMTPError)): Text of object 'Object Repository/Settings/DuplicateSMTPError' is: 'This SMTP settings already exists.'

2018-04-11 09:53:24 - [MESSAGE][PASSED] - Text of object 'Object Repository/Settings/DuplicateSMTPError' is: 'This SMTP settings already exists.'

2018-04-11 09:53:24 - [TEST_STEP][PASSED] - Statement - println(ErrMsg): null

2018-04-11 09:53:24 - [TEST_STEP][PASSED] - Statement - println("Error Message has been displayed"): null

2018-04-11 09:53:24 - [TEST_STEP][PASSED] - Start listener action : AfterTestCaseCloseBrowser: Invoke 'com.kms.katalon.core.annotation.AfterTestCase' method: 'ImScan.AfterTestCaseCloseBrowser(...)' completed.]]></system-out>
         <system-err><![CDATA[]]></system-err>
      </testcase>
      <system-out><![CDATA[2018-04-11 09:51:06 - [TEST_SUITE][FAILED] - Presentation: Test Cases/Smoke/TC-09 FAILED because (of) Unable to verify object 'Object Repository/Create_a_New_Dept/VerfiyHomePageDisplayed' is present (Root cause: com.kms.katalon.core.webui.exception.WebElementNotFoundException: Web element with id: 'Object Repository/Create_a_New_Dept/VerfiyHomePageDisplayed' located by 'By.xpath: //div[text()='Home']' not found)]]></system-out>
      <system-err><![CDATA[2018-04-11 09:51:06 - [TEST_SUITE][FAILED] - Presentation: Test Cases/Smoke/TC-09 FAILED because (of) Unable to verify object 'Object Repository/Create_a_New_Dept/VerfiyHomePageDisplayed' is present (Root cause: com.kms.katalon.core.webui.exception.WebElementNotFoundException: Web element with id: 'Object Repository/Create_a_New_Dept/VerfiyHomePageDisplayed' located by 'By.xpath: //div[text()='Home']' not found)]]></system-err>
   </testsuite>
</testsuites>
