<?xml version="1.0" encoding="UTF-8"?>
<testsuites name="SMOKE_TESTCASES" time="252" tests="7" failures="4" errors="0">
   <testsuite name="SMOKE_TESTCASES" tests="7" failures="4" errors="0" time="252" timestamp="2018-04-25 17:02:07" hostname="Dikshita - RSSPL43.Remote.local" id="Test Suites/SMOKE_TESTCASES">
      <properties>
         <property name="deviceName" value=""/>
         <property name="devicePlatform" value=""/>
         <property name="logFolder" value="C:\\Users\\Dikshita\\git\\imscanredev\\Reports\\SMOKE_TESTCASES\\20180425_170202"/>
         <property name="logFiles" value="C:\\Users\\Dikshita\\git\\imscanredev\\Reports\\SMOKE_TESTCASES\\20180425_170202\\execution0.log"/>
         <property name="attachments" value="C:\\Users\\Dikshita\\git\\imscanredev\\Reports\\SMOKE_TESTCASES\\20180425_170202\\1524655952697.png, C:\\Users\\Dikshita\\git\\imscanredev\\Reports\\SMOKE_TESTCASES\\20180425_170202\\1524655953019.png, C:\\Users\\Dikshita\\git\\imscanredev\\Reports\\SMOKE_TESTCASES\\20180425_170202\\1524656026165.png, C:\\Users\\Dikshita\\git\\imscanredev\\Reports\\SMOKE_TESTCASES\\20180425_170202\\1524656069982.png, C:\\Users\\Dikshita\\git\\imscanredev\\Reports\\SMOKE_TESTCASES\\20180425_170202\\1524656082106.png"/>
         <property name="hostName" value="Dikshita - RSSPL43.Remote.local"/>
         <property name="os" value="Windows 10 64bit"/>
         <property name="katalonVersion" value="5.3.1.1"/>
         <property name="browser" value="Chrome 65.0.3325.181"/>
         <property name="hostAddress" value="192.168.25.135"/>
         <property name="sessionId" value="f3e0b493e6a613d7c531ff788ae2453d"/>
         <property name="seleniumVersion" value="3.7.1"/>
         <property name="proxyInformation" value="ProxyInformation{proxyOption=NO_PROXY, proxyServerType=HTTP, password=, proxyServerAddress=, proxyServerPort=0}"/>
         <property name="platform" value="Windows 10"/>
      </properties>
      <testcase name="Test Cases/Smoke/TC-1 Creating a new Department" classname="Test Cases/Smoke/TC-1 Creating a new Department" status="FAILED">
         <failure type="FAILED" message="Unable to verify object 'Object Repository/Create_a_New_Dept/verifyDisplayedOrNot/td_Law1' is present (Root cause: com.kms.katalon.core.webui.exception.WebElementNotFoundException: Web element with id: 'Object Repository/Create_a_New_Dept/verifyDisplayedOrNot/td_Law1' located by 'By.xpath: //td[(text() = 'Law1' or . = 'Law1')]' not found)"/>
         <system-out><![CDATA[2018-04-25 17:02:07 - [TEST_CASE][FAILED] - Test Cases/Smoke/TC-1 Creating a new Department: Test Cases/Smoke/TC-1 Creating a new Department FAILED because (of) Unable to verify object 'Object Repository/Create_a_New_Dept/verifyDisplayedOrNot/td_Law1' is present (Root cause: com.kms.katalon.core.webui.exception.WebElementNotFoundException: Web element with id: 'Object Repository/Create_a_New_Dept/verifyDisplayedOrNot/td_Law1' located by 'By.xpath: //td[(text() = 'Law1' or . = 'Law1')]' not found)

2018-04-25 17:02:07 - [TEST_STEP][PASSED] - Start listener action : BeforeTestCaseOpenBrowser: Invoke 'com.kms.katalon.core.annotation.BeforeTestCase' method: 'ImScan.BeforeTestCaseOpenBrowser(...)' completed.

2018-04-25 17:02:07 - [TEST_STEP][PASSED] - openBrowser: Browser is opened with url: 'http://35.176.110.57/CSSIMSCANUI/'

2018-04-25 17:02:15 - [MESSAGE][PASSED] - Browser is opened with url: 'http://35.176.110.57/CSSIMSCANUI/'

2018-04-25 17:02:15 - [TEST_STEP][PASSED] - maximizeWindow: Current window maximized

2018-04-25 17:02:16 - [MESSAGE][PASSED] - Current window maximized

2018-04-25 17:02:16 - [TEST_STEP][PASSED] - Statement - TestID = testCaseContext.getTestCaseId(): null

2018-04-25 17:02:16 - [TEST_STEP][PASSED] - Statement - println(TestID): Invoke 'com.kms.katalon.core.annotation.BeforeTestCase' method: 'ImScan.BeforeTestCaseOpenBrowser(...)' completed.

2018-04-25 17:02:16 - [TEST_STEP][PASSED] - setText: Text 'Dixita' is set on object 'Object Repository/Login/Page_IMSCAN/input_UserName'

2018-04-25 17:02:17 - [MESSAGE][PASSED] - Text 'Dixita' is set on object 'Object Repository/Login/Page_IMSCAN/input_UserName'

2018-04-25 17:02:17 - [TEST_STEP][PASSED] - setText: Text 'Dixita123' is set on object 'Object Repository/Login/Page_IMSCAN/input_Password'

2018-04-25 17:02:17 - [MESSAGE][PASSED] - Text 'Dixita123' is set on object 'Object Repository/Login/Page_IMSCAN/input_Password'

2018-04-25 17:02:17 - [TEST_STEP][PASSED] - click: Object: 'Object Repository/Login/Page_IMSCAN/button_Login' is clicked on

2018-04-25 17:02:17 - [MESSAGE][PASSED] - Object: 'Object Repository/Login/Page_IMSCAN/button_Login' is clicked on

2018-04-25 17:02:17 - [TEST_STEP][PASSED] - verifyElementPresent: Object 'Object Repository/Create_a_New_Dept/VerfiyHomePageDisplayed' is present

2018-04-25 17:02:19 - [MESSAGE][PASSED] - Object 'Object Repository/Create_a_New_Dept/VerfiyHomePageDisplayed' is present

2018-04-25 17:02:19 - [TEST_STEP][PASSED] - delay: Delayed 3 second(s)

2018-04-25 17:02:22 - [MESSAGE][PASSED] - Delayed 3 second(s)

2018-04-25 17:02:22 - [TEST_STEP][PASSED] - click: Object: 'Object Repository/Create_a_New_Dept/ClickOnDepartments' is clicked on

2018-04-25 17:02:22 - [MESSAGE][PASSED] - Object: 'Object Repository/Create_a_New_Dept/ClickOnDepartments' is clicked on

2018-04-25 17:02:22 - [TEST_STEP][PASSED] - delay: Delayed 2 second(s)

2018-04-25 17:02:24 - [MESSAGE][PASSED] - Delayed 2 second(s)

2018-04-25 17:02:24 - [TEST_STEP][PASSED] - click: Object: 'Object Repository/Create_a_New_Dept/ClickOnCreateDept' is clicked on

2018-04-25 17:02:24 - [MESSAGE][PASSED] - Object: 'Object Repository/Create_a_New_Dept/ClickOnCreateDept' is clicked on

2018-04-25 17:02:24 - [TEST_STEP][PASSED] - waitForAlert: No alert found after 2 second(s).

2018-04-25 17:02:26 - [MESSAGE][WARNING] - No alert found after 2 second(s).

2018-04-25 17:02:26 - [TEST_STEP][PASSED] - verifyElementVisible: Object 'Object Repository/Create_a_New_Dept/CreateDeptPopup/PopUpforDept/h4_Create Department' is visible

2018-04-25 17:02:26 - [MESSAGE][PASSED] - Object 'Object Repository/Create_a_New_Dept/CreateDeptPopup/PopUpforDept/h4_Create Department' is visible

2018-04-25 17:02:26 - [TEST_STEP][PASSED] - setText: Text '5587' is set on object 'Object Repository/Create_a_New_Dept/CreateDeptPopup/PopUpforDept/input_Code'

2018-04-25 17:02:26 - [MESSAGE][PASSED] - Text '5587' is set on object 'Object Repository/Create_a_New_Dept/CreateDeptPopup/PopUpforDept/input_Code'

2018-04-25 17:02:26 - [TEST_STEP][PASSED] - setText: Text 'Nial1265' is set on object 'Object Repository/Create_a_New_Dept/CreateDeptPopup/PopUpforDept/input_Name'

2018-04-25 17:02:27 - [MESSAGE][PASSED] - Text 'Nial1265' is set on object 'Object Repository/Create_a_New_Dept/CreateDeptPopup/PopUpforDept/input_Name'

2018-04-25 17:02:27 - [TEST_STEP][PASSED] - click: Object: 'Object Repository/Create_a_New_Dept/ClickOnSavePopup' is clicked on

2018-04-25 17:02:27 - [MESSAGE][PASSED] - Object: 'Object Repository/Create_a_New_Dept/ClickOnSavePopup' is clicked on

2018-04-25 17:02:27 - [TEST_STEP][PASSED] - Statement - var1 = com.kms.katalon.core.webui.keyword.WebUiBuiltInKeywords.setText(com.kms.katalon.core.testobject.ObjectRepository.findTestObject(Object Repository/Search/Search_Inspect), "Nial1265"): Text 'Nial1265' is set on object 'Object Repository/Search/Search_Inspect'

2018-04-25 17:02:27 - [MESSAGE][PASSED] - Text 'Nial1265' is set on object 'Object Repository/Search/Search_Inspect'

2018-04-25 17:02:27 - [TEST_STEP][FAILED] - verifyElementPresent: Unable to verify object 'Object Repository/Create_a_New_Dept/verifyDisplayedOrNot/td_Law1' is present (Root cause: com.kms.katalon.core.webui.exception.WebElementNotFoundException: Web element with id: 'Object Repository/Create_a_New_Dept/verifyDisplayedOrNot/td_Law1' located by 'By.xpath: //td[(text() = 'Law1' or . = 'Law1')]' not found)

2018-04-25 17:02:33 - [MESSAGE][FAILED] - com.kms.katalon.core.webui.exception.WebElementNotFoundException: Web element with id: 'Object Repository/Create_a_New_Dept/verifyDisplayedOrNot/td_Law1' located by 'By.xpath: //td[(text() = 'Law1' or . = 'Law1')]' not found
[[ATTACHMENT|C:\\Users\\Dikshita\\git\\imscanredev\\Reports\\SMOKE_TESTCASES\\20180425_170202\\1524655952697.png]]

2018-04-25 17:02:33 - [MESSAGE][FAILED] - Unable to verify object 'Object Repository/Create_a_New_Dept/verifyDisplayedOrNot/td_Law1' is present (Root cause: com.kms.katalon.core.webui.exception.WebElementNotFoundException: Web element with id: 'Object Repository/Create_a_New_Dept/verifyDisplayedOrNot/td_Law1' located by 'By.xpath: //td[(text() = 'Law1' or . = 'Law1')]' not found)
[[ATTACHMENT|C:\\Users\\Dikshita\\git\\imscanredev\\Reports\\SMOKE_TESTCASES\\20180425_170202\\1524655953019.png]]

2018-04-25 17:02:33 - [TEST_STEP][PASSED] - Start listener action : AfterTestCaseCloseBrowser: Invoke 'com.kms.katalon.core.annotation.AfterTestCase' method: 'ImScan.AfterTestCaseCloseBrowser(...)' completed.]]></system-out>
         <system-err><![CDATA[2018-04-25 17:02:07 - [TEST_CASE][FAILED] - Test Cases/Smoke/TC-1 Creating a new Department: Test Cases/Smoke/TC-1 Creating a new Department FAILED because (of) Unable to verify object 'Object Repository/Create_a_New_Dept/verifyDisplayedOrNot/td_Law1' is present (Root cause: com.kms.katalon.core.webui.exception.WebElementNotFoundException: Web element with id: 'Object Repository/Create_a_New_Dept/verifyDisplayedOrNot/td_Law1' located by 'By.xpath: //td[(text() = 'Law1' or . = 'Law1')]' not found)]]></system-err>
      </testcase>
      <testcase name="Test Cases/Smoke/TC-09" classname="Test Cases/Smoke/TC-09" status="PASSED">
         <system-out><![CDATA[2018-04-25 17:02:33 - [TEST_CASE][PASSED] - Test Cases/Smoke/TC-09: Invoke 'com.kms.katalon.core.annotation.AfterTestCase' method: 'ImScan.AfterTestCaseCloseBrowser(...)' completed.

2018-04-25 17:02:33 - [TEST_STEP][PASSED] - Start listener action : BeforeTestCaseOpenBrowser: Invoke 'com.kms.katalon.core.annotation.BeforeTestCase' method: 'ImScan.BeforeTestCaseOpenBrowser(...)' completed.

2018-04-25 17:02:33 - [TEST_STEP][PASSED] - openBrowser: Browser is opened with url: 'http://35.176.110.57/CSSIMSCANUI/'

2018-04-25 17:02:33 - [MESSAGE][WARNING] - A browser is already opened. Closing browser and opening a new one

2018-04-25 17:02:39 - [MESSAGE][PASSED] - Browser is opened with url: 'http://35.176.110.57/CSSIMSCANUI/'

2018-04-25 17:02:39 - [TEST_STEP][PASSED] - maximizeWindow: Current window maximized

2018-04-25 17:02:40 - [MESSAGE][PASSED] - Current window maximized

2018-04-25 17:02:40 - [TEST_STEP][PASSED] - Statement - TestID = testCaseContext.getTestCaseId(): null

2018-04-25 17:02:40 - [TEST_STEP][PASSED] - Statement - println(TestID): Invoke 'com.kms.katalon.core.annotation.BeforeTestCase' method: 'ImScan.BeforeTestCaseOpenBrowser(...)' completed.

2018-04-25 17:02:40 - [TEST_STEP][PASSED] - setText: Text 'Dixita' is set on object 'Object Repository/Login/Page_IMSCAN/input_UserName'

2018-04-25 17:02:40 - [MESSAGE][PASSED] - Text 'Dixita' is set on object 'Object Repository/Login/Page_IMSCAN/input_UserName'

2018-04-25 17:02:40 - [TEST_STEP][PASSED] - setText: Text 'Dixita123' is set on object 'Object Repository/Login/Page_IMSCAN/input_Password'

2018-04-25 17:02:41 - [MESSAGE][PASSED] - Text 'Dixita123' is set on object 'Object Repository/Login/Page_IMSCAN/input_Password'

2018-04-25 17:02:41 - [TEST_STEP][PASSED] - click: Object: 'Object Repository/Login/Page_IMSCAN/button_Login' is clicked on

2018-04-25 17:02:41 - [MESSAGE][PASSED] - Object: 'Object Repository/Login/Page_IMSCAN/button_Login' is clicked on

2018-04-25 17:02:41 - [TEST_STEP][PASSED] - verifyElementPresent: Object 'Object Repository/Create_a_New_Dept/VerfiyHomePageDisplayed' is present

2018-04-25 17:02:42 - [MESSAGE][PASSED] - Object 'Object Repository/Create_a_New_Dept/VerfiyHomePageDisplayed' is present

2018-04-25 17:02:42 - [TEST_STEP][PASSED] - delay: Delayed 3 second(s)

2018-04-25 17:02:45 - [MESSAGE][PASSED] - Delayed 3 second(s)

2018-04-25 17:02:45 - [TEST_STEP][PASSED] - click: Object: 'Object Repository/Create_a_New_Dept/ClickOnDepartments' is clicked on

2018-04-25 17:02:45 - [MESSAGE][PASSED] - Object: 'Object Repository/Create_a_New_Dept/ClickOnDepartments' is clicked on

2018-04-25 17:02:45 - [TEST_STEP][PASSED] - delay: Delayed 2 second(s)

2018-04-25 17:02:47 - [MESSAGE][PASSED] - Delayed 2 second(s)

2018-04-25 17:02:47 - [TEST_STEP][PASSED] - click: Object: 'Object Repository/Create_a_New_Dept/ClickOnCreateDept' is clicked on

2018-04-25 17:02:47 - [MESSAGE][PASSED] - Object: 'Object Repository/Create_a_New_Dept/ClickOnCreateDept' is clicked on

2018-04-25 17:02:47 - [TEST_STEP][PASSED] - waitForAlert: No alert found after 2 second(s).

2018-04-25 17:02:49 - [MESSAGE][WARNING] - No alert found after 2 second(s).

2018-04-25 17:02:49 - [TEST_STEP][PASSED] - verifyElementVisible: Object 'Object Repository/Create_a_New_Dept/CreateDeptPopup/PopUpforDept/h4_Create Department' is visible

2018-04-25 17:02:50 - [MESSAGE][PASSED] - Object 'Object Repository/Create_a_New_Dept/CreateDeptPopup/PopUpforDept/h4_Create Department' is visible

2018-04-25 17:02:50 - [TEST_STEP][PASSED] - setText: Text '10005' is set on object 'Object Repository/Create_a_New_Dept/CreateDeptPopup/PopUpforDept/input_Code'

2018-04-25 17:02:50 - [MESSAGE][PASSED] - Text '10005' is set on object 'Object Repository/Create_a_New_Dept/CreateDeptPopup/PopUpforDept/input_Code'

2018-04-25 17:02:50 - [TEST_STEP][PASSED] - setText: Text 'Contracts' is set on object 'Object Repository/Create_a_New_Dept/CreateDeptPopup/PopUpforDept/input_Name'

2018-04-25 17:02:50 - [MESSAGE][PASSED] - Text 'Contracts' is set on object 'Object Repository/Create_a_New_Dept/CreateDeptPopup/PopUpforDept/input_Name'

2018-04-25 17:02:50 - [TEST_STEP][PASSED] - click: Object: 'Object Repository/Create_a_New_Dept/ClickOnSavePopup' is clicked on

2018-04-25 17:02:50 - [MESSAGE][PASSED] - Object: 'Object Repository/Create_a_New_Dept/ClickOnSavePopup' is clicked on

2018-04-25 17:02:50 - [TEST_STEP][PASSED] - focus: Object: 'Object Repository/Create_a_New_Dept/AlreadyExistingDeptCode-DeptName' is focused

2018-04-25 17:02:50 - [MESSAGE][PASSED] - Object: 'Object Repository/Create_a_New_Dept/AlreadyExistingDeptCode-DeptName' is focused

2018-04-25 17:02:50 - [TEST_STEP][PASSED] - Statement - Try: null

2018-04-25 17:02:50 - [TEST_STEP][PASSED] - Statement - Errormsg = com.kms.katalon.core.webui.keyword.WebUiBuiltInKeywords.getText(com.kms.katalon.core.testobject.ObjectRepository.findTestObject(Object Repository/Create_a_New_Dept/AlreadyExistingDeptCode-DeptName)): Text of object 'Object Repository/Create_a_New_Dept/AlreadyExistingDeptCode-DeptName' is: ''

2018-04-25 17:02:50 - [MESSAGE][PASSED] - Text of object 'Object Repository/Create_a_New_Dept/AlreadyExistingDeptCode-DeptName' is: ''

2018-04-25 17:02:50 - [TEST_STEP][PASSED] - Statement - println(Errormsg): null

2018-04-25 17:02:50 - [TEST_STEP][PASSED] - Statement - println("Error Message has been Displayed"): null

2018-04-25 17:02:50 - [TEST_STEP][PASSED] - Start listener action : AfterTestCaseCloseBrowser: Invoke 'com.kms.katalon.core.annotation.AfterTestCase' method: 'ImScan.AfterTestCaseCloseBrowser(...)' completed.]]></system-out>
         <system-err><![CDATA[]]></system-err>
      </testcase>
      <testcase name="Test Cases/Smoke/TC-18_Create_New_Role" classname="Test Cases/Smoke/TC-18_Create_New_Role" status="FAILED">
         <failure type="FAILED" message="Unable to move mouse over object 'Object Repository/Create_New_Role/Page_IMSCAN - Edocs/span_Kapoor' (Root cause: com.kms.katalon.core.webui.exception.WebElementNotFoundException: Web element with id: 'Object Repository/Create_New_Role/Page_IMSCAN - Edocs/span_Kapoor' located by 'By.xpath: //span[@title = 'Tina Kapoor' and (text() = 'Tina Kapoor' or . = 'Tina Kapoor')]' not found)"/>
         <system-out><![CDATA[2018-04-25 17:02:50 - [TEST_CASE][FAILED] - Test Cases/Smoke/TC-18_Create_New_Role: Test Cases/Smoke/TC-18_Create_New_Role FAILED because (of) Unable to move mouse over object 'Object Repository/Create_New_Role/Page_IMSCAN - Edocs/span_Kapoor' (Root cause: com.kms.katalon.core.webui.exception.WebElementNotFoundException: Web element with id: 'Object Repository/Create_New_Role/Page_IMSCAN - Edocs/span_Kapoor' located by 'By.xpath: //span[@title = 'Tina Kapoor' and (text() = 'Tina Kapoor' or . = 'Tina Kapoor')]' not found)

2018-04-25 17:02:50 - [TEST_STEP][PASSED] - Start listener action : BeforeTestCaseOpenBrowser: Invoke 'com.kms.katalon.core.annotation.BeforeTestCase' method: 'ImScan.BeforeTestCaseOpenBrowser(...)' completed.

2018-04-25 17:02:50 - [TEST_STEP][PASSED] - openBrowser: Browser is opened with url: 'http://35.176.110.57/CSSIMSCANUI/'

2018-04-25 17:02:50 - [MESSAGE][WARNING] - A browser is already opened. Closing browser and opening a new one

2018-04-25 17:02:57 - [MESSAGE][PASSED] - Browser is opened with url: 'http://35.176.110.57/CSSIMSCANUI/'

2018-04-25 17:02:57 - [TEST_STEP][PASSED] - maximizeWindow: Current window maximized

2018-04-25 17:02:58 - [MESSAGE][PASSED] - Current window maximized

2018-04-25 17:02:58 - [TEST_STEP][PASSED] - Statement - TestID = testCaseContext.getTestCaseId(): null

2018-04-25 17:02:58 - [TEST_STEP][PASSED] - Statement - println(TestID): Invoke 'com.kms.katalon.core.annotation.BeforeTestCase' method: 'ImScan.BeforeTestCaseOpenBrowser(...)' completed.

2018-04-25 17:02:58 - [TEST_STEP][PASSED] - setText: Text 'Dixita' is set on object 'Object Repository/Create_New_Role/Page_IMSCAN/input_UserName'

2018-04-25 17:02:58 - [MESSAGE][PASSED] - Text 'Dixita' is set on object 'Object Repository/Create_New_Role/Page_IMSCAN/input_UserName'

2018-04-25 17:02:58 - [TEST_STEP][PASSED] - setText: Text 'Dixita123' is set on object 'Object Repository/Create_New_Role/Page_IMSCAN/input_Password'

2018-04-25 17:02:59 - [MESSAGE][PASSED] - Text 'Dixita123' is set on object 'Object Repository/Create_New_Role/Page_IMSCAN/input_Password'

2018-04-25 17:02:59 - [TEST_STEP][PASSED] - click: Object: 'Object Repository/Create_New_Role/Page_IMSCAN/button_Login' is clicked on

2018-04-25 17:02:59 - [MESSAGE][PASSED] - Object: 'Object Repository/Create_New_Role/Page_IMSCAN/button_Login' is clicked on

2018-04-25 17:02:59 - [TEST_STEP][PASSED] - click: Object: 'Object Repository/Create_New_Role/Page_IMSCAN - EDoc System/div_box' is clicked on

2018-04-25 17:03:00 - [MESSAGE][PASSED] - Object: 'Object Repository/Create_New_Role/Page_IMSCAN - EDoc System/div_box' is clicked on

2018-04-25 17:03:00 - [TEST_STEP][PASSED] - click: Object: 'Object Repository/Create_New_Role/Page_IMSCAN - Edocs/span_Create Role' is clicked on

2018-04-25 17:03:02 - [MESSAGE][PASSED] - Object: 'Object Repository/Create_New_Role/Page_IMSCAN - Edocs/span_Create Role' is clicked on

2018-04-25 17:03:02 - [TEST_STEP][PASSED] - verifyElementPresent: Object 'Object Repository/Create_New_Role/Page_IMSCAN - Edocs/h4_Add Role' is present

2018-04-25 17:03:02 - [MESSAGE][PASSED] - Object 'Object Repository/Create_New_Role/Page_IMSCAN - Edocs/h4_Add Role' is present

2018-04-25 17:03:02 - [TEST_STEP][PASSED] - focus: Object: 'Object Repository/Create_New_Role/Page_IMSCAN - Edocs/div_Role Name' is focused

2018-04-25 17:03:03 - [MESSAGE][PASSED] - Object: 'Object Repository/Create_New_Role/Page_IMSCAN - Edocs/div_Role Name' is focused

2018-04-25 17:03:03 - [TEST_STEP][PASSED] - focus: Object: 'Object Repository/Create_New_Role/Page_IMSCAN - Edocs/input_Name' is focused

2018-04-25 17:03:03 - [MESSAGE][PASSED] - Object: 'Object Repository/Create_New_Role/Page_IMSCAN - Edocs/input_Name' is focused

2018-04-25 17:03:03 - [TEST_STEP][PASSED] - setText: Text 'Tinal Kapoor' is set on object 'Object Repository/Create_New_Role/Page_IMSCAN - Edocs/input_Name'

2018-04-25 17:03:03 - [MESSAGE][PASSED] - Text 'Tinal Kapoor' is set on object 'Object Repository/Create_New_Role/Page_IMSCAN - Edocs/input_Name'

2018-04-25 17:03:03 - [TEST_STEP][PASSED] - click: Object: 'Object Repository/Create_New_Role/Page_IMSCAN - Edocs/li_Imscan User' is clicked on

2018-04-25 17:03:03 - [MESSAGE][PASSED] - Object: 'Object Repository/Create_New_Role/Page_IMSCAN - Edocs/li_Imscan User' is clicked on

2018-04-25 17:03:03 - [TEST_STEP][PASSED] - click: Object: 'Object Repository/Create_New_Role/Page_IMSCAN - Edocs/span_glyphicon glyphicon-chevr' is clicked on

2018-04-25 17:03:04 - [MESSAGE][PASSED] - Object: 'Object Repository/Create_New_Role/Page_IMSCAN - Edocs/span_glyphicon glyphicon-chevr' is clicked on

2018-04-25 17:03:04 - [TEST_STEP][PASSED] - click: Object: 'Object Repository/Create_New_Role/Page_IMSCAN - Edocs/button_Save' is clicked on

2018-04-25 17:03:04 - [MESSAGE][PASSED] - Object: 'Object Repository/Create_New_Role/Page_IMSCAN - Edocs/button_Save' is clicked on

2018-04-25 17:03:04 - [TEST_STEP][PASSED] - waitForPageLoad: Wait for page load successfully

2018-04-25 17:03:04 - [MESSAGE][PASSED] - Wait for page load successfully

2018-04-25 17:03:04 - [TEST_STEP][PASSED] - setText: Text 'Tinal' is set on object 'Object Repository/Create_New_Role/Page_IMSCAN - Edocs/input'

2018-04-25 17:03:04 - [MESSAGE][PASSED] - Text 'Tinal' is set on object 'Object Repository/Create_New_Role/Page_IMSCAN - Edocs/input'

2018-04-25 17:03:04 - [TEST_STEP][PASSED] - waitForElementVisible: Web element with id: 'Object Repository/Create_New_Role/Page_IMSCAN - Edocs/span_Kapoor' located by 'By.xpath: //span[@title = 'Tina Kapoor' and (text() = 'Tina Kapoor' or . = 'Tina Kapoor')]' not found

2018-04-25 17:03:14 - [MESSAGE][WARNING] - Web element with id: 'Object Repository/Create_New_Role/Page_IMSCAN - Edocs/span_Kapoor' located by 'By.xpath: //span[@title = 'Tina Kapoor' and (text() = 'Tina Kapoor' or . = 'Tina Kapoor')]' not found

2018-04-25 17:03:14 - [TEST_STEP][FAILED] - mouseOver: Unable to move mouse over object 'Object Repository/Create_New_Role/Page_IMSCAN - Edocs/span_Kapoor' (Root cause: com.kms.katalon.core.webui.exception.WebElementNotFoundException: Web element with id: 'Object Repository/Create_New_Role/Page_IMSCAN - Edocs/span_Kapoor' located by 'By.xpath: //span[@title = 'Tina Kapoor' and (text() = 'Tina Kapoor' or . = 'Tina Kapoor')]' not found)

2018-04-25 17:03:46 - [MESSAGE][FAILED] - Unable to move mouse over object 'Object Repository/Create_New_Role/Page_IMSCAN - Edocs/span_Kapoor' (Root cause: com.kms.katalon.core.webui.exception.WebElementNotFoundException: Web element with id: 'Object Repository/Create_New_Role/Page_IMSCAN - Edocs/span_Kapoor' located by 'By.xpath: //span[@title = 'Tina Kapoor' and (text() = 'Tina Kapoor' or . = 'Tina Kapoor')]' not found)
[[ATTACHMENT|C:\\Users\\Dikshita\\git\\imscanredev\\Reports\\SMOKE_TESTCASES\\20180425_170202\\1524656026165.png]]

2018-04-25 17:03:46 - [TEST_STEP][PASSED] - Start listener action : AfterTestCaseCloseBrowser: Invoke 'com.kms.katalon.core.annotation.AfterTestCase' method: 'ImScan.AfterTestCaseCloseBrowser(...)' completed.]]></system-out>
         <system-err><![CDATA[2018-04-25 17:02:50 - [TEST_CASE][FAILED] - Test Cases/Smoke/TC-18_Create_New_Role: Test Cases/Smoke/TC-18_Create_New_Role FAILED because (of) Unable to move mouse over object 'Object Repository/Create_New_Role/Page_IMSCAN - Edocs/span_Kapoor' (Root cause: com.kms.katalon.core.webui.exception.WebElementNotFoundException: Web element with id: 'Object Repository/Create_New_Role/Page_IMSCAN - Edocs/span_Kapoor' located by 'By.xpath: //span[@title = 'Tina Kapoor' and (text() = 'Tina Kapoor' or . = 'Tina Kapoor')]' not found)]]></system-err>
      </testcase>
      <testcase name="Test Cases/Smoke/TC-26" classname="Test Cases/Smoke/TC-26" status="FAILED">
         <failure type="FAILED" message="Unable to click on object 'Object Repository/Users/CreateUser' (Root cause: com.kms.katalon.core.webui.exception.WebElementNotFoundException: Web element with id: 'Object Repository/Users/CreateUser' located by 'By.xpath: //span[@id='createUser']' not found)"/>
         <system-out><![CDATA[2018-04-25 17:03:46 - [TEST_CASE][FAILED] - Test Cases/Smoke/TC-26: Test Cases/Smoke/TC-26 FAILED because (of) Unable to click on object 'Object Repository/Users/CreateUser' (Root cause: com.kms.katalon.core.webui.exception.WebElementNotFoundException: Web element with id: 'Object Repository/Users/CreateUser' located by 'By.xpath: //span[@id='createUser']' not found)

2018-04-25 17:03:46 - [TEST_STEP][PASSED] - Start listener action : BeforeTestCaseOpenBrowser: Invoke 'com.kms.katalon.core.annotation.BeforeTestCase' method: 'ImScan.BeforeTestCaseOpenBrowser(...)' completed.

2018-04-25 17:03:46 - [TEST_STEP][PASSED] - openBrowser: Browser is opened with url: 'http://35.176.110.57/CSSIMSCANUI/'

2018-04-25 17:03:46 - [MESSAGE][WARNING] - A browser is already opened. Closing browser and opening a new one

2018-04-25 17:03:51 - [MESSAGE][PASSED] - Browser is opened with url: 'http://35.176.110.57/CSSIMSCANUI/'

2018-04-25 17:03:51 - [TEST_STEP][PASSED] - maximizeWindow: Current window maximized

2018-04-25 17:03:53 - [MESSAGE][PASSED] - Current window maximized

2018-04-25 17:03:53 - [TEST_STEP][PASSED] - Statement - TestID = testCaseContext.getTestCaseId(): null

2018-04-25 17:03:53 - [TEST_STEP][PASSED] - Statement - println(TestID): Invoke 'com.kms.katalon.core.annotation.BeforeTestCase' method: 'ImScan.BeforeTestCaseOpenBrowser(...)' completed.

2018-04-25 17:03:53 - [TEST_STEP][PASSED] - setText: Text 'Dixita' is set on object 'Object Repository/Login/Page_IMSCAN/input_UserName'

2018-04-25 17:03:53 - [MESSAGE][PASSED] - Text 'Dixita' is set on object 'Object Repository/Login/Page_IMSCAN/input_UserName'

2018-04-25 17:03:53 - [TEST_STEP][PASSED] - setText: Text 'Dixita123' is set on object 'Object Repository/Login/Page_IMSCAN/input_Password'

2018-04-25 17:03:53 - [MESSAGE][PASSED] - Text 'Dixita123' is set on object 'Object Repository/Login/Page_IMSCAN/input_Password'

2018-04-25 17:03:53 - [TEST_STEP][PASSED] - click: Object: 'Object Repository/Login/Page_IMSCAN/button_Login' is clicked on

2018-04-25 17:03:53 - [MESSAGE][PASSED] - Object: 'Object Repository/Login/Page_IMSCAN/button_Login' is clicked on

2018-04-25 17:03:53 - [TEST_STEP][PASSED] - verifyElementPresent: Object 'Object Repository/Create_a_New_Dept/VerfiyHomePageDisplayed' is present

2018-04-25 17:03:55 - [MESSAGE][PASSED] - Object 'Object Repository/Create_a_New_Dept/VerfiyHomePageDisplayed' is present

2018-04-25 17:03:55 - [TEST_STEP][PASSED] - delay: Delayed 3 second(s)

2018-04-25 17:03:58 - [MESSAGE][PASSED] - Delayed 3 second(s)

2018-04-25 17:03:58 - [TEST_STEP][PASSED] - click: Object: 'Object Repository/Users/Users' is clicked on

2018-04-25 17:03:58 - [MESSAGE][PASSED] - Object: 'Object Repository/Users/Users' is clicked on

2018-04-25 17:03:58 - [TEST_STEP][FAILED] - click: Unable to click on object 'Object Repository/Users/CreateUser' (Root cause: com.kms.katalon.core.webui.exception.WebElementNotFoundException: Web element with id: 'Object Repository/Users/CreateUser' located by 'By.xpath: //span[@id='createUser']' not found)

2018-04-25 17:04:30 - [MESSAGE][FAILED] - Unable to click on object 'Object Repository/Users/CreateUser' (Root cause: com.kms.katalon.core.webui.exception.WebElementNotFoundException: Web element with id: 'Object Repository/Users/CreateUser' located by 'By.xpath: //span[@id='createUser']' not found)
[[ATTACHMENT|C:\\Users\\Dikshita\\git\\imscanredev\\Reports\\SMOKE_TESTCASES\\20180425_170202\\1524656069982.png]]

2018-04-25 17:04:30 - [TEST_STEP][PASSED] - Start listener action : AfterTestCaseCloseBrowser: Invoke 'com.kms.katalon.core.annotation.AfterTestCase' method: 'ImScan.AfterTestCaseCloseBrowser(...)' completed.]]></system-out>
         <system-err><![CDATA[2018-04-25 17:03:46 - [TEST_CASE][FAILED] - Test Cases/Smoke/TC-26: Test Cases/Smoke/TC-26 FAILED because (of) Unable to click on object 'Object Repository/Users/CreateUser' (Root cause: com.kms.katalon.core.webui.exception.WebElementNotFoundException: Web element with id: 'Object Repository/Users/CreateUser' located by 'By.xpath: //span[@id='createUser']' not found)]]></system-err>
      </testcase>
      <testcase name="Test Cases/Smoke/TC-46" classname="Test Cases/Smoke/TC-46" status="FAILED">
         <failure type="FAILED" message="Unable to focus on object 'Object Repository/Settings/EmailSettingsPopUp' (Root cause: org.openqa.selenium.StaleElementReferenceException: stale element reference: element is not attached to the page document
  (Session info: chrome=65.0.3325.181)
  (Driver info: chromedriver=2.35.528161 (5b82f2d2aae0ca24b877009200ced9065a772e73),platform=Windows NT 10.0.10240 x86_64) (WARNING: The server did not provide any stacktrace information)
Command duration or timeout: 0 milliseconds
For documentation on this error, please visit: http://seleniumhq.org/exceptions/stale_element_reference.html
Build info: version: '3.7.1', revision: '8a0099a', time: '2017-11-06T21:07:36.161Z'
System info: host: 'RSSPL43', ip: '192.168.25.135', os.name: 'Windows 10', os.arch: 'amd64', os.version: '10.0', java.version: '1.8.0_102'
Driver info: com.kms.katalon.selenium.driver.CChromeDriver
Capabilities {acceptInsecureCerts: false, acceptSslCerts: false, applicationCacheEnabled: false, browserConnectionEnabled: false, browserName: chrome, chrome: {chromedriverVersion: 2.35.528161 (5b82f2d2aae0ca..., userDataDir: C:\Users\Dikshita\AppData\L...}, cssSelectorsEnabled: true, databaseEnabled: false, handlesAlerts: true, hasTouchScreen: false, javascriptEnabled: true, locationContextEnabled: true, mobileEmulationEnabled: false, nativeEvents: true, networkConnectionEnabled: false, pageLoadStrategy: normal, platform: XP, platformName: XP, rotatable: false, setWindowRect: true, takesHeapSnapshot: true, takesScreenshot: true, unexpectedAlertBehaviour: , unhandledPromptBehavior: , version: 65.0.3325.181, webStorageEnabled: true}
Session ID: c0cafe10b1a3df0010d91bd7b888dec7)"/>
         <system-out><![CDATA[2018-04-25 17:04:30 - [TEST_CASE][FAILED] - Test Cases/Smoke/TC-46: Test Cases/Smoke/TC-46 FAILED because (of) Unable to focus on object 'Object Repository/Settings/EmailSettingsPopUp' (Root cause: org.openqa.selenium.StaleElementReferenceException: stale element reference: element is not attached to the page document
  (Session info: chrome=65.0.3325.181)
  (Driver info: chromedriver=2.35.528161 (5b82f2d2aae0ca24b877009200ced9065a772e73),platform=Windows NT 10.0.10240 x86_64) (WARNING: The server did not provide any stacktrace information)
Command duration or timeout: 0 milliseconds
For documentation on this error, please visit: http://seleniumhq.org/exceptions/stale_element_reference.html
Build info: version: '3.7.1', revision: '8a0099a', time: '2017-11-06T21:07:36.161Z'
System info: host: 'RSSPL43', ip: '192.168.25.135', os.name: 'Windows 10', os.arch: 'amd64', os.version: '10.0', java.version: '1.8.0_102'
Driver info: com.kms.katalon.selenium.driver.CChromeDriver
Capabilities {acceptInsecureCerts: false, acceptSslCerts: false, applicationCacheEnabled: false, browserConnectionEnabled: false, browserName: chrome, chrome: {chromedriverVersion: 2.35.528161 (5b82f2d2aae0ca..., userDataDir: C:\Users\Dikshita\AppData\L...}, cssSelectorsEnabled: true, databaseEnabled: false, handlesAlerts: true, hasTouchScreen: false, javascriptEnabled: true, locationContextEnabled: true, mobileEmulationEnabled: false, nativeEvents: true, networkConnectionEnabled: false, pageLoadStrategy: normal, platform: XP, platformName: XP, rotatable: false, setWindowRect: true, takesHeapSnapshot: true, takesScreenshot: true, unexpectedAlertBehaviour: , unhandledPromptBehavior: , version: 65.0.3325.181, webStorageEnabled: true}
Session ID: c0cafe10b1a3df0010d91bd7b888dec7)

2018-04-25 17:04:30 - [TEST_STEP][PASSED] - Start listener action : BeforeTestCaseOpenBrowser: Invoke 'com.kms.katalon.core.annotation.BeforeTestCase' method: 'ImScan.BeforeTestCaseOpenBrowser(...)' completed.

2018-04-25 17:04:30 - [TEST_STEP][PASSED] - openBrowser: Browser is opened with url: 'http://35.176.110.57/CSSIMSCANUI/'

2018-04-25 17:04:30 - [MESSAGE][WARNING] - A browser is already opened. Closing browser and opening a new one

2018-04-25 17:04:35 - [MESSAGE][PASSED] - Browser is opened with url: 'http://35.176.110.57/CSSIMSCANUI/'

2018-04-25 17:04:35 - [TEST_STEP][PASSED] - maximizeWindow: Current window maximized

2018-04-25 17:04:36 - [MESSAGE][PASSED] - Current window maximized

2018-04-25 17:04:36 - [TEST_STEP][PASSED] - Statement - TestID = testCaseContext.getTestCaseId(): null

2018-04-25 17:04:36 - [TEST_STEP][PASSED] - Statement - println(TestID): Invoke 'com.kms.katalon.core.annotation.BeforeTestCase' method: 'ImScan.BeforeTestCaseOpenBrowser(...)' completed.

2018-04-25 17:04:36 - [TEST_STEP][PASSED] - setText: Text 'Dixita' is set on object 'Object Repository/Login/Page_IMSCAN/input_UserName'

2018-04-25 17:04:37 - [MESSAGE][PASSED] - Text 'Dixita' is set on object 'Object Repository/Login/Page_IMSCAN/input_UserName'

2018-04-25 17:04:37 - [TEST_STEP][PASSED] - setText: Text 'Dixita123' is set on object 'Object Repository/Login/Page_IMSCAN/input_Password'

2018-04-25 17:04:37 - [MESSAGE][PASSED] - Text 'Dixita123' is set on object 'Object Repository/Login/Page_IMSCAN/input_Password'

2018-04-25 17:04:37 - [TEST_STEP][PASSED] - click: Object: 'Object Repository/Login/Page_IMSCAN/button_Login' is clicked on

2018-04-25 17:04:37 - [MESSAGE][PASSED] - Object: 'Object Repository/Login/Page_IMSCAN/button_Login' is clicked on

2018-04-25 17:04:37 - [TEST_STEP][PASSED] - click: Object: 'Object Repository/Settings/ClickOnSettings' is clicked on

2018-04-25 17:04:38 - [MESSAGE][PASSED] - Object: 'Object Repository/Settings/ClickOnSettings' is clicked on

2018-04-25 17:04:38 - [TEST_STEP][PASSED] - click: Object: 'Object Repository/Settings/ClickOnEmailSettings' is clicked on

2018-04-25 17:04:39 - [MESSAGE][PASSED] - Object: 'Object Repository/Settings/ClickOnEmailSettings' is clicked on

2018-04-25 17:04:39 - [TEST_STEP][PASSED] - delay: Delayed 2 second(s)

2018-04-25 17:04:41 - [MESSAGE][PASSED] - Delayed 2 second(s)

2018-04-25 17:04:41 - [TEST_STEP][PASSED] - click: Object: 'Object Repository/Settings/ClickOnEmailSettings' is clicked on

2018-04-25 17:04:41 - [MESSAGE][PASSED] - Object: 'Object Repository/Settings/ClickOnEmailSettings' is clicked on

2018-04-25 17:04:41 - [TEST_STEP][PASSED] - click: Object: 'Object Repository/Settings/AddEmailSettings' is clicked on

2018-04-25 17:04:41 - [MESSAGE][PASSED] - Object: 'Object Repository/Settings/AddEmailSettings' is clicked on

2018-04-25 17:04:41 - [TEST_STEP][FAILED] - focus: Unable to focus on object 'Object Repository/Settings/EmailSettingsPopUp' (Root cause: org.openqa.selenium.StaleElementReferenceException: stale element reference: element is not attached to the page document
  (Session info: chrome=65.0.3325.181)
  (Driver info: chromedriver=2.35.528161 (5b82f2d2aae0ca24b877009200ced9065a772e73),platform=Windows NT 10.0.10240 x86_64) (WARNING: The server did not provide any stacktrace information)
Command duration or timeout: 0 milliseconds
For documentation on this error, please visit: http://seleniumhq.org/exceptions/stale_element_reference.html
Build info: version: '3.7.1', revision: '8a0099a', time: '2017-11-06T21:07:36.161Z'
System info: host: 'RSSPL43', ip: '192.168.25.135', os.name: 'Windows 10', os.arch: 'amd64', os.version: '10.0', java.version: '1.8.0_102'
Driver info: com.kms.katalon.selenium.driver.CChromeDriver
Capabilities {acceptInsecureCerts: false, acceptSslCerts: false, applicationCacheEnabled: false, browserConnectionEnabled: false, browserName: chrome, chrome: {chromedriverVersion: 2.35.528161 (5b82f2d2aae0ca..., userDataDir: C:\Users\Dikshita\AppData\L...}, cssSelectorsEnabled: true, databaseEnabled: false, handlesAlerts: true, hasTouchScreen: false, javascriptEnabled: true, locationContextEnabled: true, mobileEmulationEnabled: false, nativeEvents: true, networkConnectionEnabled: false, pageLoadStrategy: normal, platform: XP, platformName: XP, rotatable: false, setWindowRect: true, takesHeapSnapshot: true, takesScreenshot: true, unexpectedAlertBehaviour: , unhandledPromptBehavior: , version: 65.0.3325.181, webStorageEnabled: true}
Session ID: c0cafe10b1a3df0010d91bd7b888dec7)

2018-04-25 17:04:42 - [MESSAGE][FAILED] - Unable to focus on object 'Object Repository/Settings/EmailSettingsPopUp' (Root cause: org.openqa.selenium.StaleElementReferenceException: stale element reference: element is not attached to the page document
  (Session info: chrome=65.0.3325.181)
  (Driver info: chromedriver=2.35.528161 (5b82f2d2aae0ca24b877009200ced9065a772e73),platform=Windows NT 10.0.10240 x86_64) (WARNING: The server did not provide any stacktrace information)
Command duration or timeout: 0 milliseconds
For documentation on this error, please visit: http://seleniumhq.org/exceptions/stale_element_reference.html
Build info: version: '3.7.1', revision: '8a0099a', time: '2017-11-06T21:07:36.161Z'
System info: host: 'RSSPL43', ip: '192.168.25.135', os.name: 'Windows 10', os.arch: 'amd64', os.version: '10.0', java.version: '1.8.0_102'
Driver info: com.kms.katalon.selenium.driver.CChromeDriver
Capabilities {acceptInsecureCerts: false, acceptSslCerts: false, applicationCacheEnabled: false, browserConnectionEnabled: false, browserName: chrome, chrome: {chromedriverVersion: 2.35.528161 (5b82f2d2aae0ca..., userDataDir: C:\Users\Dikshita\AppData\L...}, cssSelectorsEnabled: true, databaseEnabled: false, handlesAlerts: true, hasTouchScreen: false, javascriptEnabled: true, locationContextEnabled: true, mobileEmulationEnabled: false, nativeEvents: true, networkConnectionEnabled: false, pageLoadStrategy: normal, platform: XP, platformName: XP, rotatable: false, setWindowRect: true, takesHeapSnapshot: true, takesScreenshot: true, unexpectedAlertBehaviour: , unhandledPromptBehavior: , version: 65.0.3325.181, webStorageEnabled: true}
Session ID: c0cafe10b1a3df0010d91bd7b888dec7)
[[ATTACHMENT|C:\\Users\\Dikshita\\git\\imscanredev\\Reports\\SMOKE_TESTCASES\\20180425_170202\\1524656082106.png]]

2018-04-25 17:04:42 - [TEST_STEP][PASSED] - Start listener action : AfterTestCaseCloseBrowser: Invoke 'com.kms.katalon.core.annotation.AfterTestCase' method: 'ImScan.AfterTestCaseCloseBrowser(...)' completed.]]></system-out>
         <system-err><![CDATA[2018-04-25 17:04:30 - [TEST_CASE][FAILED] - Test Cases/Smoke/TC-46: Test Cases/Smoke/TC-46 FAILED because (of) Unable to focus on object 'Object Repository/Settings/EmailSettingsPopUp' (Root cause: org.openqa.selenium.StaleElementReferenceException: stale element reference: element is not attached to the page document
  (Session info: chrome=65.0.3325.181)
  (Driver info: chromedriver=2.35.528161 (5b82f2d2aae0ca24b877009200ced9065a772e73),platform=Windows NT 10.0.10240 x86_64) (WARNING: The server did not provide any stacktrace information)
Command duration or timeout: 0 milliseconds
For documentation on this error, please visit: http://seleniumhq.org/exceptions/stale_element_reference.html
Build info: version: '3.7.1', revision: '8a0099a', time: '2017-11-06T21:07:36.161Z'
System info: host: 'RSSPL43', ip: '192.168.25.135', os.name: 'Windows 10', os.arch: 'amd64', os.version: '10.0', java.version: '1.8.0_102'
Driver info: com.kms.katalon.selenium.driver.CChromeDriver
Capabilities {acceptInsecureCerts: false, acceptSslCerts: false, applicationCacheEnabled: false, browserConnectionEnabled: false, browserName: chrome, chrome: {chromedriverVersion: 2.35.528161 (5b82f2d2aae0ca..., userDataDir: C:\Users\Dikshita\AppData\L...}, cssSelectorsEnabled: true, databaseEnabled: false, handlesAlerts: true, hasTouchScreen: false, javascriptEnabled: true, locationContextEnabled: true, mobileEmulationEnabled: false, nativeEvents: true, networkConnectionEnabled: false, pageLoadStrategy: normal, platform: XP, platformName: XP, rotatable: false, setWindowRect: true, takesHeapSnapshot: true, takesScreenshot: true, unexpectedAlertBehaviour: , unhandledPromptBehavior: , version: 65.0.3325.181, webStorageEnabled: true}
Session ID: c0cafe10b1a3df0010d91bd7b888dec7)]]></system-err>
      </testcase>
      <testcase name="Test Cases/Smoke/TC-62" classname="Test Cases/Smoke/TC-62" status="PASSED">
         <system-out><![CDATA[2018-04-25 17:04:42 - [TEST_CASE][PASSED] - Test Cases/Smoke/TC-62: Invoke 'com.kms.katalon.core.annotation.AfterTestCase' method: 'ImScan.AfterTestCaseCloseBrowser(...)' completed.

2018-04-25 17:04:42 - [TEST_STEP][PASSED] - Start listener action : BeforeTestCaseOpenBrowser: Invoke 'com.kms.katalon.core.annotation.BeforeTestCase' method: 'ImScan.BeforeTestCaseOpenBrowser(...)' completed.

2018-04-25 17:04:42 - [TEST_STEP][PASSED] - openBrowser: Browser is opened with url: 'http://35.176.110.57/CSSIMSCANUI/'

2018-04-25 17:04:42 - [MESSAGE][WARNING] - A browser is already opened. Closing browser and opening a new one

2018-04-25 17:04:49 - [MESSAGE][PASSED] - Browser is opened with url: 'http://35.176.110.57/CSSIMSCANUI/'

2018-04-25 17:04:49 - [TEST_STEP][PASSED] - maximizeWindow: Current window maximized

2018-04-25 17:04:50 - [MESSAGE][PASSED] - Current window maximized

2018-04-25 17:04:50 - [TEST_STEP][PASSED] - Statement - TestID = testCaseContext.getTestCaseId(): null

2018-04-25 17:04:50 - [TEST_STEP][PASSED] - Statement - println(TestID): Invoke 'com.kms.katalon.core.annotation.BeforeTestCase' method: 'ImScan.BeforeTestCaseOpenBrowser(...)' completed.

2018-04-25 17:04:50 - [TEST_STEP][PASSED] - setText: Text 'Dixita' is set on object 'Object Repository/Login/Page_IMSCAN/input_UserName'

2018-04-25 17:04:50 - [MESSAGE][PASSED] - Text 'Dixita' is set on object 'Object Repository/Login/Page_IMSCAN/input_UserName'

2018-04-25 17:04:50 - [TEST_STEP][PASSED] - setText: Text 'Dixita123' is set on object 'Object Repository/Login/Page_IMSCAN/input_Password'

2018-04-25 17:04:50 - [MESSAGE][PASSED] - Text 'Dixita123' is set on object 'Object Repository/Login/Page_IMSCAN/input_Password'

2018-04-25 17:04:50 - [TEST_STEP][PASSED] - click: Object: 'Object Repository/Login/Page_IMSCAN/button_Login' is clicked on

2018-04-25 17:04:50 - [MESSAGE][PASSED] - Object: 'Object Repository/Login/Page_IMSCAN/button_Login' is clicked on

2018-04-25 17:04:50 - [TEST_STEP][PASSED] - click: Object: 'Object Repository/Settings/ClickOnSettings' is clicked on

2018-04-25 17:04:52 - [MESSAGE][PASSED] - Object: 'Object Repository/Settings/ClickOnSettings' is clicked on

2018-04-25 17:04:52 - [TEST_STEP][PASSED] - click: Object: 'Object Repository/Settings/ClickOnDatabaseConnections' is clicked on

2018-04-25 17:04:53 - [MESSAGE][PASSED] - Object: 'Object Repository/Settings/ClickOnDatabaseConnections' is clicked on

2018-04-25 17:04:53 - [TEST_STEP][PASSED] - delay: Delayed 2 second(s)

2018-04-25 17:04:55 - [MESSAGE][PASSED] - Delayed 2 second(s)

2018-04-25 17:04:55 - [TEST_STEP][PASSED] - click: Object: 'Object Repository/Settings/CreateDBconnections' is clicked on

2018-04-25 17:04:55 - [MESSAGE][PASSED] - Object: 'Object Repository/Settings/CreateDBconnections' is clicked on

2018-04-25 17:04:55 - [TEST_STEP][PASSED] - focus: Object: 'Object Repository/Settings/DBconnectionPopUP' is focused

2018-04-25 17:04:55 - [MESSAGE][PASSED] - Object: 'Object Repository/Settings/DBconnectionPopUP' is focused

2018-04-25 17:04:55 - [TEST_STEP][PASSED] - setText: Text 'Automation1' is set on object 'Object Repository/Settings/ServerName'

2018-04-25 17:04:55 - [MESSAGE][PASSED] - Text 'Automation1' is set on object 'Object Repository/Settings/ServerName'

2018-04-25 17:04:55 - [TEST_STEP][PASSED] - setText: Text 'Automation' is set on object 'Object Repository/Settings/DatabaseName'

2018-04-25 17:04:55 - [MESSAGE][PASSED] - Text 'Automation' is set on object 'Object Repository/Settings/DatabaseName'

2018-04-25 17:04:55 - [TEST_STEP][PASSED] - setText: Text 'automation' is set on object 'Object Repository/Settings/ConnectionName'

2018-04-25 17:04:56 - [MESSAGE][PASSED] - Text 'automation' is set on object 'Object Repository/Settings/ConnectionName'

2018-04-25 17:04:56 - [TEST_STEP][PASSED] - setText: Text 'test1' is set on object 'Object Repository/Settings/UserName'

2018-04-25 17:04:56 - [MESSAGE][PASSED] - Text 'test1' is set on object 'Object Repository/Settings/UserName'

2018-04-25 17:04:56 - [TEST_STEP][PASSED] - setText: Text 'test1' is set on object 'Object Repository/Settings/PasswordDB'

2018-04-25 17:04:56 - [MESSAGE][PASSED] - Text 'test1' is set on object 'Object Repository/Settings/PasswordDB'

2018-04-25 17:04:56 - [TEST_STEP][PASSED] - click: Object: 'Object Repository/Settings/SaveButton' is clicked on

2018-04-25 17:04:56 - [MESSAGE][PASSED] - Object: 'Object Repository/Settings/SaveButton' is clicked on

2018-04-25 17:04:56 - [TEST_STEP][PASSED] - Start listener action : AfterTestCaseCloseBrowser: Invoke 'com.kms.katalon.core.annotation.AfterTestCase' method: 'ImScan.AfterTestCaseCloseBrowser(...)' completed.]]></system-out>
         <system-err><![CDATA[]]></system-err>
      </testcase>
      <testcase name="Test Cases/Smoke/TC-86" classname="Test Cases/Smoke/TC-86" status="PASSED">
         <system-out><![CDATA[2018-04-25 17:04:56 - [TEST_CASE][PASSED] - Test Cases/Smoke/TC-86: Invoke 'com.kms.katalon.core.annotation.AfterTestCase' method: 'ImScan.AfterTestCaseCloseBrowser(...)' completed.

2018-04-25 17:04:56 - [TEST_STEP][PASSED] - Start listener action : BeforeTestCaseOpenBrowser: Invoke 'com.kms.katalon.core.annotation.BeforeTestCase' method: 'ImScan.BeforeTestCaseOpenBrowser(...)' completed.

2018-04-25 17:04:56 - [TEST_STEP][PASSED] - openBrowser: Browser is opened with url: 'http://35.176.110.57/CSSIMSCANUI/'

2018-04-25 17:04:56 - [MESSAGE][WARNING] - A browser is already opened. Closing browser and opening a new one

2018-04-25 17:05:02 - [MESSAGE][PASSED] - Browser is opened with url: 'http://35.176.110.57/CSSIMSCANUI/'

2018-04-25 17:05:02 - [TEST_STEP][PASSED] - maximizeWindow: Current window maximized

2018-04-25 17:05:04 - [MESSAGE][PASSED] - Current window maximized

2018-04-25 17:05:04 - [TEST_STEP][PASSED] - Statement - TestID = testCaseContext.getTestCaseId(): null

2018-04-25 17:05:04 - [TEST_STEP][PASSED] - Statement - println(TestID): Invoke 'com.kms.katalon.core.annotation.BeforeTestCase' method: 'ImScan.BeforeTestCaseOpenBrowser(...)' completed.

2018-04-25 17:05:04 - [TEST_STEP][PASSED] - setText: Text 'Dixita' is set on object 'Object Repository/Login/Page_IMSCAN/input_UserName'

2018-04-25 17:05:04 - [MESSAGE][PASSED] - Text 'Dixita' is set on object 'Object Repository/Login/Page_IMSCAN/input_UserName'

2018-04-25 17:05:04 - [TEST_STEP][PASSED] - setText: Text 'Dixita123' is set on object 'Object Repository/Login/Page_IMSCAN/input_Password'

2018-04-25 17:05:04 - [MESSAGE][PASSED] - Text 'Dixita123' is set on object 'Object Repository/Login/Page_IMSCAN/input_Password'

2018-04-25 17:05:04 - [TEST_STEP][PASSED] - click: Object: 'Object Repository/Login/Page_IMSCAN/button_Login' is clicked on

2018-04-25 17:05:04 - [MESSAGE][PASSED] - Object: 'Object Repository/Login/Page_IMSCAN/button_Login' is clicked on

2018-04-25 17:05:04 - [TEST_STEP][PASSED] - click: Object: 'Object Repository/Settings/ClickOnSettings' is clicked on

2018-04-25 17:05:06 - [MESSAGE][PASSED] - Object: 'Object Repository/Settings/ClickOnSettings' is clicked on

2018-04-25 17:05:06 - [TEST_STEP][PASSED] - click: Object: 'Object Repository/Settings/ClickOnSMTPsettings' is clicked on

2018-04-25 17:05:06 - [MESSAGE][PASSED] - Object: 'Object Repository/Settings/ClickOnSMTPsettings' is clicked on

2018-04-25 17:05:06 - [TEST_STEP][PASSED] - click: Object: 'Object Repository/Settings/AddSMTPsettings' is clicked on

2018-04-25 17:05:08 - [MESSAGE][PASSED] - Object: 'Object Repository/Settings/AddSMTPsettings' is clicked on

2018-04-25 17:05:08 - [TEST_STEP][PASSED] - focus: Object: 'Object Repository/Settings/AddSMTPPopup' is focused

2018-04-25 17:05:08 - [MESSAGE][PASSED] - Object: 'Object Repository/Settings/AddSMTPPopup' is focused

2018-04-25 17:05:08 - [TEST_STEP][PASSED] - delay: Delayed 3 second(s)

2018-04-25 17:05:11 - [MESSAGE][PASSED] - Delayed 3 second(s)

2018-04-25 17:05:11 - [TEST_STEP][PASSED] - setText: Text '20' is set on object 'Object Repository/Settings/IncomingServerName'

2018-04-25 17:05:11 - [MESSAGE][PASSED] - Text '20' is set on object 'Object Repository/Settings/IncomingServerName'

2018-04-25 17:05:11 - [TEST_STEP][PASSED] - setText: Text '20' is set on object 'Object Repository/Settings/OutgoingServerName'

2018-04-25 17:05:11 - [MESSAGE][PASSED] - Text '20' is set on object 'Object Repository/Settings/OutgoingServerName'

2018-04-25 17:05:11 - [TEST_STEP][PASSED] - setText: Text '20' is set on object 'Object Repository/Settings/IncomingIncrytionMethod'

2018-04-25 17:05:12 - [MESSAGE][PASSED] - Text '20' is set on object 'Object Repository/Settings/IncomingIncrytionMethod'

2018-04-25 17:05:12 - [TEST_STEP][PASSED] - setText: Text '20' is set on object 'Object Repository/Settings/OutgoingIncryptionMethod'

2018-04-25 17:05:12 - [MESSAGE][PASSED] - Text '20' is set on object 'Object Repository/Settings/OutgoingIncryptionMethod'

2018-04-25 17:05:12 - [TEST_STEP][PASSED] - setText: Text 'dummy' is set on object 'Object Repository/Settings/UserName'

2018-04-25 17:05:12 - [MESSAGE][PASSED] - Text 'dummy' is set on object 'Object Repository/Settings/UserName'

2018-04-25 17:05:12 - [TEST_STEP][PASSED] - setText: Text 'dummy' is set on object 'Object Repository/Settings/Password'

2018-04-25 17:05:12 - [MESSAGE][PASSED] - Text 'dummy' is set on object 'Object Repository/Settings/Password'

2018-04-25 17:05:12 - [TEST_STEP][PASSED] - click: Object: 'Object Repository/Settings/SaveButton' is clicked on

2018-04-25 17:05:12 - [MESSAGE][PASSED] - Object: 'Object Repository/Settings/SaveButton' is clicked on

2018-04-25 17:05:12 - [TEST_STEP][PASSED] - Start listener action : AfterTestCaseCloseBrowser: Invoke 'com.kms.katalon.core.annotation.AfterTestCase' method: 'ImScan.AfterTestCaseCloseBrowser(...)' completed.]]></system-out>
         <system-err><![CDATA[]]></system-err>
      </testcase>
      <testcase name="Test Cases/Smoke/TC-68" classname="Test Cases/Smoke/TC-68" status="PASSED">
         <system-out><![CDATA[2018-04-25 17:05:12 - [TEST_CASE][PASSED] - Test Cases/Smoke/TC-68: Invoke 'com.kms.katalon.core.annotation.AfterTestCase' method: 'ImScan.AfterTestCaseCloseBrowser(...)' completed.

2018-04-25 17:05:12 - [TEST_STEP][PASSED] - Start listener action : BeforeTestCaseOpenBrowser: Invoke 'com.kms.katalon.core.annotation.BeforeTestCase' method: 'ImScan.BeforeTestCaseOpenBrowser(...)' completed.

2018-04-25 17:05:12 - [TEST_STEP][PASSED] - openBrowser: Browser is opened with url: 'http://35.176.110.57/CSSIMSCANUI/'

2018-04-25 17:05:12 - [MESSAGE][WARNING] - A browser is already opened. Closing browser and opening a new one

2018-04-25 17:05:17 - [MESSAGE][PASSED] - Browser is opened with url: 'http://35.176.110.57/CSSIMSCANUI/'

2018-04-25 17:05:17 - [TEST_STEP][PASSED] - maximizeWindow: Current window maximized

2018-04-25 17:05:18 - [MESSAGE][PASSED] - Current window maximized

2018-04-25 17:05:18 - [TEST_STEP][PASSED] - Statement - TestID = testCaseContext.getTestCaseId(): null

2018-04-25 17:05:18 - [TEST_STEP][PASSED] - Statement - println(TestID): Invoke 'com.kms.katalon.core.annotation.BeforeTestCase' method: 'ImScan.BeforeTestCaseOpenBrowser(...)' completed.

2018-04-25 17:05:18 - [TEST_STEP][PASSED] - setText: Text 'Dixita' is set on object 'Object Repository/Login/Page_IMSCAN/input_UserName'

2018-04-25 17:05:19 - [MESSAGE][PASSED] - Text 'Dixita' is set on object 'Object Repository/Login/Page_IMSCAN/input_UserName'

2018-04-25 17:05:19 - [TEST_STEP][PASSED] - setText: Text 'Dixita123' is set on object 'Object Repository/Login/Page_IMSCAN/input_Password'

2018-04-25 17:05:19 - [MESSAGE][PASSED] - Text 'Dixita123' is set on object 'Object Repository/Login/Page_IMSCAN/input_Password'

2018-04-25 17:05:19 - [TEST_STEP][PASSED] - click: Object: 'Object Repository/Login/Page_IMSCAN/button_Login' is clicked on

2018-04-25 17:05:19 - [MESSAGE][PASSED] - Object: 'Object Repository/Login/Page_IMSCAN/button_Login' is clicked on

2018-04-25 17:05:19 - [TEST_STEP][PASSED] - click: Object: 'Object Repository/Settings/ClickOnSettings' is clicked on

2018-04-25 17:05:25 - [MESSAGE][PASSED] - Object: 'Object Repository/Settings/ClickOnSettings' is clicked on

2018-04-25 17:05:25 - [TEST_STEP][PASSED] - click: Object: 'Object Repository/Settings/ClickOnDatabaseConnections' is clicked on

2018-04-25 17:05:29 - [MESSAGE][PASSED] - Object: 'Object Repository/Settings/ClickOnDatabaseConnections' is clicked on

2018-04-25 17:05:29 - [TEST_STEP][PASSED] - focus: Object: 'Object Repository/Settings/RecentDBconnected' is focused

2018-04-25 17:05:30 - [MESSAGE][PASSED] - Object: 'Object Repository/Settings/RecentDBconnected' is focused

2018-04-25 17:05:30 - [TEST_STEP][PASSED] - click: Object: 'Object Repository/Settings/RecentDBconnected' is clicked on

2018-04-25 17:05:30 - [MESSAGE][PASSED] - Object: 'Object Repository/Settings/RecentDBconnected' is clicked on

2018-04-25 17:05:30 - [TEST_STEP][PASSED] - delay: Delayed 3 second(s)

2018-04-25 17:05:33 - [MESSAGE][PASSED] - Delayed 3 second(s)

2018-04-25 17:05:33 - [TEST_STEP][PASSED] - Statement - Try: null

2018-04-25 17:05:33 - [TEST_STEP][PASSED] - click: Object: 'Object Repository/Settings/TestConnectionIcon' is clicked on

2018-04-25 17:05:33 - [MESSAGE][PASSED] - Object: 'Object Repository/Settings/TestConnectionIcon' is clicked on

2018-04-25 17:05:33 - [TEST_STEP][PASSED] - Statement - If (com.kms.katalon.core.webui.keyword.WebUiBuiltInKeywords.verifyElementPresent(com.kms.katalon.core.testobject.ObjectRepository.findTestObject(Object Repository/Settings/PassTestConnection, 2))): null

2018-04-25 17:05:33 - [TEST_STEP][PASSED] - Statement - Catch (Exception e): null

2018-04-25 17:05:33 - [TEST_STEP][PASSED] - Start listener action : AfterTestCaseCloseBrowser: Invoke 'com.kms.katalon.core.annotation.AfterTestCase' method: 'ImScan.AfterTestCaseCloseBrowser(...)' completed.]]></system-out>
         <system-err><![CDATA[]]></system-err>
      </testcase>
      <testcase name="Test Cases/Smoke/TC-164" classname="Test Cases/Smoke/TC-164" status="PASSED">
         <system-out><![CDATA[2018-04-25 17:05:33 - [TEST_CASE][PASSED] - Test Cases/Smoke/TC-164: Invoke 'com.kms.katalon.core.annotation.AfterTestCase' method: 'ImScan.AfterTestCaseCloseBrowser(...)' completed.

2018-04-25 17:05:33 - [TEST_STEP][PASSED] - Start listener action : BeforeTestCaseOpenBrowser: Invoke 'com.kms.katalon.core.annotation.BeforeTestCase' method: 'ImScan.BeforeTestCaseOpenBrowser(...)' completed.

2018-04-25 17:05:33 - [TEST_STEP][PASSED] - openBrowser: Browser is opened with url: 'http://35.176.110.57/CSSIMSCANUI/'

2018-04-25 17:05:33 - [MESSAGE][WARNING] - A browser is already opened. Closing browser and opening a new one

2018-04-25 17:05:48 - [MESSAGE][PASSED] - Browser is opened with url: 'http://35.176.110.57/CSSIMSCANUI/'

2018-04-25 17:05:48 - [TEST_STEP][PASSED] - maximizeWindow: Current window maximized

2018-04-25 17:05:49 - [MESSAGE][PASSED] - Current window maximized

2018-04-25 17:05:49 - [TEST_STEP][PASSED] - Statement - TestID = testCaseContext.getTestCaseId(): null

2018-04-25 17:05:49 - [TEST_STEP][PASSED] - Statement - println(TestID): Invoke 'com.kms.katalon.core.annotation.BeforeTestCase' method: 'ImScan.BeforeTestCaseOpenBrowser(...)' completed.

2018-04-25 17:05:50 - [TEST_STEP][PASSED] - setText: Text 'Dixita' is set on object 'Object Repository/Login/Page_IMSCAN/input_UserName'

2018-04-25 17:05:50 - [MESSAGE][PASSED] - Text 'Dixita' is set on object 'Object Repository/Login/Page_IMSCAN/input_UserName'

2018-04-25 17:05:50 - [TEST_STEP][PASSED] - setText: Text 'Dixita123' is set on object 'Object Repository/Login/Page_IMSCAN/input_Password'

2018-04-25 17:05:50 - [MESSAGE][PASSED] - Text 'Dixita123' is set on object 'Object Repository/Login/Page_IMSCAN/input_Password'

2018-04-25 17:05:50 - [TEST_STEP][PASSED] - click: Object: 'Object Repository/Login/Page_IMSCAN/button_Login' is clicked on

2018-04-25 17:05:50 - [MESSAGE][PASSED] - Object: 'Object Repository/Login/Page_IMSCAN/button_Login' is clicked on

2018-04-25 17:05:50 - [TEST_STEP][PASSED] - delay: Delayed 3 second(s)

2018-04-25 17:05:53 - [MESSAGE][PASSED] - Delayed 3 second(s)

2018-04-25 17:05:53 - [TEST_STEP][PASSED] - click: Object: 'Object Repository/Settings/ClickOnSettings' is clicked on

2018-04-25 17:05:53 - [MESSAGE][PASSED] - Object: 'Object Repository/Settings/ClickOnSettings' is clicked on

2018-04-25 17:05:53 - [TEST_STEP][PASSED] - delay: Delayed 3 second(s)

2018-04-25 17:05:56 - [MESSAGE][PASSED] - Delayed 3 second(s)

2018-04-25 17:05:56 - [TEST_STEP][PASSED] - click: Object: 'Object Repository/Settings/ClickOnEmailFormat' is clicked on

2018-04-25 17:05:56 - [MESSAGE][PASSED] - Object: 'Object Repository/Settings/ClickOnEmailFormat' is clicked on

2018-04-25 17:05:56 - [TEST_STEP][PASSED] - click: Object: 'Object Repository/Settings/AddEmailFormat' is clicked on

2018-04-25 17:05:59 - [MESSAGE][PASSED] - Object: 'Object Repository/Settings/AddEmailFormat' is clicked on

2018-04-25 17:05:59 - [TEST_STEP][PASSED] - focus: Object: 'Object Repository/Settings/EmailFormatPopup' is focused

2018-04-25 17:05:59 - [MESSAGE][PASSED] - Object: 'Object Repository/Settings/EmailFormatPopup' is focused

2018-04-25 17:05:59 - [TEST_STEP][PASSED] - delay: Delayed 3 second(s)

2018-04-25 17:06:02 - [MESSAGE][PASSED] - Delayed 3 second(s)

2018-04-25 17:06:02 - [TEST_STEP][PASSED] - setText: Text 'Purchase_Documents' is set on object 'Object Repository/Settings/TypeEmail'

2018-04-25 17:06:02 - [MESSAGE][PASSED] - Text 'Purchase_Documents' is set on object 'Object Repository/Settings/TypeEmail'

2018-04-25 17:06:02 - [TEST_STEP][PASSED] - setText: Text 'Goods Purchased' is set on object 'Object Repository/Settings/Subject'

2018-04-25 17:06:02 - [MESSAGE][PASSED] - Text 'Goods Purchased' is set on object 'Object Repository/Settings/Subject'

2018-04-25 17:06:02 - [TEST_STEP][PASSED] - switchToFrame: Switched to iframe: 'Object Repository/Settings/FrameForbody'

2018-04-25 17:06:02 - [TEST_STEP][PASSED] - focus: Object: 'Object Repository/Settings/Body' is focused

2018-04-25 17:06:02 - [MESSAGE][PASSED] - Object: 'Object Repository/Settings/Body' is focused

2018-04-25 17:06:02 - [TEST_STEP][PASSED] - setText: Text 'hellooo23' is set on object 'Object Repository/Settings/Body'

2018-04-25 17:06:03 - [MESSAGE][PASSED] - Text 'hellooo23' is set on object 'Object Repository/Settings/Body'

2018-04-25 17:06:03 - [TEST_STEP][PASSED] - switchToDefaultContent: Switching to default content

2018-04-25 17:06:03 - [TEST_STEP][PASSED] - click: Object: 'Object Repository/Settings/SaveButton' is clicked on

2018-04-25 17:06:03 - [MESSAGE][PASSED] - Object: 'Object Repository/Settings/SaveButton' is clicked on

2018-04-25 17:06:03 - [TEST_STEP][PASSED] - Start listener action : AfterTestCaseCloseBrowser: Invoke 'com.kms.katalon.core.annotation.AfterTestCase' method: 'ImScan.AfterTestCaseCloseBrowser(...)' completed.]]></system-out>
         <system-err><![CDATA[]]></system-err>
      </testcase>
      <testcase name="Test Cases/Smoke/TC-143_Login_ValidLogin" classname="Test Cases/Smoke/TC-143_Login_ValidLogin" status="PASSED">
         <system-out><![CDATA[2018-04-25 17:06:03 - [TEST_CASE][PASSED] - Test Cases/Smoke/TC-143_Login_ValidLogin: Invoke 'com.kms.katalon.core.annotation.AfterTestCase' method: 'ImScan.AfterTestCaseCloseBrowser(...)' completed.

2018-04-25 17:06:03 - [TEST_STEP][PASSED] - Start listener action : BeforeTestCaseOpenBrowser: Invoke 'com.kms.katalon.core.annotation.BeforeTestCase' method: 'ImScan.BeforeTestCaseOpenBrowser(...)' completed.

2018-04-25 17:06:03 - [TEST_STEP][PASSED] - openBrowser: Browser is opened with url: 'http://35.176.110.57/CSSIMSCANUI/'

2018-04-25 17:06:03 - [MESSAGE][WARNING] - A browser is already opened. Closing browser and opening a new one

2018-04-25 17:06:08 - [MESSAGE][PASSED] - Browser is opened with url: 'http://35.176.110.57/CSSIMSCANUI/'

2018-04-25 17:06:08 - [TEST_STEP][PASSED] - maximizeWindow: Current window maximized

2018-04-25 17:06:09 - [MESSAGE][PASSED] - Current window maximized

2018-04-25 17:06:09 - [TEST_STEP][PASSED] - Statement - TestID = testCaseContext.getTestCaseId(): null

2018-04-25 17:06:09 - [TEST_STEP][PASSED] - Statement - println(TestID): Invoke 'com.kms.katalon.core.annotation.BeforeTestCase' method: 'ImScan.BeforeTestCaseOpenBrowser(...)' completed.

2018-04-25 17:06:09 - [TEST_STEP][PASSED] - setText: Text 'Dixita' is set on object 'Object Repository/Login/Page_IMSCAN/input_UserName'

2018-04-25 17:06:09 - [MESSAGE][PASSED] - Text 'Dixita' is set on object 'Object Repository/Login/Page_IMSCAN/input_UserName'

2018-04-25 17:06:09 - [TEST_STEP][PASSED] - setText: Text 'Dixita123' is set on object 'Object Repository/Login/Page_IMSCAN/input_Password'

2018-04-25 17:06:10 - [MESSAGE][PASSED] - Text 'Dixita123' is set on object 'Object Repository/Login/Page_IMSCAN/input_Password'

2018-04-25 17:06:10 - [TEST_STEP][PASSED] - click: Object: 'Object Repository/Login/Page_IMSCAN/button_Login' is clicked on

2018-04-25 17:06:10 - [MESSAGE][PASSED] - Object: 'Object Repository/Login/Page_IMSCAN/button_Login' is clicked on

2018-04-25 17:06:10 - [TEST_STEP][PASSED] - click: Object: 'Object Repository/Login/Page_IMSCAN - EDoc System/div_Home' is clicked on

2018-04-25 17:06:11 - [MESSAGE][PASSED] - Object: 'Object Repository/Login/Page_IMSCAN - EDoc System/div_Home' is clicked on

2018-04-25 17:06:11 - [TEST_STEP][PASSED] - Start listener action : AfterTestCaseCloseBrowser: Invoke 'com.kms.katalon.core.annotation.AfterTestCase' method: 'ImScan.AfterTestCaseCloseBrowser(...)' completed.]]></system-out>
         <system-err><![CDATA[]]></system-err>
      </testcase>
      <testcase name="Test Cases/Smoke/TC-145_Login_InvalidLogin" classname="Test Cases/Smoke/TC-145_Login_InvalidLogin" status="PASSED">
         <system-out><![CDATA[2018-04-25 17:06:11 - [TEST_CASE][PASSED] - Test Cases/Smoke/TC-145_Login_InvalidLogin: Invoke 'com.kms.katalon.core.annotation.AfterTestCase' method: 'ImScan.AfterTestCaseCloseBrowser(...)' completed.

2018-04-25 17:06:11 - [TEST_STEP][PASSED] - Start listener action : BeforeTestCaseOpenBrowser: Invoke 'com.kms.katalon.core.annotation.BeforeTestCase' method: 'ImScan.BeforeTestCaseOpenBrowser(...)' completed.

2018-04-25 17:06:11 - [TEST_STEP][PASSED] - openBrowser: Browser is opened with url: 'http://35.176.110.57/CSSIMSCANUI/'

2018-04-25 17:06:11 - [MESSAGE][WARNING] - A browser is already opened. Closing browser and opening a new one

2018-04-25 17:06:16 - [MESSAGE][PASSED] - Browser is opened with url: 'http://35.176.110.57/CSSIMSCANUI/'

2018-04-25 17:06:16 - [TEST_STEP][PASSED] - maximizeWindow: Current window maximized

2018-04-25 17:06:17 - [MESSAGE][PASSED] - Current window maximized

2018-04-25 17:06:17 - [TEST_STEP][PASSED] - Statement - TestID = testCaseContext.getTestCaseId(): null

2018-04-25 17:06:17 - [TEST_STEP][PASSED] - Statement - println(TestID): Invoke 'com.kms.katalon.core.annotation.BeforeTestCase' method: 'ImScan.BeforeTestCaseOpenBrowser(...)' completed.

2018-04-25 17:06:18 - [TEST_STEP][PASSED] - setText: Text 'Dixita' is set on object 'Object Repository/Login/Page_IMSCAN/input_UserName'

2018-04-25 17:06:18 - [MESSAGE][PASSED] - Text 'Dixita' is set on object 'Object Repository/Login/Page_IMSCAN/input_UserName'

2018-04-25 17:06:18 - [TEST_STEP][PASSED] - setText: Text 'Dixita3' is set on object 'Object Repository/Login/Page_IMSCAN/input_Password'

2018-04-25 17:06:18 - [MESSAGE][PASSED] - Text 'Dixita3' is set on object 'Object Repository/Login/Page_IMSCAN/input_Password'

2018-04-25 17:06:18 - [TEST_STEP][PASSED] - click: Object: 'Object Repository/Login/Page_IMSCAN/button_Login' is clicked on

2018-04-25 17:06:18 - [MESSAGE][PASSED] - Object: 'Object Repository/Login/Page_IMSCAN/button_Login' is clicked on

2018-04-25 17:06:18 - [TEST_STEP][PASSED] - Start listener action : AfterTestCaseCloseBrowser: Invoke 'com.kms.katalon.core.annotation.AfterTestCase' method: 'ImScan.AfterTestCaseCloseBrowser(...)' completed.]]></system-out>
         <system-err><![CDATA[]]></system-err>
      </testcase>
      <system-out><![CDATA[2018-04-25 17:02:07 - [TEST_SUITE][FAILED] - SMOKE_TESTCASES: Test Cases/Smoke/TC-1 Creating a new Department FAILED because (of) Unable to verify object 'Object Repository/Create_a_New_Dept/verifyDisplayedOrNot/td_Law1' is present (Root cause: com.kms.katalon.core.webui.exception.WebElementNotFoundException: Web element with id: 'Object Repository/Create_a_New_Dept/verifyDisplayedOrNot/td_Law1' located by 'By.xpath: //td[(text() = 'Law1' or . = 'Law1')]' not found)]]></system-out>
      <system-err><![CDATA[2018-04-25 17:02:07 - [TEST_SUITE][FAILED] - SMOKE_TESTCASES: Test Cases/Smoke/TC-1 Creating a new Department FAILED because (of) Unable to verify object 'Object Repository/Create_a_New_Dept/verifyDisplayedOrNot/td_Law1' is present (Root cause: com.kms.katalon.core.webui.exception.WebElementNotFoundException: Web element with id: 'Object Repository/Create_a_New_Dept/verifyDisplayedOrNot/td_Law1' located by 'By.xpath: //td[(text() = 'Law1' or . = 'Law1')]' not found)]]></system-err>
   </testsuite>
</testsuites>
