<?xml version="1.0" encoding="UTF-8"?>
<testsuites name="SMOKE_TESTCASES" time="200" tests="10" failures="2" errors="0">
   <testsuite name="SMOKE_TESTCASES" tests="10" failures="2" errors="0" time="200" timestamp="2018-03-29 12:49:53" hostname="Dikshita - rsspl27.Remote.local" id="Test Suites/SMOKE_TESTCASES">
      <properties>
         <property name="deviceName" value=""/>
         <property name="devicePlatform" value=""/>
         <property name="logFolder" value="C:\\Users\\dikshita\\git\\imscanredev\\Reports\\SMOKE_TESTCASES\\20180329_124950"/>
         <property name="logFiles" value="C:\\Users\\dikshita\\git\\imscanredev\\Reports\\SMOKE_TESTCASES\\20180329_124950\\execution0.log"/>
         <property name="attachments" value="C:\\Users\\dikshita\\git\\imscanredev\\Reports\\SMOKE_TESTCASES\\20180329_124950\\1522308064730.png, C:\\Users\\dikshita\\git\\imscanredev\\Reports\\SMOKE_TESTCASES\\20180329_124950\\1522308140629.png"/>
         <property name="hostName" value="Dikshita - rsspl27.Remote.local"/>
         <property name="os" value="Windows 8.1 64bit"/>
         <property name="katalonVersion" value="5.3.0.1"/>
         <property name="browser" value="Chrome 65.0.3325.181"/>
         <property name="hostAddress" value="192.168.25.148"/>
         <property name="sessionId" value="def27d7a2468b78d9658decfbf8b2fbc"/>
         <property name="seleniumVersion" value="3.7.1"/>
         <property name="proxyInformation" value="ProxyInformation{proxyOption=NO_PROXY, proxyServerType=HTTP, password=, proxyServerAddress=, proxyServerPort=0}"/>
         <property name="platform" value="Windows 8.1"/>
      </properties>
      <testcase name="Test Cases/TC-1 Creating a new Department" classname="Test Cases/TC-1 Creating a new Department" status="PASSED">
         <system-out><![CDATA[2018-03-29 12:49:53 - [TEST_CASE][PASSED] - Test Cases/TC-1 Creating a new Department: Browser is closed

2018-03-29 12:49:53 - [TEST_STEP][PASSED] - Start listener action : BeforeTestCaseOpenBrowser: Invoke 'com.kms.katalon.core.annotation.BeforeTestCase' method: 'ImScan.BeforeTestCaseOpenBrowser(...)' completed.

2018-03-29 12:49:53 - [TEST_STEP][PASSED] - openBrowser: Browser is opened with url: 'http://rsspl51/CSSIMSCANUI/Login/Index'

2018-03-29 12:50:27 - [MESSAGE][PASSED] - Browser is opened with url: 'http://rsspl51/CSSIMSCANUI/Login/Index'

2018-03-29 12:50:27 - [TEST_STEP][PASSED] - maximizeWindow: Current window maximized

2018-03-29 12:50:28 - [MESSAGE][PASSED] - Current window maximized

2018-03-29 12:50:28 - [TEST_STEP][PASSED] - Statement - TestID = testCaseContext.getTestCaseId(): null

2018-03-29 12:50:28 - [TEST_STEP][PASSED] - Statement - println(TestID): Invoke 'com.kms.katalon.core.annotation.BeforeTestCase' method: 'ImScan.BeforeTestCaseOpenBrowser(...)' completed.

2018-03-29 12:50:28 - [TEST_STEP][PASSED] - setText: Text 'Dixita' is set on object 'Object Repository/Login/Page_IMSCAN/input_UserName'

2018-03-29 12:50:29 - [MESSAGE][PASSED] - Text 'Dixita' is set on object 'Object Repository/Login/Page_IMSCAN/input_UserName'

2018-03-29 12:50:29 - [TEST_STEP][PASSED] - setText: Text 'Dixita456' is set on object 'Object Repository/Login/Page_IMSCAN/input_Password'

2018-03-29 12:50:29 - [MESSAGE][PASSED] - Text 'Dixita456' is set on object 'Object Repository/Login/Page_IMSCAN/input_Password'

2018-03-29 12:50:29 - [TEST_STEP][PASSED] - click: Object: 'Object Repository/Login/Page_IMSCAN/button_Login' is clicked on

2018-03-29 12:50:30 - [MESSAGE][PASSED] - Object: 'Object Repository/Login/Page_IMSCAN/button_Login' is clicked on

2018-03-29 12:50:30 - [TEST_STEP][PASSED] - verifyElementPresent: Object 'Object Repository/Create_a_New_Dept/VerfiyHomePageDisplayed' is present

2018-03-29 12:50:31 - [MESSAGE][PASSED] - Object 'Object Repository/Create_a_New_Dept/VerfiyHomePageDisplayed' is present

2018-03-29 12:50:31 - [TEST_STEP][PASSED] - delay: Delayed 3 second(s)

2018-03-29 12:50:34 - [MESSAGE][PASSED] - Delayed 3 second(s)

2018-03-29 12:50:34 - [TEST_STEP][PASSED] - click: Object: 'Object Repository/Create_a_New_Dept/ClickOnDepartments' is clicked on

2018-03-29 12:50:34 - [MESSAGE][PASSED] - Object: 'Object Repository/Create_a_New_Dept/ClickOnDepartments' is clicked on

2018-03-29 12:50:34 - [TEST_STEP][PASSED] - delay: Delayed 2 second(s)

2018-03-29 12:50:36 - [MESSAGE][PASSED] - Delayed 2 second(s)

2018-03-29 12:50:36 - [TEST_STEP][PASSED] - click: Object: 'Object Repository/Create_a_New_Dept/ClickOnCreateDept' is clicked on

2018-03-29 12:50:36 - [MESSAGE][PASSED] - Object: 'Object Repository/Create_a_New_Dept/ClickOnCreateDept' is clicked on

2018-03-29 12:50:36 - [TEST_STEP][PASSED] - waitForAlert: No alert found after 2 second(s).

2018-03-29 12:50:38 - [MESSAGE][WARNING] - No alert found after 2 second(s).

2018-03-29 12:50:38 - [TEST_STEP][PASSED] - verifyElementVisible: Object 'Object Repository/Create_a_New_Dept/CreateDeptPopup/PopUpforDept/h4_Create Department' is visible

2018-03-29 12:50:38 - [MESSAGE][PASSED] - Object 'Object Repository/Create_a_New_Dept/CreateDeptPopup/PopUpforDept/h4_Create Department' is visible

2018-03-29 12:50:38 - [TEST_STEP][PASSED] - setText: Text '91' is set on object 'Object Repository/Create_a_New_Dept/CreateDeptPopup/PopUpforDept/input_Code'

2018-03-29 12:50:39 - [MESSAGE][PASSED] - Text '91' is set on object 'Object Repository/Create_a_New_Dept/CreateDeptPopup/PopUpforDept/input_Code'

2018-03-29 12:50:39 - [TEST_STEP][PASSED] - setText: Text 'Law1' is set on object 'Object Repository/Create_a_New_Dept/CreateDeptPopup/PopUpforDept/input_Name'

2018-03-29 12:50:39 - [MESSAGE][PASSED] - Text 'Law1' is set on object 'Object Repository/Create_a_New_Dept/CreateDeptPopup/PopUpforDept/input_Name'

2018-03-29 12:50:39 - [TEST_STEP][PASSED] - click: Object: 'Object Repository/Create_a_New_Dept/ClickOnSavePopup' is clicked on

2018-03-29 12:50:39 - [MESSAGE][PASSED] - Object: 'Object Repository/Create_a_New_Dept/ClickOnSavePopup' is clicked on

2018-03-29 12:50:39 - [TEST_STEP][PASSED] - Statement - var1 = com.kms.katalon.core.webui.keyword.WebUiBuiltInKeywords.setText(com.kms.katalon.core.testobject.ObjectRepository.findTestObject(Object Repository/Search/Search_Inspect), "Law1"): Text 'Law1' is set on object 'Object Repository/Search/Search_Inspect'

2018-03-29 12:50:39 - [MESSAGE][PASSED] - Text 'Law1' is set on object 'Object Repository/Search/Search_Inspect'

2018-03-29 12:50:39 - [TEST_STEP][PASSED] - verifyElementPresent: Object 'Object Repository/Create_a_New_Dept/verifyDisplayedOrNot/td_Law1' is present

2018-03-29 12:50:39 - [MESSAGE][PASSED] - Object 'Object Repository/Create_a_New_Dept/verifyDisplayedOrNot/td_Law1' is present

2018-03-29 12:50:39 - [TEST_STEP][PASSED] - Statement - var = com.kms.katalon.core.webui.keyword.WebUiBuiltInKeywords.getText(com.kms.katalon.core.testobject.ObjectRepository.findTestObject(Object Repository/Create_a_New_Dept/verifyDisplayedOrNot/td_Law1)): Text of object 'Object Repository/Create_a_New_Dept/verifyDisplayedOrNot/td_Law1' is: 'Law1'

2018-03-29 12:50:39 - [MESSAGE][PASSED] - Text of object 'Object Repository/Create_a_New_Dept/verifyDisplayedOrNot/td_Law1' is: 'Law1'

2018-03-29 12:50:39 - [TEST_STEP][PASSED] - Statement - If (var1 == var): null

2018-03-29 12:50:39 - [TEST_STEP][PASSED] - Start listener action : AfterTestCaseCloseBrowser: Browser is closed

2018-03-29 12:50:39 - [TEST_STEP][PASSED] - closeBrowser: Browser is closed

2018-03-29 12:50:40 - [MESSAGE][PASSED] - Browser is closed]]></system-out>
         <system-err><![CDATA[]]></system-err>
      </testcase>
      <testcase name="Test Cases/TC-09" classname="Test Cases/TC-09" status="PASSED">
         <system-out><![CDATA[2018-03-29 12:50:40 - [TEST_CASE][PASSED] - Test Cases/TC-09: Browser is closed

2018-03-29 12:50:40 - [TEST_STEP][PASSED] - Start listener action : BeforeTestCaseOpenBrowser: Invoke 'com.kms.katalon.core.annotation.BeforeTestCase' method: 'ImScan.BeforeTestCaseOpenBrowser(...)' completed.

2018-03-29 12:50:40 - [TEST_STEP][PASSED] - openBrowser: Browser is opened with url: 'http://rsspl51/CSSIMSCANUI/Login/Index'

2018-03-29 12:50:44 - [MESSAGE][PASSED] - Browser is opened with url: 'http://rsspl51/CSSIMSCANUI/Login/Index'

2018-03-29 12:50:44 - [TEST_STEP][PASSED] - maximizeWindow: Current window maximized

2018-03-29 12:50:45 - [MESSAGE][PASSED] - Current window maximized

2018-03-29 12:50:45 - [TEST_STEP][PASSED] - Statement - TestID = testCaseContext.getTestCaseId(): null

2018-03-29 12:50:45 - [TEST_STEP][PASSED] - Statement - println(TestID): Invoke 'com.kms.katalon.core.annotation.BeforeTestCase' method: 'ImScan.BeforeTestCaseOpenBrowser(...)' completed.

2018-03-29 12:50:45 - [TEST_STEP][PASSED] - setText: Text 'Dixita' is set on object 'Object Repository/Login/Page_IMSCAN/input_UserName'

2018-03-29 12:50:45 - [MESSAGE][PASSED] - Text 'Dixita' is set on object 'Object Repository/Login/Page_IMSCAN/input_UserName'

2018-03-29 12:50:45 - [TEST_STEP][PASSED] - setText: Text 'Dixita456' is set on object 'Object Repository/Login/Page_IMSCAN/input_Password'

2018-03-29 12:50:45 - [MESSAGE][PASSED] - Text 'Dixita456' is set on object 'Object Repository/Login/Page_IMSCAN/input_Password'

2018-03-29 12:50:45 - [TEST_STEP][PASSED] - click: Object: 'Object Repository/Login/Page_IMSCAN/button_Login' is clicked on

2018-03-29 12:50:45 - [MESSAGE][PASSED] - Object: 'Object Repository/Login/Page_IMSCAN/button_Login' is clicked on

2018-03-29 12:50:45 - [TEST_STEP][PASSED] - verifyElementPresent: Object 'Object Repository/Create_a_New_Dept/VerfiyHomePageDisplayed' is present

2018-03-29 12:50:46 - [MESSAGE][PASSED] - Object 'Object Repository/Create_a_New_Dept/VerfiyHomePageDisplayed' is present

2018-03-29 12:50:46 - [TEST_STEP][PASSED] - delay: Delayed 3 second(s)

2018-03-29 12:50:49 - [MESSAGE][PASSED] - Delayed 3 second(s)

2018-03-29 12:50:49 - [TEST_STEP][PASSED] - click: Object: 'Object Repository/Create_a_New_Dept/ClickOnDepartments' is clicked on

2018-03-29 12:50:49 - [MESSAGE][PASSED] - Object: 'Object Repository/Create_a_New_Dept/ClickOnDepartments' is clicked on

2018-03-29 12:50:49 - [TEST_STEP][PASSED] - delay: Delayed 2 second(s)

2018-03-29 12:50:51 - [MESSAGE][PASSED] - Delayed 2 second(s)

2018-03-29 12:50:51 - [TEST_STEP][PASSED] - click: Object: 'Object Repository/Create_a_New_Dept/ClickOnCreateDept' is clicked on

2018-03-29 12:50:51 - [MESSAGE][PASSED] - Object: 'Object Repository/Create_a_New_Dept/ClickOnCreateDept' is clicked on

2018-03-29 12:50:51 - [TEST_STEP][PASSED] - waitForAlert: No alert found after 2 second(s).

2018-03-29 12:50:53 - [MESSAGE][WARNING] - No alert found after 2 second(s).

2018-03-29 12:50:53 - [TEST_STEP][PASSED] - verifyElementVisible: Object 'Object Repository/Create_a_New_Dept/CreateDeptPopup/PopUpforDept/h4_Create Department' is visible

2018-03-29 12:50:53 - [MESSAGE][PASSED] - Object 'Object Repository/Create_a_New_Dept/CreateDeptPopup/PopUpforDept/h4_Create Department' is visible

2018-03-29 12:50:53 - [TEST_STEP][PASSED] - setText: Text '1' is set on object 'Object Repository/Create_a_New_Dept/CreateDeptPopup/PopUpforDept/input_Code'

2018-03-29 12:50:53 - [MESSAGE][PASSED] - Text '1' is set on object 'Object Repository/Create_a_New_Dept/CreateDeptPopup/PopUpforDept/input_Code'

2018-03-29 12:50:53 - [TEST_STEP][PASSED] - setText: Text '2' is set on object 'Object Repository/Create_a_New_Dept/CreateDeptPopup/PopUpforDept/input_Name'

2018-03-29 12:50:54 - [MESSAGE][PASSED] - Text '2' is set on object 'Object Repository/Create_a_New_Dept/CreateDeptPopup/PopUpforDept/input_Name'

2018-03-29 12:50:54 - [TEST_STEP][PASSED] - click: Object: 'Object Repository/Create_a_New_Dept/ClickOnSavePopup' is clicked on

2018-03-29 12:50:54 - [MESSAGE][PASSED] - Object: 'Object Repository/Create_a_New_Dept/ClickOnSavePopup' is clicked on

2018-03-29 12:50:54 - [TEST_STEP][PASSED] - focus: Object: 'Object Repository/Create_a_New_Dept/AlreadyExistingDeptCode-DeptName' is focused

2018-03-29 12:50:54 - [MESSAGE][PASSED] - Object: 'Object Repository/Create_a_New_Dept/AlreadyExistingDeptCode-DeptName' is focused

2018-03-29 12:50:54 - [TEST_STEP][PASSED] - Statement - Try: null

2018-03-29 12:50:54 - [TEST_STEP][PASSED] - Statement - Errormsg = com.kms.katalon.core.webui.keyword.WebUiBuiltInKeywords.getText(com.kms.katalon.core.testobject.ObjectRepository.findTestObject(Object Repository/Create_a_New_Dept/AlreadyExistingDeptCode-DeptName)): Text of object 'Object Repository/Create_a_New_Dept/AlreadyExistingDeptCode-DeptName' is: ''

2018-03-29 12:50:54 - [MESSAGE][PASSED] - Text of object 'Object Repository/Create_a_New_Dept/AlreadyExistingDeptCode-DeptName' is: ''

2018-03-29 12:50:54 - [TEST_STEP][PASSED] - Statement - println(Errormsg): null

2018-03-29 12:50:54 - [TEST_STEP][PASSED] - Statement - println("Error Message has been Displayed"): null

2018-03-29 12:50:54 - [TEST_STEP][PASSED] - Start listener action : AfterTestCaseCloseBrowser: Browser is closed

2018-03-29 12:50:54 - [TEST_STEP][PASSED] - closeBrowser: Browser is closed

2018-03-29 12:50:54 - [MESSAGE][PASSED] - Browser is closed]]></system-out>
         <system-err><![CDATA[]]></system-err>
      </testcase>
      <testcase name="Test Cases/TC-18_Create_New_Role" classname="Test Cases/TC-18_Create_New_Role" status="FAILED">
         <failure type="FAILED" message="Unable to click on object 'Object Repository/Create_New_Role/Page_IMSCAN - Edocs/span_Kapoor' (Root cause: org.openqa.selenium.WebDriverException: unknown error: Element &lt;span data-toggle=&quot;tooltip&quot; title=&quot;...&quot;>Tina Kapoor&lt;/span> is not clickable at point (147, 174). Other element would receive the click: &lt;div id=&quot;roleContentForm&quot; class=&quot;modal fade in&quot; role=&quot;dialog&quot; style=&quot;display: block;&quot;>...&lt;/div>
  (Session info: chrome=65.0.3325.181)
  (Driver info: chromedriver=2.35.528161 (5b82f2d2aae0ca24b877009200ced9065a772e73),platform=Windows NT 6.3.9600 x86_64) (WARNING: The server did not provide any stacktrace information)
Command duration or timeout: 0 milliseconds
Build info: version: '3.7.1', revision: '8a0099a', time: '2017-11-06T21:07:36.161Z'
System info: host: 'RSSPL27', ip: '192.168.25.148', os.name: 'Windows 8.1', os.arch: 'amd64', os.version: '6.3', java.version: '1.8.0_102'
Driver info: com.kms.katalon.selenium.driver.CChromeDriver
Capabilities {acceptInsecureCerts: false, acceptSslCerts: false, applicationCacheEnabled: false, browserConnectionEnabled: false, browserName: chrome, chrome: {chromedriverVersion: 2.35.528161 (5b82f2d2aae0ca..., userDataDir: C:\Users\dikshita\AppData\L...}, cssSelectorsEnabled: true, databaseEnabled: false, handlesAlerts: true, hasTouchScreen: false, javascriptEnabled: true, locationContextEnabled: true, mobileEmulationEnabled: false, nativeEvents: true, networkConnectionEnabled: false, pageLoadStrategy: normal, platform: XP, platformName: XP, rotatable: false, setWindowRect: true, takesHeapSnapshot: true, takesScreenshot: true, unexpectedAlertBehaviour: , unhandledPromptBehavior: , version: 65.0.3325.181, webStorageEnabled: true}
Session ID: 31058d0e694f9a435c2c882c9d21a7b7)"/>
         <system-out><![CDATA[2018-03-29 12:50:54 - [TEST_CASE][FAILED] - Test Cases/TC-18_Create_New_Role: Test Cases/TC-18_Create_New_Role FAILED because (of) Unable to click on object 'Object Repository/Create_New_Role/Page_IMSCAN - Edocs/span_Kapoor' (Root cause: org.openqa.selenium.WebDriverException: unknown error: Element <span data-toggle="tooltip" title="...">Tina Kapoor</span> is not clickable at point (147, 174). Other element would receive the click: <div id="roleContentForm" class="modal fade in" role="dialog" style="display: block;">...</div>
  (Session info: chrome=65.0.3325.181)
  (Driver info: chromedriver=2.35.528161 (5b82f2d2aae0ca24b877009200ced9065a772e73),platform=Windows NT 6.3.9600 x86_64) (WARNING: The server did not provide any stacktrace information)
Command duration or timeout: 0 milliseconds
Build info: version: '3.7.1', revision: '8a0099a', time: '2017-11-06T21:07:36.161Z'
System info: host: 'RSSPL27', ip: '192.168.25.148', os.name: 'Windows 8.1', os.arch: 'amd64', os.version: '6.3', java.version: '1.8.0_102'
Driver info: com.kms.katalon.selenium.driver.CChromeDriver
Capabilities {acceptInsecureCerts: false, acceptSslCerts: false, applicationCacheEnabled: false, browserConnectionEnabled: false, browserName: chrome, chrome: {chromedriverVersion: 2.35.528161 (5b82f2d2aae0ca..., userDataDir: C:\Users\dikshita\AppData\L...}, cssSelectorsEnabled: true, databaseEnabled: false, handlesAlerts: true, hasTouchScreen: false, javascriptEnabled: true, locationContextEnabled: true, mobileEmulationEnabled: false, nativeEvents: true, networkConnectionEnabled: false, pageLoadStrategy: normal, platform: XP, platformName: XP, rotatable: false, setWindowRect: true, takesHeapSnapshot: true, takesScreenshot: true, unexpectedAlertBehaviour: , unhandledPromptBehavior: , version: 65.0.3325.181, webStorageEnabled: true}
Session ID: 31058d0e694f9a435c2c882c9d21a7b7)

2018-03-29 12:50:55 - [TEST_STEP][PASSED] - Start listener action : BeforeTestCaseOpenBrowser: Invoke 'com.kms.katalon.core.annotation.BeforeTestCase' method: 'ImScan.BeforeTestCaseOpenBrowser(...)' completed.

2018-03-29 12:50:55 - [TEST_STEP][PASSED] - openBrowser: Browser is opened with url: 'http://rsspl51/CSSIMSCANUI/Login/Index'

2018-03-29 12:50:57 - [MESSAGE][PASSED] - Browser is opened with url: 'http://rsspl51/CSSIMSCANUI/Login/Index'

2018-03-29 12:50:57 - [TEST_STEP][PASSED] - maximizeWindow: Current window maximized

2018-03-29 12:50:59 - [MESSAGE][PASSED] - Current window maximized

2018-03-29 12:50:59 - [TEST_STEP][PASSED] - Statement - TestID = testCaseContext.getTestCaseId(): null

2018-03-29 12:50:59 - [TEST_STEP][PASSED] - Statement - println(TestID): Invoke 'com.kms.katalon.core.annotation.BeforeTestCase' method: 'ImScan.BeforeTestCaseOpenBrowser(...)' completed.

2018-03-29 12:50:59 - [TEST_STEP][PASSED] - setText: Text 'Dixita' is set on object 'Object Repository/Create_New_Role/Page_IMSCAN/input_UserName'

2018-03-29 12:50:59 - [MESSAGE][PASSED] - Text 'Dixita' is set on object 'Object Repository/Create_New_Role/Page_IMSCAN/input_UserName'

2018-03-29 12:50:59 - [TEST_STEP][PASSED] - setText: Text 'Dixita456' is set on object 'Object Repository/Create_New_Role/Page_IMSCAN/input_Password'

2018-03-29 12:50:59 - [MESSAGE][PASSED] - Text 'Dixita456' is set on object 'Object Repository/Create_New_Role/Page_IMSCAN/input_Password'

2018-03-29 12:50:59 - [TEST_STEP][PASSED] - click: Object: 'Object Repository/Create_New_Role/Page_IMSCAN/button_Login' is clicked on

2018-03-29 12:50:59 - [MESSAGE][PASSED] - Object: 'Object Repository/Create_New_Role/Page_IMSCAN/button_Login' is clicked on

2018-03-29 12:50:59 - [TEST_STEP][PASSED] - click: Object: 'Object Repository/Create_New_Role/Page_IMSCAN - EDoc System/div_box' is clicked on

2018-03-29 12:51:00 - [MESSAGE][PASSED] - Object: 'Object Repository/Create_New_Role/Page_IMSCAN - EDoc System/div_box' is clicked on

2018-03-29 12:51:00 - [TEST_STEP][PASSED] - click: Object: 'Object Repository/Create_New_Role/Page_IMSCAN - Edocs/span_Create Role' is clicked on

2018-03-29 12:51:03 - [MESSAGE][PASSED] - Object: 'Object Repository/Create_New_Role/Page_IMSCAN - Edocs/span_Create Role' is clicked on

2018-03-29 12:51:03 - [TEST_STEP][PASSED] - verifyElementPresent: Object 'Object Repository/Create_New_Role/Page_IMSCAN - Edocs/h4_Add Role' is present

2018-03-29 12:51:03 - [MESSAGE][PASSED] - Object 'Object Repository/Create_New_Role/Page_IMSCAN - Edocs/h4_Add Role' is present

2018-03-29 12:51:03 - [TEST_STEP][PASSED] - focus: Object: 'Object Repository/Create_New_Role/Page_IMSCAN - Edocs/div_Role Name' is focused

2018-03-29 12:51:03 - [MESSAGE][PASSED] - Object: 'Object Repository/Create_New_Role/Page_IMSCAN - Edocs/div_Role Name' is focused

2018-03-29 12:51:03 - [TEST_STEP][PASSED] - focus: Object: 'Object Repository/Create_New_Role/Page_IMSCAN - Edocs/input_Name' is focused

2018-03-29 12:51:03 - [MESSAGE][PASSED] - Object: 'Object Repository/Create_New_Role/Page_IMSCAN - Edocs/input_Name' is focused

2018-03-29 12:51:03 - [TEST_STEP][PASSED] - setText: Text 'Tina Kapoor' is set on object 'Object Repository/Create_New_Role/Page_IMSCAN - Edocs/input_Name'

2018-03-29 12:51:03 - [MESSAGE][PASSED] - Text 'Tina Kapoor' is set on object 'Object Repository/Create_New_Role/Page_IMSCAN - Edocs/input_Name'

2018-03-29 12:51:03 - [TEST_STEP][PASSED] - click: Object: 'Object Repository/Create_New_Role/Page_IMSCAN - Edocs/li_Imscan User' is clicked on

2018-03-29 12:51:04 - [MESSAGE][PASSED] - Object: 'Object Repository/Create_New_Role/Page_IMSCAN - Edocs/li_Imscan User' is clicked on

2018-03-29 12:51:04 - [TEST_STEP][PASSED] - click: Object: 'Object Repository/Create_New_Role/Page_IMSCAN - Edocs/span_glyphicon glyphicon-chevr' is clicked on

2018-03-29 12:51:04 - [MESSAGE][PASSED] - Object: 'Object Repository/Create_New_Role/Page_IMSCAN - Edocs/span_glyphicon glyphicon-chevr' is clicked on

2018-03-29 12:51:04 - [TEST_STEP][PASSED] - click: Object: 'Object Repository/Create_New_Role/Page_IMSCAN - Edocs/button_Save' is clicked on

2018-03-29 12:51:04 - [MESSAGE][PASSED] - Object: 'Object Repository/Create_New_Role/Page_IMSCAN - Edocs/button_Save' is clicked on

2018-03-29 12:51:04 - [TEST_STEP][PASSED] - waitForPageLoad: Wait for page load successfully

2018-03-29 12:51:04 - [MESSAGE][PASSED] - Wait for page load successfully

2018-03-29 12:51:04 - [TEST_STEP][PASSED] - setText: Text 'Tina' is set on object 'Object Repository/Create_New_Role/Page_IMSCAN - Edocs/input'

2018-03-29 12:51:04 - [MESSAGE][PASSED] - Text 'Tina' is set on object 'Object Repository/Create_New_Role/Page_IMSCAN - Edocs/input'

2018-03-29 12:51:04 - [TEST_STEP][PASSED] - waitForElementVisible: Object 'Object Repository/Create_New_Role/Page_IMSCAN - Edocs/span_Kapoor' is visible

2018-03-29 12:51:04 - [MESSAGE][PASSED] - Object 'Object Repository/Create_New_Role/Page_IMSCAN - Edocs/span_Kapoor' is visible

2018-03-29 12:51:04 - [TEST_STEP][PASSED] - mouseOver: Object: 'Object Repository/Create_New_Role/Page_IMSCAN - Edocs/span_Kapoor' is hovered

2018-03-29 12:51:04 - [MESSAGE][PASSED] - Object: 'Object Repository/Create_New_Role/Page_IMSCAN - Edocs/span_Kapoor' is hovered

2018-03-29 12:51:04 - [TEST_STEP][FAILED] - click: Unable to click on object 'Object Repository/Create_New_Role/Page_IMSCAN - Edocs/span_Kapoor' (Root cause: org.openqa.selenium.WebDriverException: unknown error: Element <span data-toggle="tooltip" title="...">Tina Kapoor</span> is not clickable at point (147, 174). Other element would receive the click: <div id="roleContentForm" class="modal fade in" role="dialog" style="display: block;">...</div>
  (Session info: chrome=65.0.3325.181)
  (Driver info: chromedriver=2.35.528161 (5b82f2d2aae0ca24b877009200ced9065a772e73),platform=Windows NT 6.3.9600 x86_64) (WARNING: The server did not provide any stacktrace information)
Command duration or timeout: 0 milliseconds
Build info: version: '3.7.1', revision: '8a0099a', time: '2017-11-06T21:07:36.161Z'
System info: host: 'RSSPL27', ip: '192.168.25.148', os.name: 'Windows 8.1', os.arch: 'amd64', os.version: '6.3', java.version: '1.8.0_102'
Driver info: com.kms.katalon.selenium.driver.CChromeDriver
Capabilities {acceptInsecureCerts: false, acceptSslCerts: false, applicationCacheEnabled: false, browserConnectionEnabled: false, browserName: chrome, chrome: {chromedriverVersion: 2.35.528161 (5b82f2d2aae0ca..., userDataDir: C:\Users\dikshita\AppData\L...}, cssSelectorsEnabled: true, databaseEnabled: false, handlesAlerts: true, hasTouchScreen: false, javascriptEnabled: true, locationContextEnabled: true, mobileEmulationEnabled: false, nativeEvents: true, networkConnectionEnabled: false, pageLoadStrategy: normal, platform: XP, platformName: XP, rotatable: false, setWindowRect: true, takesHeapSnapshot: true, takesScreenshot: true, unexpectedAlertBehaviour: , unhandledPromptBehavior: , version: 65.0.3325.181, webStorageEnabled: true}
Session ID: 31058d0e694f9a435c2c882c9d21a7b7)

2018-03-29 12:51:05 - [MESSAGE][FAILED] - Unable to click on object 'Object Repository/Create_New_Role/Page_IMSCAN - Edocs/span_Kapoor' (Root cause: org.openqa.selenium.WebDriverException: unknown error: Element <span data-toggle="tooltip" title="...">Tina Kapoor</span> is not clickable at point (147, 174). Other element would receive the click: <div id="roleContentForm" class="modal fade in" role="dialog" style="display: block;">...</div>
  (Session info: chrome=65.0.3325.181)
  (Driver info: chromedriver=2.35.528161 (5b82f2d2aae0ca24b877009200ced9065a772e73),platform=Windows NT 6.3.9600 x86_64) (WARNING: The server did not provide any stacktrace information)
Command duration or timeout: 0 milliseconds
Build info: version: '3.7.1', revision: '8a0099a', time: '2017-11-06T21:07:36.161Z'
System info: host: 'RSSPL27', ip: '192.168.25.148', os.name: 'Windows 8.1', os.arch: 'amd64', os.version: '6.3', java.version: '1.8.0_102'
Driver info: com.kms.katalon.selenium.driver.CChromeDriver
Capabilities {acceptInsecureCerts: false, acceptSslCerts: false, applicationCacheEnabled: false, browserConnectionEnabled: false, browserName: chrome, chrome: {chromedriverVersion: 2.35.528161 (5b82f2d2aae0ca..., userDataDir: C:\Users\dikshita\AppData\L...}, cssSelectorsEnabled: true, databaseEnabled: false, handlesAlerts: true, hasTouchScreen: false, javascriptEnabled: true, locationContextEnabled: true, mobileEmulationEnabled: false, nativeEvents: true, networkConnectionEnabled: false, pageLoadStrategy: normal, platform: XP, platformName: XP, rotatable: false, setWindowRect: true, takesHeapSnapshot: true, takesScreenshot: true, unexpectedAlertBehaviour: , unhandledPromptBehavior: , version: 65.0.3325.181, webStorageEnabled: true}
Session ID: 31058d0e694f9a435c2c882c9d21a7b7)
[[ATTACHMENT|C:\\Users\\dikshita\\git\\imscanredev\\Reports\\SMOKE_TESTCASES\\20180329_124950\\1522308064730.png]]

2018-03-29 12:51:05 - [TEST_STEP][PASSED] - Start listener action : AfterTestCaseCloseBrowser: Browser is closed

2018-03-29 12:51:05 - [TEST_STEP][PASSED] - closeBrowser: Browser is closed

2018-03-29 12:51:05 - [MESSAGE][PASSED] - Browser is closed]]></system-out>
         <system-err><![CDATA[2018-03-29 12:50:54 - [TEST_CASE][FAILED] - Test Cases/TC-18_Create_New_Role: Test Cases/TC-18_Create_New_Role FAILED because (of) Unable to click on object 'Object Repository/Create_New_Role/Page_IMSCAN - Edocs/span_Kapoor' (Root cause: org.openqa.selenium.WebDriverException: unknown error: Element <span data-toggle="tooltip" title="...">Tina Kapoor</span> is not clickable at point (147, 174). Other element would receive the click: <div id="roleContentForm" class="modal fade in" role="dialog" style="display: block;">...</div>
  (Session info: chrome=65.0.3325.181)
  (Driver info: chromedriver=2.35.528161 (5b82f2d2aae0ca24b877009200ced9065a772e73),platform=Windows NT 6.3.9600 x86_64) (WARNING: The server did not provide any stacktrace information)
Command duration or timeout: 0 milliseconds
Build info: version: '3.7.1', revision: '8a0099a', time: '2017-11-06T21:07:36.161Z'
System info: host: 'RSSPL27', ip: '192.168.25.148', os.name: 'Windows 8.1', os.arch: 'amd64', os.version: '6.3', java.version: '1.8.0_102'
Driver info: com.kms.katalon.selenium.driver.CChromeDriver
Capabilities {acceptInsecureCerts: false, acceptSslCerts: false, applicationCacheEnabled: false, browserConnectionEnabled: false, browserName: chrome, chrome: {chromedriverVersion: 2.35.528161 (5b82f2d2aae0ca..., userDataDir: C:\Users\dikshita\AppData\L...}, cssSelectorsEnabled: true, databaseEnabled: false, handlesAlerts: true, hasTouchScreen: false, javascriptEnabled: true, locationContextEnabled: true, mobileEmulationEnabled: false, nativeEvents: true, networkConnectionEnabled: false, pageLoadStrategy: normal, platform: XP, platformName: XP, rotatable: false, setWindowRect: true, takesHeapSnapshot: true, takesScreenshot: true, unexpectedAlertBehaviour: , unhandledPromptBehavior: , version: 65.0.3325.181, webStorageEnabled: true}
Session ID: 31058d0e694f9a435c2c882c9d21a7b7)]]></system-err>
      </testcase>
      <testcase name="Test Cases/TC-26" classname="Test Cases/TC-26" status="PASSED">
         <system-out><![CDATA[2018-03-29 12:51:05 - [TEST_CASE][PASSED] - Test Cases/TC-26: Browser is closed

2018-03-29 12:51:05 - [TEST_STEP][PASSED] - Start listener action : BeforeTestCaseOpenBrowser: Invoke 'com.kms.katalon.core.annotation.BeforeTestCase' method: 'ImScan.BeforeTestCaseOpenBrowser(...)' completed.

2018-03-29 12:51:05 - [TEST_STEP][PASSED] - openBrowser: Browser is opened with url: 'http://rsspl51/CSSIMSCANUI/Login/Index'

2018-03-29 12:51:08 - [MESSAGE][PASSED] - Browser is opened with url: 'http://rsspl51/CSSIMSCANUI/Login/Index'

2018-03-29 12:51:08 - [TEST_STEP][PASSED] - maximizeWindow: Current window maximized

2018-03-29 12:51:09 - [MESSAGE][PASSED] - Current window maximized

2018-03-29 12:51:09 - [TEST_STEP][PASSED] - Statement - TestID = testCaseContext.getTestCaseId(): null

2018-03-29 12:51:09 - [TEST_STEP][PASSED] - Statement - println(TestID): Invoke 'com.kms.katalon.core.annotation.BeforeTestCase' method: 'ImScan.BeforeTestCaseOpenBrowser(...)' completed.

2018-03-29 12:51:10 - [TEST_STEP][PASSED] - setText: Text 'Dixita' is set on object 'Object Repository/Login/Page_IMSCAN/input_UserName'

2018-03-29 12:51:10 - [MESSAGE][PASSED] - Text 'Dixita' is set on object 'Object Repository/Login/Page_IMSCAN/input_UserName'

2018-03-29 12:51:10 - [TEST_STEP][PASSED] - setText: Text 'Dixita456' is set on object 'Object Repository/Login/Page_IMSCAN/input_Password'

2018-03-29 12:51:10 - [MESSAGE][PASSED] - Text 'Dixita456' is set on object 'Object Repository/Login/Page_IMSCAN/input_Password'

2018-03-29 12:51:10 - [TEST_STEP][PASSED] - click: Object: 'Object Repository/Login/Page_IMSCAN/button_Login' is clicked on

2018-03-29 12:51:10 - [MESSAGE][PASSED] - Object: 'Object Repository/Login/Page_IMSCAN/button_Login' is clicked on

2018-03-29 12:51:10 - [TEST_STEP][PASSED] - verifyElementPresent: Object 'Object Repository/Create_a_New_Dept/VerfiyHomePageDisplayed' is present

2018-03-29 12:51:11 - [MESSAGE][PASSED] - Object 'Object Repository/Create_a_New_Dept/VerfiyHomePageDisplayed' is present

2018-03-29 12:51:11 - [TEST_STEP][PASSED] - delay: Delayed 3 second(s)

2018-03-29 12:51:14 - [MESSAGE][PASSED] - Delayed 3 second(s)

2018-03-29 12:51:14 - [TEST_STEP][PASSED] - click: Object: 'Object Repository/Users/Users' is clicked on

2018-03-29 12:51:14 - [MESSAGE][PASSED] - Object: 'Object Repository/Users/Users' is clicked on

2018-03-29 12:51:14 - [TEST_STEP][PASSED] - click: Object: 'Object Repository/Users/CreateUser' is clicked on

2018-03-29 12:51:17 - [MESSAGE][PASSED] - Object: 'Object Repository/Users/CreateUser' is clicked on

2018-03-29 12:51:17 - [TEST_STEP][PASSED] - waitForAlert: No alert found after 5 second(s).

2018-03-29 12:51:22 - [MESSAGE][WARNING] - No alert found after 5 second(s).

2018-03-29 12:51:22 - [TEST_STEP][PASSED] - focus: Object: 'Object Repository/Users/UsersPopUp/Popup' is focused

2018-03-29 12:51:22 - [MESSAGE][PASSED] - Object: 'Object Repository/Users/UsersPopUp/Popup' is focused

2018-03-29 12:51:22 - [TEST_STEP][PASSED] - delay: Delayed 5 second(s)

2018-03-29 12:51:27 - [MESSAGE][PASSED] - Delayed 5 second(s)

2018-03-29 12:51:27 - [TEST_STEP][PASSED] - waitForElementVisible: Object 'Object Repository/Users/Firstname' is visible

2018-03-29 12:51:27 - [MESSAGE][PASSED] - Object 'Object Repository/Users/Firstname' is visible

2018-03-29 12:51:27 - [TEST_STEP][PASSED] - focus: Object: 'Object Repository/Users/Firstname' is focused

2018-03-29 12:51:27 - [MESSAGE][PASSED] - Object: 'Object Repository/Users/Firstname' is focused

2018-03-29 12:51:27 - [TEST_STEP][PASSED] - setText: Text 'Hi' is set on object 'Object Repository/Users/Firstname'

2018-03-29 12:51:28 - [MESSAGE][PASSED] - Text 'Hi' is set on object 'Object Repository/Users/Firstname'

2018-03-29 12:51:28 - [TEST_STEP][PASSED] - delay: Delayed 3 second(s)

2018-03-29 12:51:31 - [MESSAGE][PASSED] - Delayed 3 second(s)

2018-03-29 12:51:31 - [TEST_STEP][PASSED] - focus: Object: 'Object Repository/Users/Lastname' is focused

2018-03-29 12:51:31 - [MESSAGE][PASSED] - Object: 'Object Repository/Users/Lastname' is focused

2018-03-29 12:51:31 - [TEST_STEP][PASSED] - setText: Text 'Bye' is set on object 'Object Repository/Users/Lastname'

2018-03-29 12:51:31 - [MESSAGE][PASSED] - Text 'Bye' is set on object 'Object Repository/Users/Lastname'

2018-03-29 12:51:31 - [TEST_STEP][PASSED] - focus: Object: 'Object Repository/Users/Username' is focused

2018-03-29 12:51:31 - [MESSAGE][PASSED] - Object: 'Object Repository/Users/Username' is focused

2018-03-29 12:51:31 - [TEST_STEP][PASSED] - setText: Text 'Hi' is set on object 'Object Repository/Users/Username'

2018-03-29 12:51:31 - [MESSAGE][PASSED] - Text 'Hi' is set on object 'Object Repository/Users/Username'

2018-03-29 12:51:31 - [TEST_STEP][PASSED] - focus: Object: 'Object Repository/Users/Password' is focused

2018-03-29 12:51:31 - [MESSAGE][PASSED] - Object: 'Object Repository/Users/Password' is focused

2018-03-29 12:51:31 - [TEST_STEP][PASSED] - setText: Text 'hii' is set on object 'Object Repository/Users/Password'

2018-03-29 12:51:31 - [MESSAGE][PASSED] - Text 'hii' is set on object 'Object Repository/Users/Password'

2018-03-29 12:51:31 - [TEST_STEP][PASSED] - focus: Object: 'Object Repository/Users/emailId' is focused

2018-03-29 12:51:31 - [MESSAGE][PASSED] - Object: 'Object Repository/Users/emailId' is focused

2018-03-29 12:51:31 - [TEST_STEP][PASSED] - setText: Text 'hi@rsspl.com' is set on object 'Object Repository/Users/emailId'

2018-03-29 12:51:31 - [MESSAGE][PASSED] - Text 'hi@rsspl.com' is set on object 'Object Repository/Users/emailId'

2018-03-29 12:51:31 - [TEST_STEP][PASSED] - click: Object: 'Object Repository/Users/RoleSelection' is clicked on

2018-03-29 12:51:32 - [MESSAGE][PASSED] - Object: 'Object Repository/Users/RoleSelection' is clicked on

2018-03-29 12:51:32 - [TEST_STEP][PASSED] - selectOptionByValue: All options with value '27' are selected in object 'Object Repository/Users/RoleSelection' 

2018-03-29 12:51:32 - [MESSAGE][PASSED] - All options with value '27' are selected in object 'Object Repository/Users/RoleSelection' 

2018-03-29 12:51:32 - [TEST_STEP][PASSED] - click: Object: 'Object Repository/Users/SelectAvailableDoctypes' is clicked on

2018-03-29 12:51:32 - [MESSAGE][PASSED] - Object: 'Object Repository/Users/SelectAvailableDoctypes' is clicked on

2018-03-29 12:51:32 - [TEST_STEP][PASSED] - click: Object: 'Object Repository/Users/ClickOnRightbutton' is clicked on

2018-03-29 12:51:32 - [MESSAGE][PASSED] - Object: 'Object Repository/Users/ClickOnRightbutton' is clicked on

2018-03-29 12:51:32 - [TEST_STEP][PASSED] - scrollToElement: Scroll to object 'Object Repository/Users/SelectAvailableDept' successfully

2018-03-29 12:51:32 - [MESSAGE][PASSED] - Scroll to object 'Object Repository/Users/SelectAvailableDept' successfully

2018-03-29 12:51:32 - [TEST_STEP][PASSED] - click: Object: 'Object Repository/Users/SelectAvailableDept' is clicked on

2018-03-29 12:51:32 - [MESSAGE][PASSED] - Object: 'Object Repository/Users/SelectAvailableDept' is clicked on

2018-03-29 12:51:32 - [TEST_STEP][PASSED] - delay: Delayed 2 second(s)

2018-03-29 12:51:34 - [MESSAGE][PASSED] - Delayed 2 second(s)

2018-03-29 12:51:34 - [TEST_STEP][PASSED] - click: Object: 'Object Repository/Users/arrow/span_glyphicon glyphicon-chevr' is clicked on

2018-03-29 12:51:34 - [MESSAGE][PASSED] - Object: 'Object Repository/Users/arrow/span_glyphicon glyphicon-chevr' is clicked on

2018-03-29 12:51:34 - [TEST_STEP][PASSED] - click: Object: 'Object Repository/Users/ClickonSaveOfPopup' is clicked on

2018-03-29 12:51:35 - [MESSAGE][PASSED] - Object: 'Object Repository/Users/ClickonSaveOfPopup' is clicked on

2018-03-29 12:51:35 - [TEST_STEP][PASSED] - Start listener action : AfterTestCaseCloseBrowser: Browser is closed

2018-03-29 12:51:35 - [TEST_STEP][PASSED] - closeBrowser: Browser is closed

2018-03-29 12:51:35 - [MESSAGE][PASSED] - Browser is closed]]></system-out>
         <system-err><![CDATA[]]></system-err>
      </testcase>
      <testcase name="Test Cases/TC-46" classname="Test Cases/TC-46" status="PASSED">
         <system-out><![CDATA[2018-03-29 12:51:35 - [TEST_CASE][PASSED] - Test Cases/TC-46: Browser is closed

2018-03-29 12:51:35 - [TEST_STEP][PASSED] - Start listener action : BeforeTestCaseOpenBrowser: Invoke 'com.kms.katalon.core.annotation.BeforeTestCase' method: 'ImScan.BeforeTestCaseOpenBrowser(...)' completed.

2018-03-29 12:51:35 - [TEST_STEP][PASSED] - openBrowser: Browser is opened with url: 'http://rsspl51/CSSIMSCANUI/Login/Index'

2018-03-29 12:51:38 - [MESSAGE][PASSED] - Browser is opened with url: 'http://rsspl51/CSSIMSCANUI/Login/Index'

2018-03-29 12:51:38 - [TEST_STEP][PASSED] - maximizeWindow: Current window maximized

2018-03-29 12:51:40 - [MESSAGE][PASSED] - Current window maximized

2018-03-29 12:51:40 - [TEST_STEP][PASSED] - Statement - TestID = testCaseContext.getTestCaseId(): null

2018-03-29 12:51:40 - [TEST_STEP][PASSED] - Statement - println(TestID): Invoke 'com.kms.katalon.core.annotation.BeforeTestCase' method: 'ImScan.BeforeTestCaseOpenBrowser(...)' completed.

2018-03-29 12:51:40 - [TEST_STEP][PASSED] - setText: Text 'Dixita' is set on object 'Object Repository/Login/Page_IMSCAN/input_UserName'

2018-03-29 12:51:41 - [MESSAGE][PASSED] - Text 'Dixita' is set on object 'Object Repository/Login/Page_IMSCAN/input_UserName'

2018-03-29 12:51:41 - [TEST_STEP][PASSED] - setText: Text 'Dixita456' is set on object 'Object Repository/Login/Page_IMSCAN/input_Password'

2018-03-29 12:51:41 - [MESSAGE][PASSED] - Text 'Dixita456' is set on object 'Object Repository/Login/Page_IMSCAN/input_Password'

2018-03-29 12:51:41 - [TEST_STEP][PASSED] - click: Object: 'Object Repository/Login/Page_IMSCAN/button_Login' is clicked on

2018-03-29 12:51:41 - [MESSAGE][PASSED] - Object: 'Object Repository/Login/Page_IMSCAN/button_Login' is clicked on

2018-03-29 12:51:41 - [TEST_STEP][PASSED] - click: Object: 'Object Repository/Settings/ClickOnSettings' is clicked on

2018-03-29 12:51:42 - [MESSAGE][PASSED] - Object: 'Object Repository/Settings/ClickOnSettings' is clicked on

2018-03-29 12:51:42 - [TEST_STEP][PASSED] - click: Object: 'Object Repository/Settings/ClickOnEmailSettings' is clicked on

2018-03-29 12:51:45 - [MESSAGE][PASSED] - Object: 'Object Repository/Settings/ClickOnEmailSettings' is clicked on

2018-03-29 12:51:45 - [TEST_STEP][PASSED] - delay: Delayed 2 second(s)

2018-03-29 12:51:47 - [MESSAGE][PASSED] - Delayed 2 second(s)

2018-03-29 12:51:47 - [TEST_STEP][PASSED] - click: Object: 'Object Repository/Settings/ClickOnEmailSettings' is clicked on

2018-03-29 12:51:47 - [MESSAGE][PASSED] - Object: 'Object Repository/Settings/ClickOnEmailSettings' is clicked on

2018-03-29 12:51:47 - [TEST_STEP][PASSED] - click: Object: 'Object Repository/Settings/AddEmailSettings' is clicked on

2018-03-29 12:51:47 - [MESSAGE][PASSED] - Object: 'Object Repository/Settings/AddEmailSettings' is clicked on

2018-03-29 12:51:47 - [TEST_STEP][PASSED] - focus: Object: 'Object Repository/Settings/EmailSettingsPopUp' is focused

2018-03-29 12:51:47 - [MESSAGE][PASSED] - Object: 'Object Repository/Settings/EmailSettingsPopUp' is focused

2018-03-29 12:51:47 - [TEST_STEP][PASSED] - delay: Delayed 3 second(s)

2018-03-29 12:51:50 - [MESSAGE][PASSED] - Delayed 3 second(s)

2018-03-29 12:51:50 - [TEST_STEP][PASSED] - setText: Text 'abccom' is set on object 'Object Repository/Settings/Email'

2018-03-29 12:51:51 - [MESSAGE][PASSED] - Text 'abccom' is set on object 'Object Repository/Settings/Email'

2018-03-29 12:51:51 - [TEST_STEP][PASSED] - setText: Text '123' is set on object 'Object Repository/Settings/Password'

2018-03-29 12:51:51 - [MESSAGE][PASSED] - Text '123' is set on object 'Object Repository/Settings/Password'

2018-03-29 12:51:51 - [TEST_STEP][PASSED] - click: Object: 'Object Repository/Settings/SaveButton' is clicked on

2018-03-29 12:51:51 - [MESSAGE][PASSED] - Object: 'Object Repository/Settings/SaveButton' is clicked on

2018-03-29 12:51:51 - [TEST_STEP][PASSED] - Start listener action : AfterTestCaseCloseBrowser: Browser is closed

2018-03-29 12:51:51 - [TEST_STEP][PASSED] - closeBrowser: Browser is closed

2018-03-29 12:51:52 - [MESSAGE][PASSED] - Browser is closed]]></system-out>
         <system-err><![CDATA[]]></system-err>
      </testcase>
      <testcase name="Test Cases/TC-50" classname="Test Cases/TC-50" status="PASSED">
         <system-out><![CDATA[2018-03-29 12:51:52 - [TEST_CASE][PASSED] - Test Cases/TC-50: Browser is closed

2018-03-29 12:51:52 - [TEST_STEP][PASSED] - Start listener action : BeforeTestCaseOpenBrowser: Invoke 'com.kms.katalon.core.annotation.BeforeTestCase' method: 'ImScan.BeforeTestCaseOpenBrowser(...)' completed.

2018-03-29 12:51:52 - [TEST_STEP][PASSED] - openBrowser: Browser is opened with url: 'http://rsspl51/CSSIMSCANUI/Login/Index'

2018-03-29 12:51:54 - [MESSAGE][PASSED] - Browser is opened with url: 'http://rsspl51/CSSIMSCANUI/Login/Index'

2018-03-29 12:51:54 - [TEST_STEP][PASSED] - maximizeWindow: Current window maximized

2018-03-29 12:51:56 - [MESSAGE][PASSED] - Current window maximized

2018-03-29 12:51:56 - [TEST_STEP][PASSED] - Statement - TestID = testCaseContext.getTestCaseId(): null

2018-03-29 12:51:56 - [TEST_STEP][PASSED] - Statement - println(TestID): Invoke 'com.kms.katalon.core.annotation.BeforeTestCase' method: 'ImScan.BeforeTestCaseOpenBrowser(...)' completed.

2018-03-29 12:51:56 - [TEST_STEP][PASSED] - setText: Text 'Dixita' is set on object 'Object Repository/Login/Page_IMSCAN/input_UserName'

2018-03-29 12:51:56 - [MESSAGE][PASSED] - Text 'Dixita' is set on object 'Object Repository/Login/Page_IMSCAN/input_UserName'

2018-03-29 12:51:56 - [TEST_STEP][PASSED] - setText: Text 'Dixita456' is set on object 'Object Repository/Login/Page_IMSCAN/input_Password'

2018-03-29 12:51:56 - [MESSAGE][PASSED] - Text 'Dixita456' is set on object 'Object Repository/Login/Page_IMSCAN/input_Password'

2018-03-29 12:51:56 - [TEST_STEP][PASSED] - click: Object: 'Object Repository/Login/Page_IMSCAN/button_Login' is clicked on

2018-03-29 12:51:56 - [MESSAGE][PASSED] - Object: 'Object Repository/Login/Page_IMSCAN/button_Login' is clicked on

2018-03-29 12:51:56 - [TEST_STEP][PASSED] - click: Object: 'Object Repository/Settings/ClickOnSettings' is clicked on

2018-03-29 12:51:57 - [MESSAGE][PASSED] - Object: 'Object Repository/Settings/ClickOnSettings' is clicked on

2018-03-29 12:51:57 - [TEST_STEP][PASSED] - delay: Delayed 2 second(s)

2018-03-29 12:51:59 - [MESSAGE][PASSED] - Delayed 2 second(s)

2018-03-29 12:51:59 - [TEST_STEP][PASSED] - click: Object: 'Object Repository/Settings/ClickOnEmailSettings' is clicked on

2018-03-29 12:51:59 - [MESSAGE][PASSED] - Object: 'Object Repository/Settings/ClickOnEmailSettings' is clicked on

2018-03-29 12:51:59 - [TEST_STEP][PASSED] - focus: Object: 'Object Repository/Settings/ElementToBeEdited(2)' is focused

2018-03-29 12:52:00 - [MESSAGE][PASSED] - Object: 'Object Repository/Settings/ElementToBeEdited(2)' is focused

2018-03-29 12:52:00 - [TEST_STEP][PASSED] - click: Object: 'Object Repository/Settings/ClickOnEdit(2)' is clicked on

2018-03-29 12:52:00 - [MESSAGE][PASSED] - Object: 'Object Repository/Settings/ClickOnEdit(2)' is clicked on

2018-03-29 12:52:00 - [TEST_STEP][PASSED] - focus: Object: 'Object Repository/Settings/EditEmailPopUp' is focused

2018-03-29 12:52:00 - [MESSAGE][PASSED] - Object: 'Object Repository/Settings/EditEmailPopUp' is focused

2018-03-29 12:52:00 - [TEST_STEP][PASSED] - delay: Delayed 5 second(s)

2018-03-29 12:52:05 - [MESSAGE][PASSED] - Delayed 5 second(s)

2018-03-29 12:52:05 - [TEST_STEP][PASSED] - clearText: Text of object 'Object Repository/Settings/Email' is cleared

2018-03-29 12:52:05 - [MESSAGE][PASSED] - Text of object 'Object Repository/Settings/Email' is cleared

2018-03-29 12:52:05 - [TEST_STEP][PASSED] - delay: Delayed 5 second(s)

2018-03-29 12:52:10 - [MESSAGE][PASSED] - Delayed 5 second(s)

2018-03-29 12:52:10 - [TEST_STEP][PASSED] - setText: Text 'xyz@gmail.com' is set on object 'Object Repository/Settings/Email'

2018-03-29 12:52:10 - [MESSAGE][PASSED] - Text 'xyz@gmail.com' is set on object 'Object Repository/Settings/Email'

2018-03-29 12:52:10 - [TEST_STEP][PASSED] - click: Object: 'Object Repository/Settings/SaveButton' is clicked on

2018-03-29 12:52:10 - [MESSAGE][PASSED] - Object: 'Object Repository/Settings/SaveButton' is clicked on

2018-03-29 12:52:10 - [TEST_STEP][PASSED] - Start listener action : AfterTestCaseCloseBrowser: Browser is closed

2018-03-29 12:52:10 - [TEST_STEP][PASSED] - closeBrowser: Browser is closed

2018-03-29 12:52:11 - [MESSAGE][PASSED] - Browser is closed]]></system-out>
         <system-err><![CDATA[]]></system-err>
      </testcase>
      <testcase name="Test Cases/TC-62" classname="Test Cases/TC-62" status="FAILED">
         <failure type="FAILED" message="Unable to set text 'Automation' of object 'Object Repository/Settings/ServerName' (Root cause: org.openqa.selenium.InvalidElementStateException: invalid element state: Element is not currently interactable and may not be manipulated
  (Session info: chrome=65.0.3325.181)
  (Driver info: chromedriver=2.35.528161 (5b82f2d2aae0ca24b877009200ced9065a772e73),platform=Windows NT 6.3.9600 x86_64) (WARNING: The server did not provide any stacktrace information)
Command duration or timeout: 0 milliseconds
Build info: version: '3.7.1', revision: '8a0099a', time: '2017-11-06T21:07:36.161Z'
System info: host: 'RSSPL27', ip: '192.168.25.148', os.name: 'Windows 8.1', os.arch: 'amd64', os.version: '6.3', java.version: '1.8.0_102'
Driver info: com.kms.katalon.selenium.driver.CChromeDriver
Capabilities {acceptInsecureCerts: false, acceptSslCerts: false, applicationCacheEnabled: false, browserConnectionEnabled: false, browserName: chrome, chrome: {chromedriverVersion: 2.35.528161 (5b82f2d2aae0ca..., userDataDir: C:\Users\dikshita\AppData\L...}, cssSelectorsEnabled: true, databaseEnabled: false, handlesAlerts: true, hasTouchScreen: false, javascriptEnabled: true, locationContextEnabled: true, mobileEmulationEnabled: false, nativeEvents: true, networkConnectionEnabled: false, pageLoadStrategy: normal, platform: XP, platformName: XP, rotatable: false, setWindowRect: true, takesHeapSnapshot: true, takesScreenshot: true, unexpectedAlertBehaviour: , unhandledPromptBehavior: , version: 65.0.3325.181, webStorageEnabled: true}
Session ID: bfb8662786bdc2293960657763ce040b)"/>
         <system-out><![CDATA[2018-03-29 12:52:11 - [TEST_CASE][FAILED] - Test Cases/TC-62: Test Cases/TC-62 FAILED because (of) Unable to set text 'Automation' of object 'Object Repository/Settings/ServerName' (Root cause: org.openqa.selenium.InvalidElementStateException: invalid element state: Element is not currently interactable and may not be manipulated
  (Session info: chrome=65.0.3325.181)
  (Driver info: chromedriver=2.35.528161 (5b82f2d2aae0ca24b877009200ced9065a772e73),platform=Windows NT 6.3.9600 x86_64) (WARNING: The server did not provide any stacktrace information)
Command duration or timeout: 0 milliseconds
Build info: version: '3.7.1', revision: '8a0099a', time: '2017-11-06T21:07:36.161Z'
System info: host: 'RSSPL27', ip: '192.168.25.148', os.name: 'Windows 8.1', os.arch: 'amd64', os.version: '6.3', java.version: '1.8.0_102'
Driver info: com.kms.katalon.selenium.driver.CChromeDriver
Capabilities {acceptInsecureCerts: false, acceptSslCerts: false, applicationCacheEnabled: false, browserConnectionEnabled: false, browserName: chrome, chrome: {chromedriverVersion: 2.35.528161 (5b82f2d2aae0ca..., userDataDir: C:\Users\dikshita\AppData\L...}, cssSelectorsEnabled: true, databaseEnabled: false, handlesAlerts: true, hasTouchScreen: false, javascriptEnabled: true, locationContextEnabled: true, mobileEmulationEnabled: false, nativeEvents: true, networkConnectionEnabled: false, pageLoadStrategy: normal, platform: XP, platformName: XP, rotatable: false, setWindowRect: true, takesHeapSnapshot: true, takesScreenshot: true, unexpectedAlertBehaviour: , unhandledPromptBehavior: , version: 65.0.3325.181, webStorageEnabled: true}
Session ID: bfb8662786bdc2293960657763ce040b)

2018-03-29 12:52:11 - [TEST_STEP][PASSED] - Start listener action : BeforeTestCaseOpenBrowser: Invoke 'com.kms.katalon.core.annotation.BeforeTestCase' method: 'ImScan.BeforeTestCaseOpenBrowser(...)' completed.

2018-03-29 12:52:11 - [TEST_STEP][PASSED] - openBrowser: Browser is opened with url: 'http://rsspl51/CSSIMSCANUI/Login/Index'

2018-03-29 12:52:14 - [MESSAGE][PASSED] - Browser is opened with url: 'http://rsspl51/CSSIMSCANUI/Login/Index'

2018-03-29 12:52:14 - [TEST_STEP][PASSED] - maximizeWindow: Current window maximized

2018-03-29 12:52:15 - [MESSAGE][PASSED] - Current window maximized

2018-03-29 12:52:15 - [TEST_STEP][PASSED] - Statement - TestID = testCaseContext.getTestCaseId(): null

2018-03-29 12:52:15 - [TEST_STEP][PASSED] - Statement - println(TestID): Invoke 'com.kms.katalon.core.annotation.BeforeTestCase' method: 'ImScan.BeforeTestCaseOpenBrowser(...)' completed.

2018-03-29 12:52:15 - [TEST_STEP][PASSED] - setText: Text 'Dixita' is set on object 'Object Repository/Login/Page_IMSCAN/input_UserName'

2018-03-29 12:52:15 - [MESSAGE][PASSED] - Text 'Dixita' is set on object 'Object Repository/Login/Page_IMSCAN/input_UserName'

2018-03-29 12:52:15 - [TEST_STEP][PASSED] - setText: Text 'Dixita456' is set on object 'Object Repository/Login/Page_IMSCAN/input_Password'

2018-03-29 12:52:15 - [MESSAGE][PASSED] - Text 'Dixita456' is set on object 'Object Repository/Login/Page_IMSCAN/input_Password'

2018-03-29 12:52:15 - [TEST_STEP][PASSED] - click: Object: 'Object Repository/Login/Page_IMSCAN/button_Login' is clicked on

2018-03-29 12:52:16 - [MESSAGE][PASSED] - Object: 'Object Repository/Login/Page_IMSCAN/button_Login' is clicked on

2018-03-29 12:52:16 - [TEST_STEP][PASSED] - click: Object: 'Object Repository/Settings/ClickOnSettings' is clicked on

2018-03-29 12:52:16 - [MESSAGE][PASSED] - Object: 'Object Repository/Settings/ClickOnSettings' is clicked on

2018-03-29 12:52:16 - [TEST_STEP][PASSED] - click: Object: 'Object Repository/Settings/ClickOnDatabaseConnections' is clicked on

2018-03-29 12:52:16 - [MESSAGE][PASSED] - Object: 'Object Repository/Settings/ClickOnDatabaseConnections' is clicked on

2018-03-29 12:52:16 - [TEST_STEP][PASSED] - delay: Delayed 2 second(s)

2018-03-29 12:52:18 - [MESSAGE][PASSED] - Delayed 2 second(s)

2018-03-29 12:52:18 - [TEST_STEP][PASSED] - click: Object: 'Object Repository/Settings/CreateDBconnections' is clicked on

2018-03-29 12:52:20 - [MESSAGE][PASSED] - Object: 'Object Repository/Settings/CreateDBconnections' is clicked on

2018-03-29 12:52:20 - [TEST_STEP][PASSED] - focus: Object: 'Object Repository/Settings/DBconnectionPopUP' is focused

2018-03-29 12:52:20 - [MESSAGE][PASSED] - Object: 'Object Repository/Settings/DBconnectionPopUP' is focused

2018-03-29 12:52:20 - [TEST_STEP][FAILED] - setText: Unable to set text 'Automation' of object 'Object Repository/Settings/ServerName' (Root cause: org.openqa.selenium.InvalidElementStateException: invalid element state: Element is not currently interactable and may not be manipulated
  (Session info: chrome=65.0.3325.181)
  (Driver info: chromedriver=2.35.528161 (5b82f2d2aae0ca24b877009200ced9065a772e73),platform=Windows NT 6.3.9600 x86_64) (WARNING: The server did not provide any stacktrace information)
Command duration or timeout: 0 milliseconds
Build info: version: '3.7.1', revision: '8a0099a', time: '2017-11-06T21:07:36.161Z'
System info: host: 'RSSPL27', ip: '192.168.25.148', os.name: 'Windows 8.1', os.arch: 'amd64', os.version: '6.3', java.version: '1.8.0_102'
Driver info: com.kms.katalon.selenium.driver.CChromeDriver
Capabilities {acceptInsecureCerts: false, acceptSslCerts: false, applicationCacheEnabled: false, browserConnectionEnabled: false, browserName: chrome, chrome: {chromedriverVersion: 2.35.528161 (5b82f2d2aae0ca..., userDataDir: C:\Users\dikshita\AppData\L...}, cssSelectorsEnabled: true, databaseEnabled: false, handlesAlerts: true, hasTouchScreen: false, javascriptEnabled: true, locationContextEnabled: true, mobileEmulationEnabled: false, nativeEvents: true, networkConnectionEnabled: false, pageLoadStrategy: normal, platform: XP, platformName: XP, rotatable: false, setWindowRect: true, takesHeapSnapshot: true, takesScreenshot: true, unexpectedAlertBehaviour: , unhandledPromptBehavior: , version: 65.0.3325.181, webStorageEnabled: true}
Session ID: bfb8662786bdc2293960657763ce040b)

2018-03-29 12:52:20 - [MESSAGE][FAILED] - Unable to set text 'Automation' of object 'Object Repository/Settings/ServerName' (Root cause: org.openqa.selenium.InvalidElementStateException: invalid element state: Element is not currently interactable and may not be manipulated
  (Session info: chrome=65.0.3325.181)
  (Driver info: chromedriver=2.35.528161 (5b82f2d2aae0ca24b877009200ced9065a772e73),platform=Windows NT 6.3.9600 x86_64) (WARNING: The server did not provide any stacktrace information)
Command duration or timeout: 0 milliseconds
Build info: version: '3.7.1', revision: '8a0099a', time: '2017-11-06T21:07:36.161Z'
System info: host: 'RSSPL27', ip: '192.168.25.148', os.name: 'Windows 8.1', os.arch: 'amd64', os.version: '6.3', java.version: '1.8.0_102'
Driver info: com.kms.katalon.selenium.driver.CChromeDriver
Capabilities {acceptInsecureCerts: false, acceptSslCerts: false, applicationCacheEnabled: false, browserConnectionEnabled: false, browserName: chrome, chrome: {chromedriverVersion: 2.35.528161 (5b82f2d2aae0ca..., userDataDir: C:\Users\dikshita\AppData\L...}, cssSelectorsEnabled: true, databaseEnabled: false, handlesAlerts: true, hasTouchScreen: false, javascriptEnabled: true, locationContextEnabled: true, mobileEmulationEnabled: false, nativeEvents: true, networkConnectionEnabled: false, pageLoadStrategy: normal, platform: XP, platformName: XP, rotatable: false, setWindowRect: true, takesHeapSnapshot: true, takesScreenshot: true, unexpectedAlertBehaviour: , unhandledPromptBehavior: , version: 65.0.3325.181, webStorageEnabled: true}
Session ID: bfb8662786bdc2293960657763ce040b)
[[ATTACHMENT|C:\\Users\\dikshita\\git\\imscanredev\\Reports\\SMOKE_TESTCASES\\20180329_124950\\1522308140629.png]]

2018-03-29 12:52:20 - [TEST_STEP][PASSED] - Start listener action : AfterTestCaseCloseBrowser: Browser is closed

2018-03-29 12:52:20 - [TEST_STEP][PASSED] - closeBrowser: Browser is closed

2018-03-29 12:52:21 - [MESSAGE][PASSED] - Browser is closed]]></system-out>
         <system-err><![CDATA[2018-03-29 12:52:11 - [TEST_CASE][FAILED] - Test Cases/TC-62: Test Cases/TC-62 FAILED because (of) Unable to set text 'Automation' of object 'Object Repository/Settings/ServerName' (Root cause: org.openqa.selenium.InvalidElementStateException: invalid element state: Element is not currently interactable and may not be manipulated
  (Session info: chrome=65.0.3325.181)
  (Driver info: chromedriver=2.35.528161 (5b82f2d2aae0ca24b877009200ced9065a772e73),platform=Windows NT 6.3.9600 x86_64) (WARNING: The server did not provide any stacktrace information)
Command duration or timeout: 0 milliseconds
Build info: version: '3.7.1', revision: '8a0099a', time: '2017-11-06T21:07:36.161Z'
System info: host: 'RSSPL27', ip: '192.168.25.148', os.name: 'Windows 8.1', os.arch: 'amd64', os.version: '6.3', java.version: '1.8.0_102'
Driver info: com.kms.katalon.selenium.driver.CChromeDriver
Capabilities {acceptInsecureCerts: false, acceptSslCerts: false, applicationCacheEnabled: false, browserConnectionEnabled: false, browserName: chrome, chrome: {chromedriverVersion: 2.35.528161 (5b82f2d2aae0ca..., userDataDir: C:\Users\dikshita\AppData\L...}, cssSelectorsEnabled: true, databaseEnabled: false, handlesAlerts: true, hasTouchScreen: false, javascriptEnabled: true, locationContextEnabled: true, mobileEmulationEnabled: false, nativeEvents: true, networkConnectionEnabled: false, pageLoadStrategy: normal, platform: XP, platformName: XP, rotatable: false, setWindowRect: true, takesHeapSnapshot: true, takesScreenshot: true, unexpectedAlertBehaviour: , unhandledPromptBehavior: , version: 65.0.3325.181, webStorageEnabled: true}
Session ID: bfb8662786bdc2293960657763ce040b)]]></system-err>
      </testcase>
      <testcase name="Test Cases/TC-86" classname="Test Cases/TC-86" status="PASSED">
         <system-out><![CDATA[2018-03-29 12:52:21 - [TEST_CASE][PASSED] - Test Cases/TC-86: Browser is closed

2018-03-29 12:52:21 - [TEST_STEP][PASSED] - Start listener action : BeforeTestCaseOpenBrowser: Invoke 'com.kms.katalon.core.annotation.BeforeTestCase' method: 'ImScan.BeforeTestCaseOpenBrowser(...)' completed.

2018-03-29 12:52:21 - [TEST_STEP][PASSED] - openBrowser: Browser is opened with url: 'http://rsspl51/CSSIMSCANUI/Login/Index'

2018-03-29 12:52:25 - [MESSAGE][PASSED] - Browser is opened with url: 'http://rsspl51/CSSIMSCANUI/Login/Index'

2018-03-29 12:52:25 - [TEST_STEP][PASSED] - maximizeWindow: Current window maximized

2018-03-29 12:52:26 - [MESSAGE][PASSED] - Current window maximized

2018-03-29 12:52:26 - [TEST_STEP][PASSED] - Statement - TestID = testCaseContext.getTestCaseId(): null

2018-03-29 12:52:26 - [TEST_STEP][PASSED] - Statement - println(TestID): Invoke 'com.kms.katalon.core.annotation.BeforeTestCase' method: 'ImScan.BeforeTestCaseOpenBrowser(...)' completed.

2018-03-29 12:52:26 - [TEST_STEP][PASSED] - setText: Text 'Dixita' is set on object 'Object Repository/Login/Page_IMSCAN/input_UserName'

2018-03-29 12:52:26 - [MESSAGE][PASSED] - Text 'Dixita' is set on object 'Object Repository/Login/Page_IMSCAN/input_UserName'

2018-03-29 12:52:26 - [TEST_STEP][PASSED] - setText: Text 'Dixita456' is set on object 'Object Repository/Login/Page_IMSCAN/input_Password'

2018-03-29 12:52:26 - [MESSAGE][PASSED] - Text 'Dixita456' is set on object 'Object Repository/Login/Page_IMSCAN/input_Password'

2018-03-29 12:52:26 - [TEST_STEP][PASSED] - click: Object: 'Object Repository/Login/Page_IMSCAN/button_Login' is clicked on

2018-03-29 12:52:26 - [MESSAGE][PASSED] - Object: 'Object Repository/Login/Page_IMSCAN/button_Login' is clicked on

2018-03-29 12:52:26 - [TEST_STEP][PASSED] - click: Object: 'Object Repository/Settings/ClickOnSettings' is clicked on

2018-03-29 12:52:27 - [MESSAGE][PASSED] - Object: 'Object Repository/Settings/ClickOnSettings' is clicked on

2018-03-29 12:52:27 - [TEST_STEP][PASSED] - click: Object: 'Object Repository/Settings/ClickOnSMTPsettings' is clicked on

2018-03-29 12:52:27 - [MESSAGE][PASSED] - Object: 'Object Repository/Settings/ClickOnSMTPsettings' is clicked on

2018-03-29 12:52:27 - [TEST_STEP][PASSED] - click: Object: 'Object Repository/Settings/AddSMTPsettings' is clicked on

2018-03-29 12:52:28 - [MESSAGE][PASSED] - Object: 'Object Repository/Settings/AddSMTPsettings' is clicked on

2018-03-29 12:52:28 - [TEST_STEP][PASSED] - focus: Object: 'Object Repository/Settings/AddSMTPPopup' is focused

2018-03-29 12:52:28 - [MESSAGE][PASSED] - Object: 'Object Repository/Settings/AddSMTPPopup' is focused

2018-03-29 12:52:28 - [TEST_STEP][PASSED] - delay: Delayed 3 second(s)

2018-03-29 12:52:31 - [MESSAGE][PASSED] - Delayed 3 second(s)

2018-03-29 12:52:31 - [TEST_STEP][PASSED] - setText: Text '1' is set on object 'Object Repository/Settings/IncomingServerName'

2018-03-29 12:52:31 - [MESSAGE][PASSED] - Text '1' is set on object 'Object Repository/Settings/IncomingServerName'

2018-03-29 12:52:31 - [TEST_STEP][PASSED] - setText: Text '1' is set on object 'Object Repository/Settings/OutgoingServerName'

2018-03-29 12:52:32 - [MESSAGE][PASSED] - Text '1' is set on object 'Object Repository/Settings/OutgoingServerName'

2018-03-29 12:52:32 - [TEST_STEP][PASSED] - setText: Text '1' is set on object 'Object Repository/Settings/IncomingIncrytionMethod'

2018-03-29 12:52:32 - [MESSAGE][PASSED] - Text '1' is set on object 'Object Repository/Settings/IncomingIncrytionMethod'

2018-03-29 12:52:32 - [TEST_STEP][PASSED] - setText: Text '1' is set on object 'Object Repository/Settings/OutgoingIncryptionMethod'

2018-03-29 12:52:32 - [MESSAGE][PASSED] - Text '1' is set on object 'Object Repository/Settings/OutgoingIncryptionMethod'

2018-03-29 12:52:32 - [TEST_STEP][PASSED] - setText: Text 'DummyName' is set on object 'Object Repository/Settings/UserName'

2018-03-29 12:52:32 - [MESSAGE][PASSED] - Text 'DummyName' is set on object 'Object Repository/Settings/UserName'

2018-03-29 12:52:32 - [TEST_STEP][PASSED] - setText: Text '123' is set on object 'Object Repository/Settings/Password'

2018-03-29 12:52:32 - [MESSAGE][PASSED] - Text '123' is set on object 'Object Repository/Settings/Password'

2018-03-29 12:52:32 - [TEST_STEP][PASSED] - click: Object: 'Object Repository/Settings/SaveButton' is clicked on

2018-03-29 12:52:32 - [MESSAGE][PASSED] - Object: 'Object Repository/Settings/SaveButton' is clicked on

2018-03-29 12:52:32 - [TEST_STEP][PASSED] - Start listener action : AfterTestCaseCloseBrowser: Browser is closed

2018-03-29 12:52:32 - [TEST_STEP][PASSED] - closeBrowser: Browser is closed

2018-03-29 12:52:33 - [MESSAGE][PASSED] - Browser is closed]]></system-out>
         <system-err><![CDATA[]]></system-err>
      </testcase>
      <testcase name="Test Cases/TC-68" classname="Test Cases/TC-68" status="PASSED">
         <system-out><![CDATA[2018-03-29 12:52:33 - [TEST_CASE][PASSED] - Test Cases/TC-68: Browser is closed

2018-03-29 12:52:33 - [TEST_STEP][PASSED] - Start listener action : BeforeTestCaseOpenBrowser: Invoke 'com.kms.katalon.core.annotation.BeforeTestCase' method: 'ImScan.BeforeTestCaseOpenBrowser(...)' completed.

2018-03-29 12:52:33 - [TEST_STEP][PASSED] - openBrowser: Browser is opened with url: 'http://rsspl51/CSSIMSCANUI/Login/Index'

2018-03-29 12:52:36 - [MESSAGE][PASSED] - Browser is opened with url: 'http://rsspl51/CSSIMSCANUI/Login/Index'

2018-03-29 12:52:36 - [TEST_STEP][PASSED] - maximizeWindow: Current window maximized

2018-03-29 12:52:37 - [MESSAGE][PASSED] - Current window maximized

2018-03-29 12:52:37 - [TEST_STEP][PASSED] - Statement - TestID = testCaseContext.getTestCaseId(): null

2018-03-29 12:52:37 - [TEST_STEP][PASSED] - Statement - println(TestID): Invoke 'com.kms.katalon.core.annotation.BeforeTestCase' method: 'ImScan.BeforeTestCaseOpenBrowser(...)' completed.

2018-03-29 12:52:37 - [TEST_STEP][PASSED] - setText: Text 'Dixita' is set on object 'Object Repository/Login/Page_IMSCAN/input_UserName'

2018-03-29 12:52:37 - [MESSAGE][PASSED] - Text 'Dixita' is set on object 'Object Repository/Login/Page_IMSCAN/input_UserName'

2018-03-29 12:52:37 - [TEST_STEP][PASSED] - setText: Text 'Dixita456' is set on object 'Object Repository/Login/Page_IMSCAN/input_Password'

2018-03-29 12:52:37 - [MESSAGE][PASSED] - Text 'Dixita456' is set on object 'Object Repository/Login/Page_IMSCAN/input_Password'

2018-03-29 12:52:37 - [TEST_STEP][PASSED] - click: Object: 'Object Repository/Login/Page_IMSCAN/button_Login' is clicked on

2018-03-29 12:52:37 - [MESSAGE][PASSED] - Object: 'Object Repository/Login/Page_IMSCAN/button_Login' is clicked on

2018-03-29 12:52:37 - [TEST_STEP][PASSED] - click: Object: 'Object Repository/Settings/ClickOnSettings' is clicked on

2018-03-29 12:52:38 - [MESSAGE][PASSED] - Object: 'Object Repository/Settings/ClickOnSettings' is clicked on

2018-03-29 12:52:38 - [TEST_STEP][PASSED] - click: Object: 'Object Repository/Settings/ClickOnDatabaseConnections' is clicked on

2018-03-29 12:52:39 - [MESSAGE][PASSED] - Object: 'Object Repository/Settings/ClickOnDatabaseConnections' is clicked on

2018-03-29 12:52:39 - [TEST_STEP][PASSED] - focus: Object: 'Object Repository/Settings/RecentDBconnected' is focused

2018-03-29 12:52:39 - [MESSAGE][PASSED] - Object: 'Object Repository/Settings/RecentDBconnected' is focused

2018-03-29 12:52:39 - [TEST_STEP][PASSED] - click: Object: 'Object Repository/Settings/RecentDBconnected' is clicked on

2018-03-29 12:52:39 - [MESSAGE][PASSED] - Object: 'Object Repository/Settings/RecentDBconnected' is clicked on

2018-03-29 12:52:39 - [TEST_STEP][PASSED] - delay: Delayed 3 second(s)

2018-03-29 12:52:42 - [MESSAGE][PASSED] - Delayed 3 second(s)

2018-03-29 12:52:42 - [TEST_STEP][PASSED] - Statement - Try: null

2018-03-29 12:52:42 - [TEST_STEP][PASSED] - click: Object: 'Object Repository/Settings/TestConnectionIcon' is clicked on

2018-03-29 12:52:43 - [MESSAGE][PASSED] - Object: 'Object Repository/Settings/TestConnectionIcon' is clicked on

2018-03-29 12:52:43 - [TEST_STEP][PASSED] - Statement - If (com.kms.katalon.core.webui.keyword.WebUiBuiltInKeywords.verifyElementPresent(com.kms.katalon.core.testobject.ObjectRepository.findTestObject(Object Repository/Settings/PassTestConnection, 2))): null

2018-03-29 12:52:43 - [TEST_STEP][PASSED] - Statement - Catch (Exception e): null

2018-03-29 12:52:43 - [TEST_STEP][PASSED] - Start listener action : AfterTestCaseCloseBrowser: Browser is closed

2018-03-29 12:52:43 - [TEST_STEP][PASSED] - closeBrowser: Browser is closed

2018-03-29 12:52:43 - [MESSAGE][PASSED] - Browser is closed]]></system-out>
         <system-err><![CDATA[]]></system-err>
      </testcase>
      <testcase name="Test Cases/TC-164" classname="Test Cases/TC-164" status="PASSED">
         <system-out><![CDATA[2018-03-29 12:52:43 - [TEST_CASE][PASSED] - Test Cases/TC-164: Browser is closed

2018-03-29 12:52:43 - [TEST_STEP][PASSED] - Start listener action : BeforeTestCaseOpenBrowser: Invoke 'com.kms.katalon.core.annotation.BeforeTestCase' method: 'ImScan.BeforeTestCaseOpenBrowser(...)' completed.

2018-03-29 12:52:43 - [TEST_STEP][PASSED] - openBrowser: Browser is opened with url: 'http://rsspl51/CSSIMSCANUI/Login/Index'

2018-03-29 12:52:46 - [MESSAGE][PASSED] - Browser is opened with url: 'http://rsspl51/CSSIMSCANUI/Login/Index'

2018-03-29 12:52:46 - [TEST_STEP][PASSED] - maximizeWindow: Current window maximized

2018-03-29 12:52:47 - [MESSAGE][PASSED] - Current window maximized

2018-03-29 12:52:47 - [TEST_STEP][PASSED] - Statement - TestID = testCaseContext.getTestCaseId(): null

2018-03-29 12:52:47 - [TEST_STEP][PASSED] - Statement - println(TestID): Invoke 'com.kms.katalon.core.annotation.BeforeTestCase' method: 'ImScan.BeforeTestCaseOpenBrowser(...)' completed.

2018-03-29 12:52:47 - [TEST_STEP][PASSED] - setText: Text 'Dixita' is set on object 'Object Repository/Login/Page_IMSCAN/input_UserName'

2018-03-29 12:52:48 - [MESSAGE][PASSED] - Text 'Dixita' is set on object 'Object Repository/Login/Page_IMSCAN/input_UserName'

2018-03-29 12:52:48 - [TEST_STEP][PASSED] - setText: Text 'Dixita456' is set on object 'Object Repository/Login/Page_IMSCAN/input_Password'

2018-03-29 12:52:48 - [MESSAGE][PASSED] - Text 'Dixita456' is set on object 'Object Repository/Login/Page_IMSCAN/input_Password'

2018-03-29 12:52:48 - [TEST_STEP][PASSED] - click: Object: 'Object Repository/Login/Page_IMSCAN/button_Login' is clicked on

2018-03-29 12:52:48 - [MESSAGE][PASSED] - Object: 'Object Repository/Login/Page_IMSCAN/button_Login' is clicked on

2018-03-29 12:52:48 - [TEST_STEP][PASSED] - delay: Delayed 3 second(s)

2018-03-29 12:52:51 - [MESSAGE][PASSED] - Delayed 3 second(s)

2018-03-29 12:52:51 - [TEST_STEP][PASSED] - click: Object: 'Object Repository/Settings/ClickOnSettings' is clicked on

2018-03-29 12:52:51 - [MESSAGE][PASSED] - Object: 'Object Repository/Settings/ClickOnSettings' is clicked on

2018-03-29 12:52:51 - [TEST_STEP][PASSED] - delay: Delayed 3 second(s)

2018-03-29 12:52:54 - [MESSAGE][PASSED] - Delayed 3 second(s)

2018-03-29 12:52:54 - [TEST_STEP][PASSED] - click: Object: 'Object Repository/Settings/ClickOnEmailFormat' is clicked on

2018-03-29 12:52:54 - [MESSAGE][PASSED] - Object: 'Object Repository/Settings/ClickOnEmailFormat' is clicked on

2018-03-29 12:52:54 - [TEST_STEP][PASSED] - click: Object: 'Object Repository/Settings/AddEmailFormat' is clicked on

2018-03-29 12:52:57 - [MESSAGE][PASSED] - Object: 'Object Repository/Settings/AddEmailFormat' is clicked on

2018-03-29 12:52:57 - [TEST_STEP][PASSED] - focus: Object: 'Object Repository/Settings/EmailFormatPopup' is focused

2018-03-29 12:52:57 - [MESSAGE][PASSED] - Object: 'Object Repository/Settings/EmailFormatPopup' is focused

2018-03-29 12:52:57 - [TEST_STEP][PASSED] - delay: Delayed 3 second(s)

2018-03-29 12:53:00 - [MESSAGE][PASSED] - Delayed 3 second(s)

2018-03-29 12:53:00 - [TEST_STEP][PASSED] - setText: Text 'test' is set on object 'Object Repository/Settings/TypeEmail'

2018-03-29 12:53:01 - [MESSAGE][PASSED] - Text 'test' is set on object 'Object Repository/Settings/TypeEmail'

2018-03-29 12:53:01 - [TEST_STEP][PASSED] - setText: Text 'test' is set on object 'Object Repository/Settings/Subject'

2018-03-29 12:53:01 - [MESSAGE][PASSED] - Text 'test' is set on object 'Object Repository/Settings/Subject'

2018-03-29 12:53:01 - [TEST_STEP][PASSED] - switchToFrame: Switched to iframe: 'Object Repository/Settings/FrameForbody'

2018-03-29 12:53:01 - [TEST_STEP][PASSED] - focus: Object: 'Object Repository/Settings/Body' is focused

2018-03-29 12:53:01 - [MESSAGE][PASSED] - Object: 'Object Repository/Settings/Body' is focused

2018-03-29 12:53:01 - [TEST_STEP][PASSED] - setText: Text 'hello' is set on object 'Object Repository/Settings/Body'

2018-03-29 12:53:01 - [MESSAGE][PASSED] - Text 'hello' is set on object 'Object Repository/Settings/Body'

2018-03-29 12:53:01 - [TEST_STEP][PASSED] - switchToDefaultContent: Switching to default content

2018-03-29 12:53:01 - [TEST_STEP][PASSED] - click: Object: 'Object Repository/Settings/SaveButton' is clicked on

2018-03-29 12:53:01 - [MESSAGE][PASSED] - Object: 'Object Repository/Settings/SaveButton' is clicked on

2018-03-29 12:53:01 - [TEST_STEP][PASSED] - Start listener action : AfterTestCaseCloseBrowser: Browser is closed

2018-03-29 12:53:01 - [TEST_STEP][PASSED] - closeBrowser: Browser is closed

2018-03-29 12:53:02 - [MESSAGE][PASSED] - Browser is closed]]></system-out>
         <system-err><![CDATA[]]></system-err>
      </testcase>
      <testcase name="Test Cases/TC-143_Login_ValidLogin" classname="Test Cases/TC-143_Login_ValidLogin" status="PASSED">
         <system-out><![CDATA[2018-03-29 12:53:02 - [TEST_CASE][PASSED] - Test Cases/TC-143_Login_ValidLogin: Browser is closed

2018-03-29 12:53:02 - [TEST_STEP][PASSED] - Start listener action : BeforeTestCaseOpenBrowser: Invoke 'com.kms.katalon.core.annotation.BeforeTestCase' method: 'ImScan.BeforeTestCaseOpenBrowser(...)' completed.

2018-03-29 12:53:02 - [TEST_STEP][PASSED] - openBrowser: Browser is opened with url: 'http://rsspl51/CSSIMSCANUI/Login/Index'

2018-03-29 12:53:05 - [MESSAGE][PASSED] - Browser is opened with url: 'http://rsspl51/CSSIMSCANUI/Login/Index'

2018-03-29 12:53:05 - [TEST_STEP][PASSED] - maximizeWindow: Current window maximized

2018-03-29 12:53:06 - [MESSAGE][PASSED] - Current window maximized

2018-03-29 12:53:06 - [TEST_STEP][PASSED] - Statement - TestID = testCaseContext.getTestCaseId(): null

2018-03-29 12:53:06 - [TEST_STEP][PASSED] - Statement - println(TestID): Invoke 'com.kms.katalon.core.annotation.BeforeTestCase' method: 'ImScan.BeforeTestCaseOpenBrowser(...)' completed.

2018-03-29 12:53:06 - [TEST_STEP][PASSED] - setText: Text 'Dixita' is set on object 'Object Repository/Login/Page_IMSCAN/input_UserName'

2018-03-29 12:53:06 - [MESSAGE][PASSED] - Text 'Dixita' is set on object 'Object Repository/Login/Page_IMSCAN/input_UserName'

2018-03-29 12:53:06 - [TEST_STEP][PASSED] - setText: Text 'Dixita456' is set on object 'Object Repository/Login/Page_IMSCAN/input_Password'

2018-03-29 12:53:06 - [MESSAGE][PASSED] - Text 'Dixita456' is set on object 'Object Repository/Login/Page_IMSCAN/input_Password'

2018-03-29 12:53:06 - [TEST_STEP][PASSED] - click: Object: 'Object Repository/Login/Page_IMSCAN/button_Login' is clicked on

2018-03-29 12:53:06 - [MESSAGE][PASSED] - Object: 'Object Repository/Login/Page_IMSCAN/button_Login' is clicked on

2018-03-29 12:53:06 - [TEST_STEP][PASSED] - click: Object: 'Object Repository/Login/Page_IMSCAN - EDoc System/div_Home' is clicked on

2018-03-29 12:53:07 - [MESSAGE][PASSED] - Object: 'Object Repository/Login/Page_IMSCAN - EDoc System/div_Home' is clicked on

2018-03-29 12:53:07 - [TEST_STEP][PASSED] - Start listener action : AfterTestCaseCloseBrowser: Browser is closed

2018-03-29 12:53:07 - [TEST_STEP][PASSED] - closeBrowser: Browser is closed

2018-03-29 12:53:08 - [MESSAGE][PASSED] - Browser is closed]]></system-out>
         <system-err><![CDATA[]]></system-err>
      </testcase>
      <testcase name="Test Cases/TC-145_Login_InvalidLogin" classname="Test Cases/TC-145_Login_InvalidLogin" status="PASSED">
         <system-out><![CDATA[2018-03-29 12:53:08 - [TEST_CASE][PASSED] - Test Cases/TC-145_Login_InvalidLogin: Browser is closed

2018-03-29 12:53:08 - [TEST_STEP][PASSED] - Start listener action : BeforeTestCaseOpenBrowser: Invoke 'com.kms.katalon.core.annotation.BeforeTestCase' method: 'ImScan.BeforeTestCaseOpenBrowser(...)' completed.

2018-03-29 12:53:08 - [TEST_STEP][PASSED] - openBrowser: Browser is opened with url: 'http://rsspl51/CSSIMSCANUI/Login/Index'

2018-03-29 12:53:11 - [MESSAGE][PASSED] - Browser is opened with url: 'http://rsspl51/CSSIMSCANUI/Login/Index'

2018-03-29 12:53:11 - [TEST_STEP][PASSED] - maximizeWindow: Current window maximized

2018-03-29 12:53:12 - [MESSAGE][PASSED] - Current window maximized

2018-03-29 12:53:12 - [TEST_STEP][PASSED] - Statement - TestID = testCaseContext.getTestCaseId(): null

2018-03-29 12:53:12 - [TEST_STEP][PASSED] - Statement - println(TestID): Invoke 'com.kms.katalon.core.annotation.BeforeTestCase' method: 'ImScan.BeforeTestCaseOpenBrowser(...)' completed.

2018-03-29 12:53:12 - [TEST_STEP][PASSED] - setText: Text 'Dixita' is set on object 'Object Repository/Login/Page_IMSCAN/input_UserName'

2018-03-29 12:53:12 - [MESSAGE][PASSED] - Text 'Dixita' is set on object 'Object Repository/Login/Page_IMSCAN/input_UserName'

2018-03-29 12:53:12 - [TEST_STEP][PASSED] - setText: Text 'Dixita123' is set on object 'Object Repository/Login/Page_IMSCAN/input_Password'

2018-03-29 12:53:12 - [MESSAGE][PASSED] - Text 'Dixita123' is set on object 'Object Repository/Login/Page_IMSCAN/input_Password'

2018-03-29 12:53:12 - [TEST_STEP][PASSED] - click: Object: 'Object Repository/Login/Page_IMSCAN/button_Login' is clicked on

2018-03-29 12:53:12 - [MESSAGE][PASSED] - Object: 'Object Repository/Login/Page_IMSCAN/button_Login' is clicked on

2018-03-29 12:53:12 - [TEST_STEP][PASSED] - Start listener action : AfterTestCaseCloseBrowser: Browser is closed

2018-03-29 12:53:12 - [TEST_STEP][PASSED] - closeBrowser: Browser is closed

2018-03-29 12:53:13 - [MESSAGE][PASSED] - Browser is closed]]></system-out>
         <system-err><![CDATA[]]></system-err>
      </testcase>
      <system-out><![CDATA[2018-03-29 12:49:53 - [TEST_SUITE][FAILED] - SMOKE_TESTCASES: Test Cases/TC-18_Create_New_Role FAILED because (of) Unable to click on object 'Object Repository/Create_New_Role/Page_IMSCAN - Edocs/span_Kapoor' (Root cause: org.openqa.selenium.WebDriverException: unknown error: Element <span data-toggle="tooltip" title="...">Tina Kapoor</span> is not clickable at point (147, 174). Other element would receive the click: <div id="roleContentForm" class="modal fade in" role="dialog" style="display: block;">...</div>
  (Session info: chrome=65.0.3325.181)
  (Driver info: chromedriver=2.35.528161 (5b82f2d2aae0ca24b877009200ced9065a772e73),platform=Windows NT 6.3.9600 x86_64) (WARNING: The server did not provide any stacktrace information)
Command duration or timeout: 0 milliseconds
Build info: version: '3.7.1', revision: '8a0099a', time: '2017-11-06T21:07:36.161Z'
System info: host: 'RSSPL27', ip: '192.168.25.148', os.name: 'Windows 8.1', os.arch: 'amd64', os.version: '6.3', java.version: '1.8.0_102'
Driver info: com.kms.katalon.selenium.driver.CChromeDriver
Capabilities {acceptInsecureCerts: false, acceptSslCerts: false, applicationCacheEnabled: false, browserConnectionEnabled: false, browserName: chrome, chrome: {chromedriverVersion: 2.35.528161 (5b82f2d2aae0ca..., userDataDir: C:\Users\dikshita\AppData\L...}, cssSelectorsEnabled: true, databaseEnabled: false, handlesAlerts: true, hasTouchScreen: false, javascriptEnabled: true, locationContextEnabled: true, mobileEmulationEnabled: false, nativeEvents: true, networkConnectionEnabled: false, pageLoadStrategy: normal, platform: XP, platformName: XP, rotatable: false, setWindowRect: true, takesHeapSnapshot: true, takesScreenshot: true, unexpectedAlertBehaviour: , unhandledPromptBehavior: , version: 65.0.3325.181, webStorageEnabled: true}
Session ID: 31058d0e694f9a435c2c882c9d21a7b7)]]></system-out>
      <system-err><![CDATA[2018-03-29 12:49:53 - [TEST_SUITE][FAILED] - SMOKE_TESTCASES: Test Cases/TC-18_Create_New_Role FAILED because (of) Unable to click on object 'Object Repository/Create_New_Role/Page_IMSCAN - Edocs/span_Kapoor' (Root cause: org.openqa.selenium.WebDriverException: unknown error: Element <span data-toggle="tooltip" title="...">Tina Kapoor</span> is not clickable at point (147, 174). Other element would receive the click: <div id="roleContentForm" class="modal fade in" role="dialog" style="display: block;">...</div>
  (Session info: chrome=65.0.3325.181)
  (Driver info: chromedriver=2.35.528161 (5b82f2d2aae0ca24b877009200ced9065a772e73),platform=Windows NT 6.3.9600 x86_64) (WARNING: The server did not provide any stacktrace information)
Command duration or timeout: 0 milliseconds
Build info: version: '3.7.1', revision: '8a0099a', time: '2017-11-06T21:07:36.161Z'
System info: host: 'RSSPL27', ip: '192.168.25.148', os.name: 'Windows 8.1', os.arch: 'amd64', os.version: '6.3', java.version: '1.8.0_102'
Driver info: com.kms.katalon.selenium.driver.CChromeDriver
Capabilities {acceptInsecureCerts: false, acceptSslCerts: false, applicationCacheEnabled: false, browserConnectionEnabled: false, browserName: chrome, chrome: {chromedriverVersion: 2.35.528161 (5b82f2d2aae0ca..., userDataDir: C:\Users\dikshita\AppData\L...}, cssSelectorsEnabled: true, databaseEnabled: false, handlesAlerts: true, hasTouchScreen: false, javascriptEnabled: true, locationContextEnabled: true, mobileEmulationEnabled: false, nativeEvents: true, networkConnectionEnabled: false, pageLoadStrategy: normal, platform: XP, platformName: XP, rotatable: false, setWindowRect: true, takesHeapSnapshot: true, takesScreenshot: true, unexpectedAlertBehaviour: , unhandledPromptBehavior: , version: 65.0.3325.181, webStorageEnabled: true}
Session ID: 31058d0e694f9a435c2c882c9d21a7b7)]]></system-err>
   </testsuite>
</testsuites>
